#! c:/iverilog-x86/bin/vvp
:ivl_version "10.0 (stable)" "(v10_0)";
:ivl_delay_selection "TYPICAL";
:vpi_time_precision - 12;
:vpi_module "system";
:vpi_module "vhdl_sys";
:vpi_module "v2005_math";
:vpi_module "va_math";
S_00a3bf20 .scope module, "tb_BlockChecker" "tb_BlockChecker" 2 3;
 .timescale -9 -12;
P_02c752c8 .param/l "PERIOD" 0 2 6, +C4<00000000000000000000000000001010>;
v02c853d8_0 .var "clk", 0 0;
v00a33800_0 .var "in", 7 0;
v00a33858_0 .var "reset", 0 0;
v00a338b0_0 .net "result", 0 0, v02c852d0_0;  1 drivers
S_02c73890 .scope module, "u_BlockChecker" "BlockChecker" 2 19, 3 1 0, S_00a3bf20;
 .timescale -9 -12;
    .port_info 0 /INPUT 1 "clk"
    .port_info 1 /INPUT 1 "reset"
    .port_info 2 /INPUT 8 "in"
    .port_info 3 /OUTPUT 1 "result"
v00a3ef78_0 .net "clk", 0 0, v02c853d8_0;  1 drivers
v02c73aa0_0 .net "in", 7 0, v00a33800_0;  1 drivers
v02c73af8_0 .var/i "j", 31 0;
v02c73b50_0 .var "next_word", 55 0;
v02c85278_0 .net "reset", 0 0, v00a33858_0;  1 drivers
v02c852d0_0 .var "result", 0 0;
v02c85328_0 .var "temp", 7 0;
v02c85380_0 .var "word", 55 0;
E_02c751d8 .event posedge, v02c85278_0, v00a3ef78_0;
E_02c75138 .event edge, v02c73aa0_0, v02c85380_0, v02c85328_0;
    .scope S_02c73890;
T_0 ;
    %pushi/vec4 0, 0, 32;
    %store/vec4 v02c73af8_0, 0, 32;
    %end;
    .thread T_0;
    .scope S_02c73890;
T_1 ;
    %wait E_02c75138;
    %pushi/vec4 65, 0, 8; draw_string_vec4
    %load/vec4 v02c73aa0_0;
    %cmp/u;
    %flag_get/vec4 4;
    %flag_get/vec4 5;
    %or;
    %load/vec4 v02c73aa0_0;
    %pushi/vec4 90, 0, 8; draw_string_vec4
    %cmp/u;
    %flag_get/vec4 4;
    %flag_get/vec4 5;
    %or;
    %and;
    %flag_set/vec4 8;
    %jmp/0xz  T_1.0, 8;
    %pushi/vec4 97, 0, 8; draw_string_vec4
    %load/vec4 v02c73aa0_0;
    %add;
    %pushi/vec4 65, 0, 8; draw_string_vec4
    %sub;
    %store/vec4 v02c85328_0, 0, 8;
    %jmp T_1.1;
T_1.0 ;
    %load/vec4 v02c73aa0_0;
    %store/vec4 v02c85328_0, 0, 8;
T_1.1 ;
    %load/vec4 v02c85380_0;
    %ix/load 4, 8, 0;
    %flag_set/imm 4, 0;
    %shiftl 4;
    %load/vec4 v02c85328_0;
    %pad/u 56;
    %add;
    %store/vec4 v02c73b50_0, 0, 56;
    %jmp T_1;
    .thread T_1, $push;
    .scope S_02c73890;
T_2 ;
    %wait E_02c751d8;
    %load/vec4 v02c85278_0;
    %pad/u 32;
    %cmpi/e 1, 0, 32;
    %jmp/0xz  T_2.0, 4;
    %pushi/vec4 32, 0, 56;
    %assign/vec4 v02c85380_0, 0;
    %pushi/vec4 0, 0, 32;
    %assign/vec4 v02c73af8_0, 0;
    %pushi/vec4 1, 0, 1;
    %assign/vec4 v02c852d0_0, 0;
    %jmp T_2.1;
T_2.0 ;
    %load/vec4 v02c73b50_0;
    %assign/vec4 v02c85380_0, 0;
    %load/vec4 v02c73b50_0;
    %parti/s 40, 0, 2;
    %pushi/vec4 1650812777, 0, 32; draw_string_vec4
    %pushi/vec4 110, 0, 8; draw_string_vec4
    %concat/vec4; draw_string_vec4
    %cmp/e;
    %flag_get/vec4 4;
    %pushi/vec4 97, 0, 8; draw_string_vec4
    %load/vec4 v02c73b50_0;
    %parti/s 8, 40, 7;
    %cmp/u;
    %flag_get/vec4 4;
    %flag_get/vec4 5;
    %or;
    %load/vec4 v02c73b50_0;
    %parti/s 8, 40, 7;
    %pushi/vec4 122, 0, 8; draw_string_vec4
    %cmp/u;
    %flag_get/vec4 4;
    %flag_get/vec4 5;
    %or;
    %and;
    %nor/r;
    %and;
    %flag_set/vec4 8;
    %jmp/0xz  T_2.2, 8;
    %pushi/vec4 0, 0, 32;
    %load/vec4 v02c73af8_0;
    %cmp/s;
    %flag_or 5, 4;
    %jmp/0xz  T_2.4, 5;
    %load/vec4 v02c73af8_0;
    %addi 1, 0, 32;
    %assign/vec4 v02c73af8_0, 0;
    %pushi/vec4 0, 0, 1;
    %assign/vec4 v02c852d0_0, 0;
T_2.4 ;
    %jmp T_2.3;
T_2.2 ;
    %pushi/vec4 97, 0, 8; draw_string_vec4
    %load/vec4 v02c73b50_0;
    %parti/s 8, 48, 7;
    %cmp/u;
    %flag_get/vec4 4;
    %flag_get/vec4 5;
    %or;
    %load/vec4 v02c73b50_0;
    %parti/s 8, 48, 7;
    %pushi/vec4 122, 0, 8; draw_string_vec4
    %cmp/u;
    %flag_get/vec4 4;
    %flag_get/vec4 5;
    %or;
    %and;
    %load/vec4 v02c73b50_0;
    %parti/s 40, 8, 5;
    %pushi/vec4 1650812777, 0, 32; draw_string_vec4
    %pushi/vec4 110, 0, 8; draw_string_vec4
    %concat/vec4; draw_string_vec4
    %cmp/e;
    %flag_get/vec4 4;
    %and;
    %flag_set/vec4 8;
    %jmp/0xz  T_2.6, 8;
    %load/vec4 v02c73af8_0;
    %assign/vec4 v02c73af8_0, 0;
    %jmp T_2.7;
T_2.6 ;
    %load/vec4 v02c73b50_0;
    %parti/s 40, 8, 5;
    %pushi/vec4 1650812777, 0, 32; draw_string_vec4
    %pushi/vec4 110, 0, 8; draw_string_vec4
    %concat/vec4; draw_string_vec4
    %cmp/e;
    %flag_get/vec4 4;
    %pushi/vec4 97, 0, 8; draw_string_vec4
    %load/vec4 v02c73b50_0;
    %parti/s 8, 0, 2;
    %cmp/u;
    %flag_get/vec4 4;
    %flag_get/vec4 5;
    %or;
    %and;
    %load/vec4 v02c73b50_0;
    %parti/s 8, 0, 2;
    %pushi/vec4 122, 0, 8; draw_string_vec4
    %cmp/u;
    %flag_get/vec4 4;
    %flag_get/vec4 5;
    %or;
    %and;
    %flag_set/vec4 8;
    %jmp/0xz  T_2.8, 8;
    %pushi/vec4 0, 0, 32;
    %load/vec4 v02c73af8_0;
    %cmp/s;
    %flag_or 5, 4;
    %jmp/0xz  T_2.10, 5;
    %load/vec4 v02c73af8_0;
    %subi 1, 0, 32;
    %assign/vec4 v02c73af8_0, 0;
    %load/vec4 v02c73af8_0;
    %cmpi/e 1, 0, 32;
    %flag_mov 8, 4;
    %jmp/0 T_2.12, 8;
    %pushi/vec4 1, 0, 2;
    %jmp/1 T_2.13, 8;
T_2.12 ; End of true expr.
    %pushi/vec4 0, 0, 2;
    %jmp/0 T_2.13, 8;
 ; End of false expr.
    %blend;
T_2.13;
    %pad/s 1;
    %assign/vec4 v02c852d0_0, 0;
T_2.10 ;
    %jmp T_2.9;
T_2.8 ;
    %load/vec4 v02c73b50_0;
    %parti/s 24, 0, 2;
    %pushi/vec4 6647396, 0, 24; draw_string_vec4
    %cmp/e;
    %flag_get/vec4 4;
    %pushi/vec4 97, 0, 8; draw_string_vec4
    %load/vec4 v02c73b50_0;
    %parti/s 8, 24, 6;
    %cmp/u;
    %flag_get/vec4 4;
    %flag_get/vec4 5;
    %or;
    %load/vec4 v02c73b50_0;
    %parti/s 8, 24, 6;
    %pushi/vec4 122, 0, 8; draw_string_vec4
    %cmp/u;
    %flag_get/vec4 4;
    %flag_get/vec4 5;
    %or;
    %and;
    %nor/r;
    %and;
    %flag_set/vec4 8;
    %jmp/0xz  T_2.14, 8;
    %load/vec4 v02c73af8_0;
    %subi 1, 0, 32;
    %assign/vec4 v02c73af8_0, 0;
    %load/vec4 v02c73af8_0;
    %cmpi/e 1, 0, 32;
    %flag_mov 8, 4;
    %jmp/0 T_2.16, 8;
    %pushi/vec4 1, 0, 2;
    %jmp/1 T_2.17, 8;
T_2.16 ; End of true expr.
    %pushi/vec4 0, 0, 2;
    %jmp/0 T_2.17, 8;
 ; End of false expr.
    %blend;
T_2.17;
    %pad/s 1;
    %assign/vec4 v02c852d0_0, 0;
    %jmp T_2.15;
T_2.14 ;
    %pushi/vec4 97, 0, 8; draw_string_vec4
    %load/vec4 v02c73b50_0;
    %parti/s 8, 32, 7;
    %cmp/u;
    %flag_get/vec4 4;
    %flag_get/vec4 5;
    %or;
    %load/vec4 v02c73b50_0;
    %parti/s 8, 32, 7;
    %pushi/vec4 122, 0, 8; draw_string_vec4
    %cmp/u;
    %flag_get/vec4 4;
    %flag_get/vec4 5;
    %or;
    %and;
    %load/vec4 v02c73b50_0;
    %parti/s 24, 8, 5;
    %pushi/vec4 6647396, 0, 24; draw_string_vec4
    %cmp/e;
    %flag_get/vec4 4;
    %and;
    %flag_set/vec4 8;
    %jmp/0xz  T_2.18, 8;
    %load/vec4 v02c73af8_0;
    %assign/vec4 v02c73af8_0, 0;
    %jmp T_2.19;
T_2.18 ;
    %load/vec4 v02c73b50_0;
    %parti/s 24, 8, 5;
    %pushi/vec4 6647396, 0, 24; draw_string_vec4
    %cmp/e;
    %flag_get/vec4 4;
    %pushi/vec4 97, 0, 8; draw_string_vec4
    %load/vec4 v02c73b50_0;
    %parti/s 8, 0, 2;
    %cmp/u;
    %flag_get/vec4 4;
    %flag_get/vec4 5;
    %or;
    %and;
    %load/vec4 v02c73b50_0;
    %parti/s 8, 0, 2;
    %pushi/vec4 122, 0, 8; draw_string_vec4
    %cmp/u;
    %flag_get/vec4 4;
    %flag_get/vec4 5;
    %or;
    %and;
    %flag_set/vec4 8;
    %jmp/0xz  T_2.20, 8;
    %load/vec4 v02c73af8_0;
    %addi 1, 0, 32;
    %assign/vec4 v02c73af8_0, 0;
    %load/vec4 v02c73af8_0;
    %cmpi/e 4294967295, 0, 32;
    %flag_mov 8, 4;
    %jmp/0 T_2.22, 8;
    %pushi/vec4 1, 0, 2;
    %jmp/1 T_2.23, 8;
T_2.22 ; End of true expr.
    %pushi/vec4 0, 0, 2;
    %jmp/0 T_2.23, 8;
 ; End of false expr.
    %blend;
T_2.23;
    %pad/s 1;
    %assign/vec4 v02c852d0_0, 0;
T_2.20 ;
T_2.19 ;
T_2.15 ;
T_2.9 ;
T_2.7 ;
T_2.3 ;
T_2.1 ;
    %jmp T_2;
    .thread T_2;
    .scope S_00a3bf20;
T_3 ;
    %pushi/vec4 0, 0, 1;
    %store/vec4 v02c853d8_0, 0, 1;
    %end;
    .thread T_3;
    .scope S_00a3bf20;
T_4 ;
    %pushi/vec4 0, 0, 1;
    %store/vec4 v00a33858_0, 0, 1;
    %end;
    .thread T_4;
    .scope S_00a3bf20;
T_5 ;
    %pushi/vec4 0, 0, 8;
    %store/vec4 v00a33800_0, 0, 8;
    %end;
    .thread T_5;
    .scope S_00a3bf20;
T_6 ;
    %delay 5000, 0;
    %load/vec4 v02c853d8_0;
    %inv;
    %store/vec4 v02c853d8_0, 0, 1;
    %jmp T_6;
    .thread T_6;
    .scope S_00a3bf20;
T_7 ;
    %vpi_call 2 29 "$dumpfile", "test.vcd" {0 0 0};
    %vpi_call 2 30 "$dumpvars" {0 0 0};
    %pushi/vec4 0, 0, 1;
    %store/vec4 v02c853d8_0, 0, 1;
    %pushi/vec4 1, 0, 1;
    %store/vec4 v00a33858_0, 0, 1;
    %pushi/vec4 44, 0, 8; draw_string_vec4
    %store/vec4 v00a33800_0, 0, 8;
    %delay 2000, 0;
    %pushi/vec4 0, 0, 1;
    %store/vec4 v00a33858_0, 0, 1;
    %delay 8000, 0;
    %pushi/vec4 101, 0, 8; draw_string_vec4
    %store/vec4 v00a33800_0, 0, 8;
    %delay 10000, 0;
    %pushi/vec4 110, 0, 8; draw_string_vec4
    %store/vec4 v00a33800_0, 0, 8;
    %delay 10000, 0;
    %pushi/vec4 100, 0, 8; draw_string_vec4
    %store/vec4 v00a33800_0, 0, 8;
    %delay 10000, 0;
    %pushi/vec4 100, 0, 8; draw_string_vec4
    %store/vec4 v00a33800_0, 0, 8;
    %delay 10000, 0;
    %pushi/vec4 101, 0, 8; draw_string_vec4
    %store/vec4 v00a33800_0, 0, 8;
    %delay 10000, 0;
    %pushi/vec4 110, 0, 8; draw_string_vec4
    %store/vec4 v00a33800_0, 0, 8;
    %delay 10000, 0;
    %pushi/vec4 100, 0, 8; draw_string_vec4
    %store/vec4 v00a33800_0, 0, 8;
    %delay 10000, 0;
    %pushi/vec4 115, 0, 8; draw_string_vec4
    %store/vec4 v00a33800_0, 0, 8;
    %delay 10000, 0;
    %pushi/vec4 32, 0, 8; draw_string_vec4
    %store/vec4 v00a33800_0, 0, 8;
    %delay 10000, 0;
    %pushi/vec4 66, 0, 8; draw_string_vec4
    %store/vec4 v00a33800_0, 0, 8;
    %delay 10000, 0;
    %pushi/vec4 69, 0, 8; draw_string_vec4
    %store/vec4 v00a33800_0, 0, 8;
    %delay 10000, 0;
    %pushi/vec4 103, 0, 8; draw_string_vec4
    %store/vec4 v00a33800_0, 0, 8;
    %delay 10000, 0;
    %pushi/vec4 73, 0, 8; draw_string_vec4
    %store/vec4 v00a33800_0, 0, 8;
    %delay 10000, 0;
    %pushi/vec4 110, 0, 8; draw_string_vec4
    %store/vec4 v00a33800_0, 0, 8;
    %delay 10000, 0;
    %pushi/vec4 46, 0, 8; draw_string_vec4
    %store/vec4 v00a33800_0, 0, 8;
    %delay 10000, 0;
    %pushi/vec4 66, 0, 8; draw_string_vec4
    %store/vec4 v00a33800_0, 0, 8;
    %delay 10000, 0;
    %pushi/vec4 69, 0, 8; draw_string_vec4
    %store/vec4 v00a33800_0, 0, 8;
    %delay 10000, 0;
    %pushi/vec4 103, 0, 8; draw_string_vec4
    %store/vec4 v00a33800_0, 0, 8;
    %delay 10000, 0;
    %pushi/vec4 73, 0, 8; draw_string_vec4
    %store/vec4 v00a33800_0, 0, 8;
    %delay 10000, 0;
    %pushi/vec4 110, 0, 8; draw_string_vec4
    %store/vec4 v00a33800_0, 0, 8;
    %delay 10000, 0;
    %pushi/vec4 46, 0, 8; draw_string_vec4
    %store/vec4 v00a33800_0, 0, 8;
    %delay 10000, 0;
    %pushi/vec4 69, 0, 8; draw_string_vec4
    %store/vec4 v00a33800_0, 0, 8;
    %delay 10000, 0;
    %pushi/vec4 110, 0, 8; draw_string_vec4
    %store/vec4 v00a33800_0, 0, 8;
    %delay 10000, 0;
    %pushi/vec4 100, 0, 8; draw_string_vec4
    %store/vec4 v00a33800_0, 0, 8;
    %delay 10000, 0;
    %pushi/vec4 46, 0, 8; draw_string_vec4
    %store/vec4 v00a33800_0, 0, 8;
    %delay 10000, 0;
    %pushi/vec4 44, 0, 8; draw_string_vec4
    %store/vec4 v00a33800_0, 0, 8;
    %delay 10000, 0;
    %pushi/vec4 101, 0, 8; draw_string_vec4
    %store/vec4 v00a33800_0, 0, 8;
    %delay 10000, 0;
    %pushi/vec4 110, 0, 8; draw_string_vec4
    %store/vec4 v00a33800_0, 0, 8;
    %delay 10000, 0;
    %pushi/vec4 100, 0, 8; draw_string_vec4
    %store/vec4 v00a33800_0, 0, 8;
    %delay 10000, 0;
    %pushi/vec4 32, 0, 8; draw_string_vec4
    %store/vec4 v00a33800_0, 0, 8;
    %delay 100000, 0;
    %vpi_call 2 97 "$finish" {0 0 0};
    %end;
    .thread T_7;
# The file index is used to find the file name in the following table.
:file_names 4;
    "N/A";
    "<interactive>";
    "BlockChecker_tb.v";
    "./BlockChecker.v";
