#! c:/iverilog-x86/bin/vvp
:ivl_version "10.0 (stable)" "(v10_0)";
:ivl_delay_selection "TYPICAL";
:vpi_time_precision + 0;
:vpi_module "system";
:vpi_module "vhdl_sys";
:vpi_module "v2005_math";
:vpi_module "va_math";
S_012fbe98 .scope module, "BlockChecker" "BlockChecker" 2 1;
 .timescale 0 0;
    .port_info 0 /INPUT 1 "clk"
    .port_info 1 /INPUT 1 "reset"
    .port_info 2 /INPUT 8 "in"
    .port_info 3 /OUTPUT 1 "result"
o02c85fb4 .functor BUFZ 1, C4<z>; HiZ drive
v012fbf68_0 .net "clk", 0 0, o02c85fb4;  0 drivers
o02c85fcc .functor BUFZ 8, C4<zzzzzzzz>; HiZ drive
v012f3800_0 .net "in", 7 0, o02c85fcc;  0 drivers
v012f3858_0 .var/i "j", 31 0;
v012f38b0_0 .var "next_word", 55 0;
o02c86014 .functor BUFZ 1, C4<z>; HiZ drive
v012f3908_0 .net "reset", 0 0, o02c86014;  0 drivers
v012f3960_0 .var "result", 0 0;
v02c800f0_0 .var "stack", 1048576 0;
v02c80148_0 .var "temp", 7 0;
v02c801a0_0 .var "word", 55 0;
E_02c736f8 .event edge, v012fbf68_0, v012f38b0_0, v012f3858_0, v02c800f0_0;
E_02c73608 .event posedge, v012f3908_0, v012fbf68_0;
E_02c73720 .event edge, v012f3800_0, v02c801a0_0, v02c80148_0;
    .scope S_012fbe98;
T_0 ;
    %pushi/vec4 0, 0, 32;
    %store/vec4 v012f3858_0, 0, 32;
    %end;
    .thread T_0;
    .scope S_012fbe98;
T_1 ;
    %wait E_02c73720;
    %pushi/vec4 65, 0, 8; draw_string_vec4
    %load/vec4 v012f3800_0;
    %cmp/u;
    %flag_get/vec4 4;
    %flag_get/vec4 5;
    %or;
    %load/vec4 v012f3800_0;
    %pushi/vec4 90, 0, 8; draw_string_vec4
    %cmp/u;
    %flag_get/vec4 4;
    %flag_get/vec4 5;
    %or;
    %and;
    %flag_set/vec4 8;
    %jmp/0xz  T_1.0, 8;
    %pushi/vec4 97, 0, 8; draw_string_vec4
    %load/vec4 v012f3800_0;
    %add;
    %pushi/vec4 65, 0, 8; draw_string_vec4
    %sub;
    %store/vec4 v02c80148_0, 0, 8;
    %jmp T_1.1;
T_1.0 ;
    %load/vec4 v012f3800_0;
    %store/vec4 v02c80148_0, 0, 8;
T_1.1 ;
    %load/vec4 v02c801a0_0;
    %ix/load 4, 8, 0;
    %flag_set/imm 4, 0;
    %shiftl 4;
    %load/vec4 v02c80148_0;
    %pad/u 56;
    %add;
    %store/vec4 v012f38b0_0, 0, 56;
    %jmp T_1;
    .thread T_1, $push;
    .scope S_012fbe98;
T_2 ;
    %wait E_02c73608;
    %load/vec4 v012f3908_0;
    %pad/u 32;
    %cmpi/e 1, 0, 32;
    %jmp/0xz  T_2.0, 4;
    %pushi/vec4 32, 0, 56;
    %assign/vec4 v02c801a0_0, 0;
    %pushi/vec4 0, 0, 1048577;
    %assign/vec4 v02c800f0_0, 0;
    %pushi/vec4 0, 0, 32;
    %assign/vec4 v012f3858_0, 0;
    %pushi/vec4 0, 0, 1;
    %assign/vec4 v012f3960_0, 0;
    %jmp T_2.1;
T_2.0 ;
    %load/vec4 v012f38b0_0;
    %assign/vec4 v02c801a0_0, 0;
T_2.1 ;
    %jmp T_2;
    .thread T_2;
    .scope S_012fbe98;
T_3 ;
    %wait E_02c736f8;
    %load/vec4 v012fbf68_0;
    %pad/u 32;
    %cmpi/e 0, 0, 32;
    %jmp/0xz  T_3.0, 4;
    %load/vec4 v012f38b0_0;
    %parti/s 40, 0, 2;
    %pushi/vec4 1650812777, 0, 32; draw_string_vec4
    %pushi/vec4 110, 0, 8; draw_string_vec4
    %concat/vec4; draw_string_vec4
    %cmp/e;
    %flag_get/vec4 4;
    %pushi/vec4 97, 0, 8; draw_string_vec4
    %load/vec4 v012f38b0_0;
    %parti/s 8, 40, 7;
    %cmp/u;
    %flag_get/vec4 4;
    %flag_get/vec4 5;
    %or;
    %load/vec4 v012f38b0_0;
    %parti/s 8, 40, 7;
    %pushi/vec4 122, 0, 8; draw_string_vec4
    %cmp/u;
    %flag_get/vec4 4;
    %flag_get/vec4 5;
    %or;
    %and;
    %nor/r;
    %and;
    %flag_set/vec4 8;
    %jmp/0xz  T_3.2, 8;
    %pushi/vec4 0, 0, 32;
    %load/vec4 v012f3858_0;
    %cmp/s;
    %flag_or 5, 4;
    %jmp/0xz  T_3.4, 5;
    %load/vec4 v012f3858_0;
    %addi 1, 0, 32;
    %store/vec4 v012f3858_0, 0, 32;
T_3.4 ;
    %jmp T_3.3;
T_3.2 ;
    %pushi/vec4 97, 0, 8; draw_string_vec4
    %load/vec4 v012f38b0_0;
    %parti/s 8, 48, 7;
    %cmp/u;
    %flag_get/vec4 4;
    %flag_get/vec4 5;
    %or;
    %load/vec4 v012f38b0_0;
    %parti/s 8, 48, 7;
    %pushi/vec4 122, 0, 8; draw_string_vec4
    %cmp/u;
    %flag_get/vec4 4;
    %flag_get/vec4 5;
    %or;
    %and;
    %load/vec4 v012f38b0_0;
    %parti/s 40, 8, 5;
    %pushi/vec4 1650812777, 0, 32; draw_string_vec4
    %pushi/vec4 110, 0, 8; draw_string_vec4
    %concat/vec4; draw_string_vec4
    %cmp/e;
    %flag_get/vec4 4;
    %and;
    %flag_set/vec4 8;
    %jmp/0xz  T_3.6, 8;
    %load/vec4 v02c800f0_0;
    %store/vec4 v02c800f0_0, 0, 1048577;
    %jmp T_3.7;
T_3.6 ;
    %load/vec4 v012f38b0_0;
    %parti/s 40, 8, 5;
    %pushi/vec4 1650812777, 0, 32; draw_string_vec4
    %pushi/vec4 110, 0, 8; draw_string_vec4
    %concat/vec4; draw_string_vec4
    %cmp/e;
    %flag_get/vec4 4;
    %pushi/vec4 97, 0, 8; draw_string_vec4
    %load/vec4 v012f38b0_0;
    %parti/s 8, 0, 2;
    %cmp/u;
    %flag_get/vec4 4;
    %flag_get/vec4 5;
    %or;
    %and;
    %load/vec4 v012f38b0_0;
    %parti/s 8, 0, 2;
    %pushi/vec4 122, 0, 8; draw_string_vec4
    %cmp/u;
    %flag_get/vec4 4;
    %flag_get/vec4 5;
    %or;
    %and;
    %flag_set/vec4 8;
    %jmp/0xz  T_3.8, 8;
    %pushi/vec4 0, 0, 32;
    %load/vec4 v012f3858_0;
    %cmp/s;
    %flag_or 5, 4;
    %jmp/0xz  T_3.10, 5;
    %load/vec4 v012f3858_0;
    %subi 1, 0, 32;
    %store/vec4 v012f3858_0, 0, 32;
T_3.10 ;
    %jmp T_3.9;
T_3.8 ;
    %load/vec4 v012f38b0_0;
    %parti/s 40, 8, 5;
    %pushi/vec4 1650812777, 0, 32; draw_string_vec4
    %pushi/vec4 110, 0, 8; draw_string_vec4
    %concat/vec4; draw_string_vec4
    %cmp/e;
    %jmp/0xz  T_3.12, 4;
    %pushi/vec4 0, 0, 32;
    %load/vec4 v012f3858_0;
    %cmp/s;
    %flag_or 5, 4;
    %jmp/0xz  T_3.14, 5;
    %load/vec4 v02c800f0_0;
    %addi 1, 0, 1048577;
    %load/vec4 v012f3858_0;
    %subi 1, 0, 32;
    %ix/vec4 4;
    %shiftl 4;
    %store/vec4 v02c800f0_0, 0, 1048577;
T_3.14 ;
    %jmp T_3.13;
T_3.12 ;
    %load/vec4 v012f38b0_0;
    %parti/s 24, 0, 2;
    %pushi/vec4 6647396, 0, 24; draw_string_vec4
    %cmp/e;
    %flag_get/vec4 4;
    %pushi/vec4 97, 0, 8; draw_string_vec4
    %load/vec4 v012f38b0_0;
    %parti/s 8, 24, 6;
    %cmp/u;
    %flag_get/vec4 4;
    %flag_get/vec4 5;
    %or;
    %load/vec4 v012f38b0_0;
    %parti/s 8, 24, 6;
    %pushi/vec4 122, 0, 8; draw_string_vec4
    %cmp/u;
    %flag_get/vec4 4;
    %flag_get/vec4 5;
    %or;
    %and;
    %nor/r;
    %and;
    %flag_set/vec4 8;
    %jmp/0xz  T_3.16, 8;
    %pushi/vec4 0, 0, 32;
    %load/vec4 v012f3858_0;
    %cmp/s;
    %flag_or 5, 4;
    %jmp/0xz  T_3.18, 5;
    %load/vec4 v012f3858_0;
    %subi 1, 0, 32;
    %store/vec4 v012f3858_0, 0, 32;
T_3.18 ;
    %jmp T_3.17;
T_3.16 ;
    %pushi/vec4 97, 0, 8; draw_string_vec4
    %load/vec4 v012f38b0_0;
    %parti/s 8, 32, 7;
    %cmp/u;
    %flag_get/vec4 4;
    %flag_get/vec4 5;
    %or;
    %load/vec4 v012f38b0_0;
    %parti/s 8, 32, 7;
    %pushi/vec4 122, 0, 8; draw_string_vec4
    %cmp/u;
    %flag_get/vec4 4;
    %flag_get/vec4 5;
    %or;
    %and;
    %load/vec4 v012f38b0_0;
    %parti/s 24, 8, 5;
    %pushi/vec4 6647396, 0, 24; draw_string_vec4
    %cmp/e;
    %flag_get/vec4 4;
    %and;
    %flag_set/vec4 8;
    %jmp/0xz  T_3.20, 8;
    %load/vec4 v02c800f0_0;
    %store/vec4 v02c800f0_0, 0, 1048577;
    %jmp T_3.21;
T_3.20 ;
    %load/vec4 v012f38b0_0;
    %parti/s 24, 8, 5;
    %pushi/vec4 6647396, 0, 24; draw_string_vec4
    %cmp/e;
    %flag_get/vec4 4;
    %pushi/vec4 97, 0, 8; draw_string_vec4
    %load/vec4 v012f38b0_0;
    %parti/s 8, 0, 2;
    %cmp/u;
    %flag_get/vec4 4;
    %flag_get/vec4 5;
    %or;
    %and;
    %load/vec4 v012f38b0_0;
    %parti/s 8, 0, 2;
    %pushi/vec4 122, 0, 8; draw_string_vec4
    %cmp/u;
    %flag_get/vec4 4;
    %flag_get/vec4 5;
    %or;
    %and;
    %flag_set/vec4 8;
    %jmp/0xz  T_3.22, 8;
    %pushi/vec4 0, 0, 32;
    %load/vec4 v012f3858_0;
    %cmp/s;
    %flag_or 5, 4;
    %jmp/0xz  T_3.24, 5;
    %load/vec4 v012f3858_0;
    %addi 1, 0, 32;
    %store/vec4 v012f3858_0, 0, 32;
T_3.24 ;
    %jmp T_3.23;
T_3.22 ;
    %load/vec4 v012f38b0_0;
    %parti/s 24, 8, 5;
    %pushi/vec4 6647396, 0, 24; draw_string_vec4
    %cmp/e;
    %jmp/0xz  T_3.26, 4;
    %pushi/vec4 0, 0, 32;
    %load/vec4 v012f3858_0;
    %cmp/s;
    %flag_or 5, 4;
    %jmp/0xz  T_3.28, 5;
    %load/vec4 v02c800f0_0;
    %addi 1, 0, 1048577;
    %load/vec4 v012f3858_0;
    %addi 1, 0, 32;
    %ix/vec4 4;
    %shiftl 4;
    %store/vec4 v02c800f0_0, 0, 1048577;
T_3.28 ;
T_3.26 ;
T_3.23 ;
T_3.21 ;
T_3.17 ;
T_3.13 ;
T_3.9 ;
T_3.7 ;
T_3.3 ;
    %jmp T_3.1;
T_3.0 ;
    %load/vec4 v012f3858_0;
    %cmpi/e 0, 0, 32;
    %jmp/0xz  T_3.30, 4;
    %pushi/vec4 1, 0, 1;
    %store/vec4 v012f3960_0, 0, 1;
    %jmp T_3.31;
T_3.30 ;
    %pushi/vec4 0, 0, 1;
    %store/vec4 v012f3960_0, 0, 1;
T_3.31 ;
T_3.1 ;
    %jmp T_3;
    .thread T_3, $push;
# The file index is used to find the file name in the following table.
:file_names 3;
    "N/A";
    "<interactive>";
    "BlockChecker.v";
