#! c:/iverilog-x86/bin/vvp
:ivl_version "10.0 (stable)" "(v10_0)";
:ivl_delay_selection "TYPICAL";
:vpi_time_precision + 0;
:vpi_module "system";
:vpi_module "vhdl_sys";
:vpi_module "v2005_math";
:vpi_module "va_math";
S_00b03800 .scope module, "string2" "string2" 2 1;
 .timescale 0 0;
    .port_info 0 /INPUT 1 "clk"
    .port_info 1 /INPUT 1 "clr"
    .port_info 2 /INPUT 8 "in"
    .port_info 3 /OUTPUT 1 "out"
P_00b038d0 .param/l "s0" 1 2 7, +C4<00000000000000000000000000000000>;
P_00b038f0 .param/l "s1" 1 2 7, +C4<00000000000000000000000000000001>;
P_00b03910 .param/l "s2" 1 2 7, +C4<00000000000000000000000000000010>;
P_00b03930 .param/l "s3" 1 2 7, +C4<00000000000000000000000000000011>;
P_00b03950 .param/l "s4" 1 2 7, +C4<00000000000000000000000000000100>;
P_00b03970 .param/l "s5" 1 2 7, +C4<00000000000000000000000000000101>;
P_00b03990 .param/l "s6" 1 2 7, +C4<00000000000000000000000000000110>;
P_00b039b0 .param/l "s7" 1 2 7, +C4<00000000000000000000000000000111>;
v00b09210_0 .net *"_s0", 31 0, L_02d69278;  1 drivers
v00b09370_0 .net *"_s10", 31 0, L_02d692d0;  1 drivers
L_02d69ca0 .functor BUFT 1, C4<00000000000000000000000000000>, C4<0>, C4<0>, C4<0>;
v00b091b8_0 .net *"_s13", 28 0, L_02d69ca0;  1 drivers
L_02d69cc8 .functor BUFT 1, C4<00000000000000000000000000000101>, C4<0>, C4<0>, C4<0>;
v00b09420_0 .net/2u *"_s14", 31 0, L_02d69cc8;  1 drivers
v00b09478_0 .net *"_s16", 0 0, L_02d68e00;  1 drivers
L_02d69cf0 .functor BUFT 1, C4<01>, C4<0>, C4<0>, C4<0>;
v00b09580_0 .net/2s *"_s18", 1 0, L_02d69cf0;  1 drivers
L_02d69d18 .functor BUFT 1, C4<00>, C4<0>, C4<0>, C4<0>;
v00b09268_0 .net/2s *"_s20", 1 0, L_02d69d18;  1 drivers
v00b09840_0 .net *"_s22", 1 0, L_02d69538;  1 drivers
v00b09738_0 .net *"_s24", 1 0, L_02d68d50;  1 drivers
L_02d69c28 .functor BUFT 1, C4<00000000000000000000000000000>, C4<0>, C4<0>, C4<0>;
v00b09898_0 .net *"_s3", 28 0, L_02d69c28;  1 drivers
L_02d69c50 .functor BUFT 1, C4<00000000000000000000000000000001>, C4<0>, C4<0>, C4<0>;
v00b094d0_0 .net/2u *"_s4", 31 0, L_02d69c50;  1 drivers
v00b09688_0 .net *"_s6", 0 0, L_02d69590;  1 drivers
L_02d69c78 .functor BUFT 1, C4<01>, C4<0>, C4<0>, C4<0>;
v00b09160_0 .net/2s *"_s8", 1 0, L_02d69c78;  1 drivers
o02d4410c .functor BUFZ 1, C4<z>; HiZ drive
v00b09528_0 .net "clk", 0 0, o02d4410c;  0 drivers
o02d44124 .functor BUFZ 1, C4<z>; HiZ drive
v02d695e8_0 .net "clr", 0 0, o02d44124;  0 drivers
o02d4413c .functor BUFZ 8, C4<zzzzzzzz>; HiZ drive
v02d69118_0 .net "in", 7 0, o02d4413c;  0 drivers
v02d691c8_0 .var "next_state", 2 0;
v02d68ca0_0 .net "out", 0 0, L_02d694e0;  1 drivers
v02d69220_0 .var "state", 2 0;
E_02d33818 .event posedge, v02d695e8_0, v00b09528_0;
E_02d33890 .event edge, v02d69220_0, v02d69118_0;
L_02d69278 .concat [ 3 29 0 0], v02d69220_0, L_02d69c28;
L_02d69590 .cmp/eq 32, L_02d69278, L_02d69c50;
L_02d692d0 .concat [ 3 29 0 0], v02d69220_0, L_02d69ca0;
L_02d68e00 .cmp/eq 32, L_02d692d0, L_02d69cc8;
L_02d69538 .functor MUXZ 2, L_02d69d18, L_02d69cf0, L_02d68e00, C4<>;
L_02d68d50 .functor MUXZ 2, L_02d69538, L_02d69c78, L_02d69590, C4<>;
L_02d694e0 .part L_02d68d50, 0, 1;
    .scope S_00b03800;
T_0 ;
    %wait E_02d33890;
    %load/vec4 v02d69220_0;
    %dup/vec4;
    %pushi/vec4 0, 0, 3;
    %cmp/u;
    %jmp/1 T_0.0, 6;
    %dup/vec4;
    %pushi/vec4 1, 0, 3;
    %cmp/u;
    %jmp/1 T_0.1, 6;
    %dup/vec4;
    %pushi/vec4 2, 0, 3;
    %cmp/u;
    %jmp/1 T_0.2, 6;
    %dup/vec4;
    %pushi/vec4 3, 0, 3;
    %cmp/u;
    %jmp/1 T_0.3, 6;
    %dup/vec4;
    %pushi/vec4 4, 0, 3;
    %cmp/u;
    %jmp/1 T_0.4, 6;
    %dup/vec4;
    %pushi/vec4 5, 0, 3;
    %cmp/u;
    %jmp/1 T_0.5, 6;
    %dup/vec4;
    %pushi/vec4 6, 0, 3;
    %cmp/u;
    %jmp/1 T_0.6, 6;
    %dup/vec4;
    %pushi/vec4 7, 0, 3;
    %cmp/u;
    %jmp/1 T_0.7, 6;
    %jmp T_0.8;
T_0.0 ;
    %pushi/vec4 48, 0, 8; draw_string_vec4
    %load/vec4 v02d69118_0;
    %cmp/u;
    %flag_get/vec4 4;
    %flag_get/vec4 5;
    %or;
    %load/vec4 v02d69118_0;
    %pushi/vec4 57, 0, 8; draw_string_vec4
    %cmp/u;
    %flag_get/vec4 4;
    %flag_get/vec4 5;
    %or;
    %and;
    %flag_set/vec4 8;
    %jmp/0xz  T_0.9, 8;
    %pushi/vec4 1, 0, 3;
    %store/vec4 v02d691c8_0, 0, 3;
    %jmp T_0.10;
T_0.9 ;
    %load/vec4 v02d69118_0;
    %pushi/vec4 40, 0, 8; draw_string_vec4
    %cmp/e;
    %jmp/0xz  T_0.11, 4;
    %pushi/vec4 3, 0, 3;
    %store/vec4 v02d691c8_0, 0, 3;
    %jmp T_0.12;
T_0.11 ;
    %pushi/vec4 7, 0, 3;
    %store/vec4 v02d691c8_0, 0, 3;
T_0.12 ;
T_0.10 ;
    %jmp T_0.8;
T_0.1 ;
    %load/vec4 v02d69118_0;
    %pushi/vec4 43, 0, 8; draw_string_vec4
    %cmp/e;
    %flag_mov 8, 4;
    %load/vec4 v02d69118_0;
    %pushi/vec4 42, 0, 8; draw_string_vec4
    %cmp/e;
    %flag_or 4, 8;
    %jmp/0xz  T_0.13, 4;
    %pushi/vec4 2, 0, 3;
    %store/vec4 v02d691c8_0, 0, 3;
    %jmp T_0.14;
T_0.13 ;
    %pushi/vec4 7, 0, 3;
    %store/vec4 v02d691c8_0, 0, 3;
T_0.14 ;
    %jmp T_0.8;
T_0.2 ;
    %pushi/vec4 48, 0, 8; draw_string_vec4
    %load/vec4 v02d69118_0;
    %cmp/u;
    %flag_get/vec4 4;
    %flag_get/vec4 5;
    %or;
    %load/vec4 v02d69118_0;
    %pushi/vec4 57, 0, 8; draw_string_vec4
    %cmp/u;
    %flag_get/vec4 4;
    %flag_get/vec4 5;
    %or;
    %and;
    %flag_set/vec4 8;
    %jmp/0xz  T_0.15, 8;
    %pushi/vec4 1, 0, 3;
    %store/vec4 v02d691c8_0, 0, 3;
    %jmp T_0.16;
T_0.15 ;
    %load/vec4 v02d69118_0;
    %pushi/vec4 40, 0, 8; draw_string_vec4
    %cmp/e;
    %jmp/0xz  T_0.17, 4;
    %pushi/vec4 3, 0, 3;
    %store/vec4 v02d691c8_0, 0, 3;
    %jmp T_0.18;
T_0.17 ;
    %pushi/vec4 7, 0, 3;
    %store/vec4 v02d691c8_0, 0, 3;
T_0.18 ;
T_0.16 ;
    %jmp T_0.8;
T_0.3 ;
    %pushi/vec4 48, 0, 8; draw_string_vec4
    %load/vec4 v02d69118_0;
    %cmp/u;
    %flag_get/vec4 4;
    %flag_get/vec4 5;
    %or;
    %load/vec4 v02d69118_0;
    %pushi/vec4 57, 0, 8; draw_string_vec4
    %cmp/u;
    %flag_get/vec4 4;
    %flag_get/vec4 5;
    %or;
    %and;
    %flag_set/vec4 8;
    %jmp/0xz  T_0.19, 8;
    %pushi/vec4 4, 0, 3;
    %store/vec4 v02d691c8_0, 0, 3;
    %jmp T_0.20;
T_0.19 ;
    %pushi/vec4 7, 0, 3;
    %store/vec4 v02d691c8_0, 0, 3;
T_0.20 ;
    %jmp T_0.8;
T_0.4 ;
    %load/vec4 v02d69118_0;
    %pushi/vec4 41, 0, 8; draw_string_vec4
    %cmp/e;
    %jmp/0xz  T_0.21, 4;
    %pushi/vec4 5, 0, 3;
    %store/vec4 v02d691c8_0, 0, 3;
    %jmp T_0.22;
T_0.21 ;
    %load/vec4 v02d69118_0;
    %pushi/vec4 43, 0, 8; draw_string_vec4
    %cmp/e;
    %flag_mov 8, 4;
    %load/vec4 v02d69118_0;
    %pushi/vec4 42, 0, 8; draw_string_vec4
    %cmp/e;
    %flag_or 4, 8;
    %jmp/0xz  T_0.23, 4;
    %pushi/vec4 6, 0, 3;
    %store/vec4 v02d691c8_0, 0, 3;
    %jmp T_0.24;
T_0.23 ;
    %pushi/vec4 7, 0, 3;
    %store/vec4 v02d691c8_0, 0, 3;
T_0.24 ;
T_0.22 ;
    %jmp T_0.8;
T_0.5 ;
    %load/vec4 v02d69118_0;
    %pushi/vec4 43, 0, 8; draw_string_vec4
    %cmp/e;
    %flag_mov 8, 4;
    %load/vec4 v02d69118_0;
    %pushi/vec4 42, 0, 8; draw_string_vec4
    %cmp/e;
    %flag_or 4, 8;
    %jmp/0xz  T_0.25, 4;
    %pushi/vec4 2, 0, 3;
    %store/vec4 v02d691c8_0, 0, 3;
    %jmp T_0.26;
T_0.25 ;
    %pushi/vec4 7, 0, 3;
    %store/vec4 v02d691c8_0, 0, 3;
T_0.26 ;
    %jmp T_0.8;
T_0.6 ;
    %pushi/vec4 48, 0, 8; draw_string_vec4
    %load/vec4 v02d69118_0;
    %cmp/u;
    %flag_get/vec4 4;
    %flag_get/vec4 5;
    %or;
    %load/vec4 v02d69118_0;
    %pushi/vec4 57, 0, 8; draw_string_vec4
    %cmp/u;
    %flag_get/vec4 4;
    %flag_get/vec4 5;
    %or;
    %and;
    %flag_set/vec4 8;
    %jmp/0xz  T_0.27, 8;
    %pushi/vec4 4, 0, 3;
    %store/vec4 v02d691c8_0, 0, 3;
    %jmp T_0.28;
T_0.27 ;
    %pushi/vec4 7, 0, 3;
    %store/vec4 v02d691c8_0, 0, 3;
T_0.28 ;
    %jmp T_0.8;
T_0.7 ;
    %pushi/vec4 7, 0, 3;
    %store/vec4 v02d691c8_0, 0, 3;
    %jmp T_0.8;
T_0.8 ;
    %pop/vec4 1;
    %jmp T_0;
    .thread T_0, $push;
    .scope S_00b03800;
T_1 ;
    %wait E_02d33818;
    %load/vec4 v02d695e8_0;
    %pad/u 32;
    %cmpi/e 1, 0, 32;
    %jmp/0xz  T_1.0, 4;
    %pushi/vec4 0, 0, 3;
    %assign/vec4 v02d69220_0, 0;
    %jmp T_1.1;
T_1.0 ;
    %load/vec4 v02d691c8_0;
    %assign/vec4 v02d69220_0, 0;
T_1.1 ;
    %jmp T_1;
    .thread T_1;
# The file index is used to find the file name in the following table.
:file_names 3;
    "N/A";
    "<interactive>";
    "string2.v";
