#! c:/iverilog-x86/bin/vvp
:ivl_version "10.0 (stable)" "(v10_0)";
:ivl_delay_selection "TYPICAL";
:vpi_time_precision - 12;
:vpi_module "system";
:vpi_module "vhdl_sys";
:vpi_module "v2005_math";
:vpi_module "va_math";
S_0127bdb8 .scope module, "tb_string2" "tb_string2" 2 3;
 .timescale -9 -12;
P_02d831c8 .param/l "PERIOD" 0 2 6, +C4<00000000000000000000000000001010>;
v02d90580_0 .var "clk", 0 0;
v02d90528_0 .var "clr", 0 0;
v02d90688_0 .var "in", 7 0;
v02d902c0_0 .net "out", 0 0, L_02d90370;  1 drivers
S_02d84ca0 .scope module, "u_string2" "string2" 2 18, 3 1 0, S_0127bdb8;
 .timescale -9 -12;
    .port_info 0 /INPUT 1 "clk"
    .port_info 1 /INPUT 1 "clr"
    .port_info 2 /INPUT 8 "in"
    .port_info 3 /OUTPUT 1 "out"
P_01273800 .param/l "s0" 1 3 7, +C4<00000000000000000000000000000000>;
P_01273820 .param/l "s1" 1 3 7, +C4<00000000000000000000000000000001>;
P_01273840 .param/l "s2" 1 3 7, +C4<00000000000000000000000000000010>;
P_01273860 .param/l "s3" 1 3 7, +C4<00000000000000000000000000000011>;
P_01273880 .param/l "s4" 1 3 7, +C4<00000000000000000000000000000100>;
P_012738a0 .param/l "s5" 1 3 7, +C4<00000000000000000000000000000101>;
P_012738c0 .param/l "s6" 1 3 7, +C4<00000000000000000000000000000110>;
P_012738e0 .param/l "s7" 1 3 7, +C4<00000000000000000000000000000111>;
v0127ad40_0 .net *"_s0", 31 0, L_02d906e0;  1 drivers
v0127b0b0_0 .net *"_s10", 31 0, L_02d908f0;  1 drivers
L_02dc0ca0 .functor BUFT 1, C4<00000000000000000000000000000>, C4<0>, C4<0>, C4<0>;
v0127b268_0 .net *"_s13", 28 0, L_02dc0ca0;  1 drivers
L_02dc0cc8 .functor BUFT 1, C4<00000000000000000000000000000101>, C4<0>, C4<0>, C4<0>;
v0127b108_0 .net/2u *"_s14", 31 0, L_02dc0cc8;  1 drivers
v0127b160_0 .net *"_s16", 0 0, L_02d90630;  1 drivers
L_02dc0cf0 .functor BUFT 1, C4<01>, C4<0>, C4<0>, C4<0>;
v0127ac38_0 .net/2s *"_s18", 1 0, L_02dc0cf0;  1 drivers
L_02dc0d18 .functor BUFT 1, C4<00>, C4<0>, C4<0>, C4<0>;
v0127ace8_0 .net/2s *"_s20", 1 0, L_02dc0d18;  1 drivers
v0127adf0_0 .net *"_s22", 1 0, L_02d903c8;  1 drivers
v0127b1b8_0 .net *"_s24", 1 0, L_02d90738;  1 drivers
L_02dc0c28 .functor BUFT 1, C4<00000000000000000000000000000>, C4<0>, C4<0>, C4<0>;
v0127b210_0 .net *"_s3", 28 0, L_02dc0c28;  1 drivers
L_02dc0c50 .functor BUFT 1, C4<00000000000000000000000000000001>, C4<0>, C4<0>, C4<0>;
v0127ae48_0 .net/2u *"_s4", 31 0, L_02dc0c50;  1 drivers
v0127ab88_0 .net *"_s6", 0 0, L_02d907e8;  1 drivers
L_02dc0c78 .functor BUFT 1, C4<01>, C4<0>, C4<0>, C4<0>;
v0127aea0_0 .net/2s *"_s8", 1 0, L_02dc0c78;  1 drivers
v02d90210_0 .net "clk", 0 0, v02d90580_0;  1 drivers
v02d905d8_0 .net "clr", 0 0, v02d90528_0;  1 drivers
v02d90840_0 .net "in", 7 0, v02d90688_0;  1 drivers
v02d90420_0 .var "next_state", 2 0;
v02d90478_0 .net "out", 0 0, L_02d90370;  alias, 1 drivers
v02d904d0_0 .var "state", 2 0;
E_02d83830 .event posedge, v02d905d8_0, v02d90210_0;
E_02d835d8 .event edge, v02d904d0_0, v02d90840_0;
L_02d906e0 .concat [ 3 29 0 0], v02d904d0_0, L_02dc0c28;
L_02d907e8 .cmp/eq 32, L_02d906e0, L_02dc0c50;
L_02d908f0 .concat [ 3 29 0 0], v02d904d0_0, L_02dc0ca0;
L_02d90630 .cmp/eq 32, L_02d908f0, L_02dc0cc8;
L_02d903c8 .functor MUXZ 2, L_02dc0d18, L_02dc0cf0, L_02d90630, C4<>;
L_02d90738 .functor MUXZ 2, L_02d903c8, L_02dc0c78, L_02d907e8, C4<>;
L_02d90370 .part L_02d90738, 0, 1;
    .scope S_02d84ca0;
T_0 ;
    %pushi/vec4 0, 0, 3;
    %store/vec4 v02d904d0_0, 0, 3;
    %pushi/vec4 0, 0, 3;
    %store/vec4 v02d90420_0, 0, 3;
    %end;
    .thread T_0;
    .scope S_02d84ca0;
T_1 ;
    %wait E_02d835d8;
    %load/vec4 v02d904d0_0;
    %dup/vec4;
    %pushi/vec4 0, 0, 3;
    %cmp/u;
    %jmp/1 T_1.0, 6;
    %dup/vec4;
    %pushi/vec4 1, 0, 3;
    %cmp/u;
    %jmp/1 T_1.1, 6;
    %dup/vec4;
    %pushi/vec4 2, 0, 3;
    %cmp/u;
    %jmp/1 T_1.2, 6;
    %dup/vec4;
    %pushi/vec4 3, 0, 3;
    %cmp/u;
    %jmp/1 T_1.3, 6;
    %dup/vec4;
    %pushi/vec4 4, 0, 3;
    %cmp/u;
    %jmp/1 T_1.4, 6;
    %dup/vec4;
    %pushi/vec4 5, 0, 3;
    %cmp/u;
    %jmp/1 T_1.5, 6;
    %dup/vec4;
    %pushi/vec4 6, 0, 3;
    %cmp/u;
    %jmp/1 T_1.6, 6;
    %dup/vec4;
    %pushi/vec4 7, 0, 3;
    %cmp/u;
    %jmp/1 T_1.7, 6;
    %jmp T_1.9;
T_1.0 ;
    %pushi/vec4 48, 0, 8; draw_string_vec4
    %load/vec4 v02d90840_0;
    %cmp/u;
    %flag_get/vec4 4;
    %flag_get/vec4 5;
    %or;
    %load/vec4 v02d90840_0;
    %pushi/vec4 57, 0, 8; draw_string_vec4
    %cmp/u;
    %flag_get/vec4 4;
    %flag_get/vec4 5;
    %or;
    %and;
    %flag_set/vec4 8;
    %jmp/0xz  T_1.10, 8;
    %pushi/vec4 1, 0, 3;
    %store/vec4 v02d90420_0, 0, 3;
    %jmp T_1.11;
T_1.10 ;
    %load/vec4 v02d90840_0;
    %pushi/vec4 40, 0, 8; draw_string_vec4
    %cmp/e;
    %jmp/0xz  T_1.12, 4;
    %pushi/vec4 3, 0, 3;
    %store/vec4 v02d90420_0, 0, 3;
    %jmp T_1.13;
T_1.12 ;
    %pushi/vec4 7, 0, 3;
    %store/vec4 v02d90420_0, 0, 3;
T_1.13 ;
T_1.11 ;
    %jmp T_1.9;
T_1.1 ;
    %load/vec4 v02d90840_0;
    %pushi/vec4 43, 0, 8; draw_string_vec4
    %cmp/e;
    %flag_mov 8, 4;
    %load/vec4 v02d90840_0;
    %pushi/vec4 42, 0, 8; draw_string_vec4
    %cmp/e;
    %flag_or 4, 8;
    %jmp/0xz  T_1.14, 4;
    %pushi/vec4 2, 0, 3;
    %store/vec4 v02d90420_0, 0, 3;
    %jmp T_1.15;
T_1.14 ;
    %pushi/vec4 7, 0, 3;
    %store/vec4 v02d90420_0, 0, 3;
T_1.15 ;
    %jmp T_1.9;
T_1.2 ;
    %pushi/vec4 48, 0, 8; draw_string_vec4
    %load/vec4 v02d90840_0;
    %cmp/u;
    %flag_get/vec4 4;
    %flag_get/vec4 5;
    %or;
    %load/vec4 v02d90840_0;
    %pushi/vec4 57, 0, 8; draw_string_vec4
    %cmp/u;
    %flag_get/vec4 4;
    %flag_get/vec4 5;
    %or;
    %and;
    %flag_set/vec4 8;
    %jmp/0xz  T_1.16, 8;
    %pushi/vec4 1, 0, 3;
    %store/vec4 v02d90420_0, 0, 3;
    %jmp T_1.17;
T_1.16 ;
    %load/vec4 v02d90840_0;
    %pushi/vec4 40, 0, 8; draw_string_vec4
    %cmp/e;
    %jmp/0xz  T_1.18, 4;
    %pushi/vec4 3, 0, 3;
    %store/vec4 v02d90420_0, 0, 3;
    %jmp T_1.19;
T_1.18 ;
    %pushi/vec4 7, 0, 3;
    %store/vec4 v02d90420_0, 0, 3;
T_1.19 ;
T_1.17 ;
    %jmp T_1.9;
T_1.3 ;
    %pushi/vec4 48, 0, 8; draw_string_vec4
    %load/vec4 v02d90840_0;
    %cmp/u;
    %flag_get/vec4 4;
    %flag_get/vec4 5;
    %or;
    %load/vec4 v02d90840_0;
    %pushi/vec4 57, 0, 8; draw_string_vec4
    %cmp/u;
    %flag_get/vec4 4;
    %flag_get/vec4 5;
    %or;
    %and;
    %flag_set/vec4 8;
    %jmp/0xz  T_1.20, 8;
    %pushi/vec4 4, 0, 3;
    %store/vec4 v02d90420_0, 0, 3;
    %jmp T_1.21;
T_1.20 ;
    %pushi/vec4 7, 0, 3;
    %store/vec4 v02d90420_0, 0, 3;
T_1.21 ;
    %jmp T_1.9;
T_1.4 ;
    %load/vec4 v02d90840_0;
    %pushi/vec4 41, 0, 8; draw_string_vec4
    %cmp/e;
    %jmp/0xz  T_1.22, 4;
    %pushi/vec4 5, 0, 3;
    %store/vec4 v02d90420_0, 0, 3;
    %jmp T_1.23;
T_1.22 ;
    %load/vec4 v02d90840_0;
    %pushi/vec4 43, 0, 8; draw_string_vec4
    %cmp/e;
    %flag_mov 8, 4;
    %load/vec4 v02d90840_0;
    %pushi/vec4 42, 0, 8; draw_string_vec4
    %cmp/e;
    %flag_or 4, 8;
    %jmp/0xz  T_1.24, 4;
    %pushi/vec4 6, 0, 3;
    %store/vec4 v02d90420_0, 0, 3;
    %jmp T_1.25;
T_1.24 ;
    %pushi/vec4 7, 0, 3;
    %store/vec4 v02d90420_0, 0, 3;
T_1.25 ;
T_1.23 ;
    %jmp T_1.9;
T_1.5 ;
    %load/vec4 v02d90840_0;
    %pushi/vec4 43, 0, 8; draw_string_vec4
    %cmp/e;
    %flag_mov 8, 4;
    %load/vec4 v02d90840_0;
    %pushi/vec4 42, 0, 8; draw_string_vec4
    %cmp/e;
    %flag_or 4, 8;
    %jmp/0xz  T_1.26, 4;
    %pushi/vec4 2, 0, 3;
    %store/vec4 v02d90420_0, 0, 3;
    %jmp T_1.27;
T_1.26 ;
    %pushi/vec4 7, 0, 3;
    %store/vec4 v02d90420_0, 0, 3;
T_1.27 ;
    %jmp T_1.9;
T_1.6 ;
    %pushi/vec4 48, 0, 8; draw_string_vec4
    %load/vec4 v02d90840_0;
    %cmp/u;
    %flag_get/vec4 4;
    %flag_get/vec4 5;
    %or;
    %load/vec4 v02d90840_0;
    %pushi/vec4 57, 0, 8; draw_string_vec4
    %cmp/u;
    %flag_get/vec4 4;
    %flag_get/vec4 5;
    %or;
    %and;
    %flag_set/vec4 8;
    %jmp/0xz  T_1.28, 8;
    %pushi/vec4 4, 0, 3;
    %store/vec4 v02d90420_0, 0, 3;
    %jmp T_1.29;
T_1.28 ;
    %pushi/vec4 7, 0, 3;
    %store/vec4 v02d90420_0, 0, 3;
T_1.29 ;
    %jmp T_1.9;
T_1.7 ;
    %pushi/vec4 7, 0, 3;
    %store/vec4 v02d90420_0, 0, 3;
    %jmp T_1.9;
T_1.9 ;
    %pop/vec4 1;
    %jmp T_1;
    .thread T_1, $push;
    .scope S_02d84ca0;
T_2 ;
    %wait E_02d83830;
    %load/vec4 v02d905d8_0;
    %pad/u 32;
    %cmpi/e 1, 0, 32;
    %jmp/0xz  T_2.0, 4;
    %pushi/vec4 0, 0, 3;
    %assign/vec4 v02d904d0_0, 0;
    %jmp T_2.1;
T_2.0 ;
    %load/vec4 v02d90420_0;
    %assign/vec4 v02d904d0_0, 0;
T_2.1 ;
    %jmp T_2;
    .thread T_2;
    .scope S_0127bdb8;
T_3 ;
    %pushi/vec4 0, 0, 1;
    %store/vec4 v02d90580_0, 0, 1;
    %end;
    .thread T_3;
    .scope S_0127bdb8;
T_4 ;
    %pushi/vec4 0, 0, 1;
    %store/vec4 v02d90528_0, 0, 1;
    %end;
    .thread T_4;
    .scope S_0127bdb8;
T_5 ;
    %pushi/vec4 0, 0, 8;
    %store/vec4 v02d90688_0, 0, 8;
    %end;
    .thread T_5;
    .scope S_0127bdb8;
T_6 ;
    %delay 5000, 0;
    %load/vec4 v02d90580_0;
    %inv;
    %store/vec4 v02d90580_0, 0, 1;
    %jmp T_6;
    .thread T_6;
    .scope S_0127bdb8;
T_7 ;
    %vpi_call 2 29 "$dumpfile", "test.vcd" {0 0 0};
    %vpi_call 2 30 "$dumpvars" {0 0 0};
    %pushi/vec4 0, 0, 1;
    %store/vec4 v02d90580_0, 0, 1;
    %pushi/vec4 0, 0, 1;
    %store/vec4 v02d90528_0, 0, 1;
    %pushi/vec4 49, 0, 8; draw_string_vec4
    %store/vec4 v02d90688_0, 0, 8;
    %delay 2000, 0;
    %pushi/vec4 0, 0, 1;
    %store/vec4 v02d90528_0, 0, 1;
    %delay 8000, 0;
    %pushi/vec4 43, 0, 8; draw_string_vec4
    %store/vec4 v02d90688_0, 0, 8;
    %delay 10000, 0;
    %pushi/vec4 40, 0, 8; draw_string_vec4
    %store/vec4 v02d90688_0, 0, 8;
    %delay 10000, 0;
    %pushi/vec4 49, 0, 8; draw_string_vec4
    %store/vec4 v02d90688_0, 0, 8;
    %delay 10000, 0;
    %pushi/vec4 43, 0, 8; draw_string_vec4
    %store/vec4 v02d90688_0, 0, 8;
    %delay 10000, 0;
    %pushi/vec4 50, 0, 8; draw_string_vec4
    %store/vec4 v02d90688_0, 0, 8;
    %delay 10000, 0;
    %pushi/vec4 42, 0, 8; draw_string_vec4
    %store/vec4 v02d90688_0, 0, 8;
    %delay 10000, 0;
    %pushi/vec4 49, 0, 8; draw_string_vec4
    %store/vec4 v02d90688_0, 0, 8;
    %delay 10000, 0;
    %pushi/vec4 43, 0, 8; draw_string_vec4
    %store/vec4 v02d90688_0, 0, 8;
    %delay 10000, 0;
    %pushi/vec4 50, 0, 8; draw_string_vec4
    %store/vec4 v02d90688_0, 0, 8;
    %delay 10000, 0;
    %pushi/vec4 41, 0, 8; draw_string_vec4
    %store/vec4 v02d90688_0, 0, 8;
    %delay 10000, 0;
    %pushi/vec4 42, 0, 8; draw_string_vec4
    %store/vec4 v02d90688_0, 0, 8;
    %delay 10000, 0;
    %pushi/vec4 40, 0, 8; draw_string_vec4
    %store/vec4 v02d90688_0, 0, 8;
    %delay 10000, 0;
    %pushi/vec4 51, 0, 8; draw_string_vec4
    %store/vec4 v02d90688_0, 0, 8;
    %delay 10000, 0;
    %pushi/vec4 41, 0, 8; draw_string_vec4
    %store/vec4 v02d90688_0, 0, 8;
    %delay 10000, 0;
    %vpi_call 2 65 "$finish" {0 0 0};
    %end;
    .thread T_7;
# The file index is used to find the file name in the following table.
:file_names 4;
    "N/A";
    "<interactive>";
    "string2_tb.v";
    "./string2.v";
