#! c:/iverilog-x86/bin/vvp
:ivl_version "10.0 (stable)" "(v10_0)";
:ivl_delay_selection "TYPICAL";
:vpi_time_precision + 0;
:vpi_module "system";
:vpi_module "vhdl_sys";
:vpi_module "v2005_math";
:vpi_module "va_math";
S_01163800 .scope module, "cpu_checker" "cpu_checker" 2 2;
 .timescale 0 0;
    .port_info 0 /INPUT 1 "clk"
    .port_info 1 /INPUT 1 "reset"
    .port_info 2 /INPUT 8 "char"
    .port_info 3 /OUTPUT 2 "format_type"
o0295d8b4 .functor BUFZ 8, C4<zzzzzzzz>; HiZ drive
v0294b978_0 .net "char", 7 0, o0295d8b4;  0 drivers
o0295d8cc .functor BUFZ 1, C4<z>; HiZ drive
v0294db00_0 .net "clk", 0 0, o0295d8cc;  0 drivers
v0294ef80_0 .var "flag", 0 0;
v02950400_0 .var "format_type", 1 0;
o0295d914 .functor BUFZ 1, C4<z>; HiZ drive
v02956138_0 .net "reset", 0 0, o0295d914;  0 drivers
v011638d0_0 .var "state", 5 0;
E_0293d0c8 .event posedge, v0294db00_0;
    .scope S_01163800;
T_0 ;
    %wait E_0293d0c8;
    %load/vec4 v02956138_0;
    %cmpi/e 1, 0, 1;
    %jmp/0xz  T_0.0, 4;
    %pushi/vec4 0, 0, 1;
    %assign/vec4 v0294ef80_0, 0;
    %pushi/vec4 0, 0, 6;
    %assign/vec4 v011638d0_0, 0;
    %pushi/vec4 0, 0, 2;
    %assign/vec4 v02950400_0, 0;
    %jmp T_0.1;
T_0.0 ;
    %load/vec4 v011638d0_0;
    %dup/vec4;
    %pushi/vec4 0, 0, 6;
    %cmp/u;
    %jmp/1 T_0.2, 6;
    %dup/vec4;
    %pushi/vec4 1, 0, 6;
    %cmp/u;
    %jmp/1 T_0.3, 6;
    %dup/vec4;
    %pushi/vec4 2, 0, 6;
    %cmp/u;
    %jmp/1 T_0.4, 6;
    %dup/vec4;
    %pushi/vec4 3, 0, 6;
    %cmp/u;
    %jmp/1 T_0.5, 6;
    %dup/vec4;
    %pushi/vec4 4, 0, 6;
    %cmp/u;
    %jmp/1 T_0.6, 6;
    %dup/vec4;
    %pushi/vec4 5, 0, 6;
    %cmp/u;
    %jmp/1 T_0.7, 6;
    %dup/vec4;
    %pushi/vec4 6, 0, 6;
    %cmp/u;
    %jmp/1 T_0.8, 6;
    %dup/vec4;
    %pushi/vec4 7, 0, 6;
    %cmp/u;
    %jmp/1 T_0.9, 6;
    %dup/vec4;
    %pushi/vec4 8, 0, 6;
    %cmp/u;
    %jmp/1 T_0.10, 6;
    %dup/vec4;
    %pushi/vec4 9, 0, 6;
    %cmp/u;
    %jmp/1 T_0.11, 6;
    %dup/vec4;
    %pushi/vec4 10, 0, 6;
    %cmp/u;
    %jmp/1 T_0.12, 6;
    %dup/vec4;
    %pushi/vec4 11, 0, 6;
    %cmp/u;
    %jmp/1 T_0.13, 6;
    %dup/vec4;
    %pushi/vec4 12, 0, 6;
    %cmp/u;
    %jmp/1 T_0.14, 6;
    %dup/vec4;
    %pushi/vec4 13, 0, 6;
    %cmp/u;
    %jmp/1 T_0.15, 6;
    %dup/vec4;
    %pushi/vec4 14, 0, 6;
    %cmp/u;
    %jmp/1 T_0.16, 6;
    %dup/vec4;
    %pushi/vec4 15, 0, 6;
    %cmp/u;
    %jmp/1 T_0.17, 6;
    %dup/vec4;
    %pushi/vec4 16, 0, 6;
    %cmp/u;
    %jmp/1 T_0.18, 6;
    %dup/vec4;
    %pushi/vec4 17, 0, 6;
    %cmp/u;
    %jmp/1 T_0.19, 6;
    %dup/vec4;
    %pushi/vec4 18, 0, 6;
    %cmp/u;
    %jmp/1 T_0.20, 6;
    %dup/vec4;
    %pushi/vec4 19, 0, 6;
    %cmp/u;
    %jmp/1 T_0.21, 6;
    %dup/vec4;
    %pushi/vec4 20, 0, 6;
    %cmp/u;
    %jmp/1 T_0.22, 6;
    %dup/vec4;
    %pushi/vec4 21, 0, 6;
    %cmp/u;
    %jmp/1 T_0.23, 6;
    %dup/vec4;
    %pushi/vec4 22, 0, 6;
    %cmp/u;
    %jmp/1 T_0.24, 6;
    %dup/vec4;
    %pushi/vec4 23, 0, 6;
    %cmp/u;
    %jmp/1 T_0.25, 6;
    %dup/vec4;
    %pushi/vec4 24, 0, 6;
    %cmp/u;
    %jmp/1 T_0.26, 6;
    %dup/vec4;
    %pushi/vec4 25, 0, 6;
    %cmp/u;
    %jmp/1 T_0.27, 6;
    %dup/vec4;
    %pushi/vec4 26, 0, 6;
    %cmp/u;
    %jmp/1 T_0.28, 6;
    %dup/vec4;
    %pushi/vec4 27, 0, 6;
    %cmp/u;
    %jmp/1 T_0.29, 6;
    %dup/vec4;
    %pushi/vec4 28, 0, 6;
    %cmp/u;
    %jmp/1 T_0.30, 6;
    %dup/vec4;
    %pushi/vec4 29, 0, 6;
    %cmp/u;
    %jmp/1 T_0.31, 6;
    %dup/vec4;
    %pushi/vec4 30, 0, 6;
    %cmp/u;
    %jmp/1 T_0.32, 6;
    %dup/vec4;
    %pushi/vec4 31, 0, 6;
    %cmp/u;
    %jmp/1 T_0.33, 6;
    %dup/vec4;
    %pushi/vec4 33, 0, 6;
    %cmp/u;
    %jmp/1 T_0.34, 6;
    %dup/vec4;
    %pushi/vec4 34, 0, 6;
    %cmp/u;
    %jmp/1 T_0.35, 6;
    %dup/vec4;
    %pushi/vec4 35, 0, 6;
    %cmp/u;
    %jmp/1 T_0.36, 6;
    %dup/vec4;
    %pushi/vec4 36, 0, 6;
    %cmp/u;
    %jmp/1 T_0.37, 6;
    %dup/vec4;
    %pushi/vec4 37, 0, 6;
    %cmp/u;
    %jmp/1 T_0.38, 6;
    %dup/vec4;
    %pushi/vec4 38, 0, 6;
    %cmp/u;
    %jmp/1 T_0.39, 6;
    %dup/vec4;
    %pushi/vec4 39, 0, 6;
    %cmp/u;
    %jmp/1 T_0.40, 6;
    %dup/vec4;
    %pushi/vec4 40, 0, 6;
    %cmp/u;
    %jmp/1 T_0.41, 6;
    %dup/vec4;
    %pushi/vec4 41, 0, 6;
    %cmp/u;
    %jmp/1 T_0.42, 6;
    %jmp T_0.43;
T_0.2 ;
    %pushi/vec4 0, 0, 2;
    %assign/vec4 v02950400_0, 0;
    %pushi/vec4 0, 0, 1;
    %assign/vec4 v0294ef80_0, 0;
    %load/vec4 v0294b978_0;
    %pushi/vec4 94, 0, 8; draw_string_vec4
    %cmp/e;
    %jmp/0xz  T_0.44, 4;
    %pushi/vec4 1, 0, 6;
    %assign/vec4 v011638d0_0, 0;
    %jmp T_0.45;
T_0.44 ;
    %pushi/vec4 0, 0, 6;
    %assign/vec4 v011638d0_0, 0;
T_0.45 ;
    %jmp T_0.43;
T_0.3 ;
    %load/vec4 v0294b978_0;
    %pushi/vec4 94, 0, 8; draw_string_vec4
    %cmp/e;
    %jmp/0xz  T_0.46, 4;
    %pushi/vec4 1, 0, 6;
    %assign/vec4 v011638d0_0, 0;
    %jmp T_0.47;
T_0.46 ;
    %pushi/vec4 48, 0, 8; draw_string_vec4
    %load/vec4 v0294b978_0;
    %cmp/u;
    %flag_get/vec4 4;
    %flag_get/vec4 5;
    %or;
    %load/vec4 v0294b978_0;
    %pushi/vec4 57, 0, 8; draw_string_vec4
    %cmp/u;
    %flag_get/vec4 4;
    %flag_get/vec4 5;
    %or;
    %and;
    %flag_set/vec4 8;
    %jmp/0xz  T_0.48, 8;
    %pushi/vec4 2, 0, 6;
    %assign/vec4 v011638d0_0, 0;
    %jmp T_0.49;
T_0.48 ;
    %pushi/vec4 0, 0, 6;
    %assign/vec4 v011638d0_0, 0;
T_0.49 ;
T_0.47 ;
    %jmp T_0.43;
T_0.4 ;
    %load/vec4 v0294b978_0;
    %pushi/vec4 94, 0, 8; draw_string_vec4
    %cmp/e;
    %jmp/0xz  T_0.50, 4;
    %pushi/vec4 1, 0, 6;
    %assign/vec4 v011638d0_0, 0;
    %jmp T_0.51;
T_0.50 ;
    %pushi/vec4 48, 0, 8; draw_string_vec4
    %load/vec4 v0294b978_0;
    %cmp/u;
    %flag_get/vec4 4;
    %flag_get/vec4 5;
    %or;
    %load/vec4 v0294b978_0;
    %pushi/vec4 57, 0, 8; draw_string_vec4
    %cmp/u;
    %flag_get/vec4 4;
    %flag_get/vec4 5;
    %or;
    %and;
    %flag_set/vec4 8;
    %jmp/0xz  T_0.52, 8;
    %pushi/vec4 3, 0, 6;
    %assign/vec4 v011638d0_0, 0;
    %jmp T_0.53;
T_0.52 ;
    %load/vec4 v0294b978_0;
    %pushi/vec4 64, 0, 8; draw_string_vec4
    %cmp/e;
    %jmp/0xz  T_0.54, 4;
    %pushi/vec4 6, 0, 6;
    %assign/vec4 v011638d0_0, 0;
    %jmp T_0.55;
T_0.54 ;
    %pushi/vec4 0, 0, 6;
    %assign/vec4 v011638d0_0, 0;
T_0.55 ;
T_0.53 ;
T_0.51 ;
    %jmp T_0.43;
T_0.5 ;
    %load/vec4 v0294b978_0;
    %pushi/vec4 94, 0, 8; draw_string_vec4
    %cmp/e;
    %jmp/0xz  T_0.56, 4;
    %pushi/vec4 1, 0, 6;
    %assign/vec4 v011638d0_0, 0;
    %jmp T_0.57;
T_0.56 ;
    %load/vec4 v0294b978_0;
    %pushi/vec4 64, 0, 8; draw_string_vec4
    %cmp/e;
    %jmp/0xz  T_0.58, 4;
    %pushi/vec4 6, 0, 6;
    %assign/vec4 v011638d0_0, 0;
    %jmp T_0.59;
T_0.58 ;
    %pushi/vec4 48, 0, 8; draw_string_vec4
    %load/vec4 v0294b978_0;
    %cmp/u;
    %flag_get/vec4 4;
    %flag_get/vec4 5;
    %or;
    %load/vec4 v0294b978_0;
    %pushi/vec4 57, 0, 8; draw_string_vec4
    %cmp/u;
    %flag_get/vec4 4;
    %flag_get/vec4 5;
    %or;
    %and;
    %flag_set/vec4 8;
    %jmp/0xz  T_0.60, 8;
    %pushi/vec4 4, 0, 6;
    %assign/vec4 v011638d0_0, 0;
    %jmp T_0.61;
T_0.60 ;
    %pushi/vec4 0, 0, 6;
    %assign/vec4 v011638d0_0, 0;
T_0.61 ;
T_0.59 ;
T_0.57 ;
    %jmp T_0.43;
T_0.6 ;
    %load/vec4 v0294b978_0;
    %pushi/vec4 94, 0, 8; draw_string_vec4
    %cmp/e;
    %jmp/0xz  T_0.62, 4;
    %pushi/vec4 1, 0, 6;
    %assign/vec4 v011638d0_0, 0;
    %jmp T_0.63;
T_0.62 ;
    %load/vec4 v0294b978_0;
    %pushi/vec4 64, 0, 8; draw_string_vec4
    %cmp/e;
    %jmp/0xz  T_0.64, 4;
    %pushi/vec4 6, 0, 6;
    %assign/vec4 v011638d0_0, 0;
    %jmp T_0.65;
T_0.64 ;
    %pushi/vec4 48, 0, 8; draw_string_vec4
    %load/vec4 v0294b978_0;
    %cmp/u;
    %flag_get/vec4 4;
    %flag_get/vec4 5;
    %or;
    %load/vec4 v0294b978_0;
    %pushi/vec4 57, 0, 8; draw_string_vec4
    %cmp/u;
    %flag_get/vec4 4;
    %flag_get/vec4 5;
    %or;
    %and;
    %flag_set/vec4 8;
    %jmp/0xz  T_0.66, 8;
    %pushi/vec4 5, 0, 6;
    %assign/vec4 v011638d0_0, 0;
    %jmp T_0.67;
T_0.66 ;
    %pushi/vec4 0, 0, 6;
    %assign/vec4 v011638d0_0, 0;
T_0.67 ;
T_0.65 ;
T_0.63 ;
    %jmp T_0.43;
T_0.7 ;
    %load/vec4 v0294b978_0;
    %pushi/vec4 94, 0, 8; draw_string_vec4
    %cmp/e;
    %jmp/0xz  T_0.68, 4;
    %pushi/vec4 1, 0, 6;
    %assign/vec4 v011638d0_0, 0;
    %jmp T_0.69;
T_0.68 ;
    %load/vec4 v0294b978_0;
    %pushi/vec4 64, 0, 8; draw_string_vec4
    %cmp/e;
    %jmp/0xz  T_0.70, 4;
    %pushi/vec4 6, 0, 6;
    %assign/vec4 v011638d0_0, 0;
    %jmp T_0.71;
T_0.70 ;
    %pushi/vec4 0, 0, 6;
    %assign/vec4 v011638d0_0, 0;
T_0.71 ;
T_0.69 ;
    %jmp T_0.43;
T_0.8 ;
    %load/vec4 v0294b978_0;
    %pushi/vec4 94, 0, 8; draw_string_vec4
    %cmp/e;
    %jmp/0xz  T_0.72, 4;
    %pushi/vec4 1, 0, 6;
    %assign/vec4 v011638d0_0, 0;
    %jmp T_0.73;
T_0.72 ;
    %pushi/vec4 48, 0, 8; draw_string_vec4
    %load/vec4 v0294b978_0;
    %cmp/u;
    %flag_get/vec4 4;
    %flag_get/vec4 5;
    %or;
    %load/vec4 v0294b978_0;
    %pushi/vec4 57, 0, 8; draw_string_vec4
    %cmp/u;
    %flag_get/vec4 4;
    %flag_get/vec4 5;
    %or;
    %and;
    %flag_set/vec4 8;
    %pushi/vec4 97, 0, 8; draw_string_vec4
    %load/vec4 v0294b978_0;
    %cmp/u;
    %flag_get/vec4 4;
    %flag_get/vec4 5;
    %or;
    %load/vec4 v0294b978_0;
    %pushi/vec4 102, 0, 8; draw_string_vec4
    %cmp/u;
    %flag_get/vec4 4;
    %flag_get/vec4 5;
    %or;
    %and;
    %flag_set/vec4 9;
    %flag_or 9, 8;
    %jmp/0xz  T_0.74, 9;
    %pushi/vec4 7, 0, 6;
    %assign/vec4 v011638d0_0, 0;
    %jmp T_0.75;
T_0.74 ;
    %pushi/vec4 0, 0, 6;
    %assign/vec4 v011638d0_0, 0;
T_0.75 ;
T_0.73 ;
    %jmp T_0.43;
T_0.9 ;
    %load/vec4 v0294b978_0;
    %pushi/vec4 94, 0, 8; draw_string_vec4
    %cmp/e;
    %jmp/0xz  T_0.76, 4;
    %pushi/vec4 1, 0, 6;
    %assign/vec4 v011638d0_0, 0;
    %jmp T_0.77;
T_0.76 ;
    %pushi/vec4 48, 0, 8; draw_string_vec4
    %load/vec4 v0294b978_0;
    %cmp/u;
    %flag_get/vec4 4;
    %flag_get/vec4 5;
    %or;
    %load/vec4 v0294b978_0;
    %pushi/vec4 57, 0, 8; draw_string_vec4
    %cmp/u;
    %flag_get/vec4 4;
    %flag_get/vec4 5;
    %or;
    %and;
    %flag_set/vec4 8;
    %pushi/vec4 97, 0, 8; draw_string_vec4
    %load/vec4 v0294b978_0;
    %cmp/u;
    %flag_get/vec4 4;
    %flag_get/vec4 5;
    %or;
    %load/vec4 v0294b978_0;
    %pushi/vec4 102, 0, 8; draw_string_vec4
    %cmp/u;
    %flag_get/vec4 4;
    %flag_get/vec4 5;
    %or;
    %and;
    %flag_set/vec4 9;
    %flag_or 9, 8;
    %jmp/0xz  T_0.78, 9;
    %pushi/vec4 8, 0, 6;
    %assign/vec4 v011638d0_0, 0;
    %jmp T_0.79;
T_0.78 ;
    %pushi/vec4 0, 0, 6;
    %assign/vec4 v011638d0_0, 0;
T_0.79 ;
T_0.77 ;
    %jmp T_0.43;
T_0.10 ;
    %load/vec4 v0294b978_0;
    %pushi/vec4 94, 0, 8; draw_string_vec4
    %cmp/e;
    %jmp/0xz  T_0.80, 4;
    %pushi/vec4 1, 0, 6;
    %assign/vec4 v011638d0_0, 0;
    %jmp T_0.81;
T_0.80 ;
    %pushi/vec4 48, 0, 8; draw_string_vec4
    %load/vec4 v0294b978_0;
    %cmp/u;
    %flag_get/vec4 4;
    %flag_get/vec4 5;
    %or;
    %load/vec4 v0294b978_0;
    %pushi/vec4 57, 0, 8; draw_string_vec4
    %cmp/u;
    %flag_get/vec4 4;
    %flag_get/vec4 5;
    %or;
    %and;
    %flag_set/vec4 8;
    %pushi/vec4 97, 0, 8; draw_string_vec4
    %load/vec4 v0294b978_0;
    %cmp/u;
    %flag_get/vec4 4;
    %flag_get/vec4 5;
    %or;
    %load/vec4 v0294b978_0;
    %pushi/vec4 102, 0, 8; draw_string_vec4
    %cmp/u;
    %flag_get/vec4 4;
    %flag_get/vec4 5;
    %or;
    %and;
    %flag_set/vec4 9;
    %flag_or 9, 8;
    %jmp/0xz  T_0.82, 9;
    %pushi/vec4 9, 0, 6;
    %assign/vec4 v011638d0_0, 0;
    %jmp T_0.83;
T_0.82 ;
    %pushi/vec4 0, 0, 6;
    %assign/vec4 v011638d0_0, 0;
T_0.83 ;
T_0.81 ;
    %jmp T_0.43;
T_0.11 ;
    %load/vec4 v0294b978_0;
    %pushi/vec4 94, 0, 8; draw_string_vec4
    %cmp/e;
    %jmp/0xz  T_0.84, 4;
    %pushi/vec4 1, 0, 6;
    %assign/vec4 v011638d0_0, 0;
    %jmp T_0.85;
T_0.84 ;
    %pushi/vec4 48, 0, 8; draw_string_vec4
    %load/vec4 v0294b978_0;
    %cmp/u;
    %flag_get/vec4 4;
    %flag_get/vec4 5;
    %or;
    %load/vec4 v0294b978_0;
    %pushi/vec4 57, 0, 8; draw_string_vec4
    %cmp/u;
    %flag_get/vec4 4;
    %flag_get/vec4 5;
    %or;
    %and;
    %flag_set/vec4 8;
    %pushi/vec4 97, 0, 8; draw_string_vec4
    %load/vec4 v0294b978_0;
    %cmp/u;
    %flag_get/vec4 4;
    %flag_get/vec4 5;
    %or;
    %load/vec4 v0294b978_0;
    %pushi/vec4 102, 0, 8; draw_string_vec4
    %cmp/u;
    %flag_get/vec4 4;
    %flag_get/vec4 5;
    %or;
    %and;
    %flag_set/vec4 9;
    %flag_or 9, 8;
    %jmp/0xz  T_0.86, 9;
    %pushi/vec4 10, 0, 6;
    %assign/vec4 v011638d0_0, 0;
    %jmp T_0.87;
T_0.86 ;
    %pushi/vec4 0, 0, 6;
    %assign/vec4 v011638d0_0, 0;
T_0.87 ;
T_0.85 ;
    %jmp T_0.43;
T_0.12 ;
    %load/vec4 v0294b978_0;
    %pushi/vec4 94, 0, 8; draw_string_vec4
    %cmp/e;
    %jmp/0xz  T_0.88, 4;
    %pushi/vec4 1, 0, 6;
    %assign/vec4 v011638d0_0, 0;
    %jmp T_0.89;
T_0.88 ;
    %pushi/vec4 48, 0, 8; draw_string_vec4
    %load/vec4 v0294b978_0;
    %cmp/u;
    %flag_get/vec4 4;
    %flag_get/vec4 5;
    %or;
    %load/vec4 v0294b978_0;
    %pushi/vec4 57, 0, 8; draw_string_vec4
    %cmp/u;
    %flag_get/vec4 4;
    %flag_get/vec4 5;
    %or;
    %and;
    %flag_set/vec4 8;
    %pushi/vec4 97, 0, 8; draw_string_vec4
    %load/vec4 v0294b978_0;
    %cmp/u;
    %flag_get/vec4 4;
    %flag_get/vec4 5;
    %or;
    %load/vec4 v0294b978_0;
    %pushi/vec4 102, 0, 8; draw_string_vec4
    %cmp/u;
    %flag_get/vec4 4;
    %flag_get/vec4 5;
    %or;
    %and;
    %flag_set/vec4 9;
    %flag_or 9, 8;
    %jmp/0xz  T_0.90, 9;
    %pushi/vec4 11, 0, 6;
    %assign/vec4 v011638d0_0, 0;
    %jmp T_0.91;
T_0.90 ;
    %pushi/vec4 0, 0, 6;
    %assign/vec4 v011638d0_0, 0;
T_0.91 ;
T_0.89 ;
    %jmp T_0.43;
T_0.13 ;
    %load/vec4 v0294b978_0;
    %pushi/vec4 94, 0, 8; draw_string_vec4
    %cmp/e;
    %jmp/0xz  T_0.92, 4;
    %pushi/vec4 1, 0, 6;
    %assign/vec4 v011638d0_0, 0;
    %jmp T_0.93;
T_0.92 ;
    %pushi/vec4 48, 0, 8; draw_string_vec4
    %load/vec4 v0294b978_0;
    %cmp/u;
    %flag_get/vec4 4;
    %flag_get/vec4 5;
    %or;
    %load/vec4 v0294b978_0;
    %pushi/vec4 57, 0, 8; draw_string_vec4
    %cmp/u;
    %flag_get/vec4 4;
    %flag_get/vec4 5;
    %or;
    %and;
    %flag_set/vec4 8;
    %pushi/vec4 97, 0, 8; draw_string_vec4
    %load/vec4 v0294b978_0;
    %cmp/u;
    %flag_get/vec4 4;
    %flag_get/vec4 5;
    %or;
    %load/vec4 v0294b978_0;
    %pushi/vec4 102, 0, 8; draw_string_vec4
    %cmp/u;
    %flag_get/vec4 4;
    %flag_get/vec4 5;
    %or;
    %and;
    %flag_set/vec4 9;
    %flag_or 9, 8;
    %jmp/0xz  T_0.94, 9;
    %pushi/vec4 12, 0, 6;
    %assign/vec4 v011638d0_0, 0;
    %jmp T_0.95;
T_0.94 ;
    %pushi/vec4 0, 0, 6;
    %assign/vec4 v011638d0_0, 0;
T_0.95 ;
T_0.93 ;
    %jmp T_0.43;
T_0.14 ;
    %load/vec4 v0294b978_0;
    %pushi/vec4 94, 0, 8; draw_string_vec4
    %cmp/e;
    %jmp/0xz  T_0.96, 4;
    %pushi/vec4 1, 0, 6;
    %assign/vec4 v011638d0_0, 0;
    %jmp T_0.97;
T_0.96 ;
    %pushi/vec4 48, 0, 8; draw_string_vec4
    %load/vec4 v0294b978_0;
    %cmp/u;
    %flag_get/vec4 4;
    %flag_get/vec4 5;
    %or;
    %load/vec4 v0294b978_0;
    %pushi/vec4 57, 0, 8; draw_string_vec4
    %cmp/u;
    %flag_get/vec4 4;
    %flag_get/vec4 5;
    %or;
    %and;
    %flag_set/vec4 8;
    %pushi/vec4 97, 0, 8; draw_string_vec4
    %load/vec4 v0294b978_0;
    %cmp/u;
    %flag_get/vec4 4;
    %flag_get/vec4 5;
    %or;
    %load/vec4 v0294b978_0;
    %pushi/vec4 102, 0, 8; draw_string_vec4
    %cmp/u;
    %flag_get/vec4 4;
    %flag_get/vec4 5;
    %or;
    %and;
    %flag_set/vec4 9;
    %flag_or 9, 8;
    %jmp/0xz  T_0.98, 9;
    %pushi/vec4 13, 0, 6;
    %assign/vec4 v011638d0_0, 0;
    %jmp T_0.99;
T_0.98 ;
    %pushi/vec4 0, 0, 6;
    %assign/vec4 v011638d0_0, 0;
T_0.99 ;
T_0.97 ;
    %jmp T_0.43;
T_0.15 ;
    %load/vec4 v0294b978_0;
    %pushi/vec4 94, 0, 8; draw_string_vec4
    %cmp/e;
    %jmp/0xz  T_0.100, 4;
    %pushi/vec4 1, 0, 6;
    %assign/vec4 v011638d0_0, 0;
    %jmp T_0.101;
T_0.100 ;
    %pushi/vec4 48, 0, 8; draw_string_vec4
    %load/vec4 v0294b978_0;
    %cmp/u;
    %flag_get/vec4 4;
    %flag_get/vec4 5;
    %or;
    %load/vec4 v0294b978_0;
    %pushi/vec4 57, 0, 8; draw_string_vec4
    %cmp/u;
    %flag_get/vec4 4;
    %flag_get/vec4 5;
    %or;
    %and;
    %flag_set/vec4 8;
    %pushi/vec4 97, 0, 8; draw_string_vec4
    %load/vec4 v0294b978_0;
    %cmp/u;
    %flag_get/vec4 4;
    %flag_get/vec4 5;
    %or;
    %load/vec4 v0294b978_0;
    %pushi/vec4 102, 0, 8; draw_string_vec4
    %cmp/u;
    %flag_get/vec4 4;
    %flag_get/vec4 5;
    %or;
    %and;
    %flag_set/vec4 9;
    %flag_or 9, 8;
    %jmp/0xz  T_0.102, 9;
    %pushi/vec4 14, 0, 6;
    %assign/vec4 v011638d0_0, 0;
    %jmp T_0.103;
T_0.102 ;
    %pushi/vec4 0, 0, 6;
    %assign/vec4 v011638d0_0, 0;
T_0.103 ;
T_0.101 ;
    %jmp T_0.43;
T_0.16 ;
    %load/vec4 v0294b978_0;
    %pushi/vec4 94, 0, 8; draw_string_vec4
    %cmp/e;
    %jmp/0xz  T_0.104, 4;
    %pushi/vec4 1, 0, 6;
    %assign/vec4 v011638d0_0, 0;
    %jmp T_0.105;
T_0.104 ;
    %load/vec4 v0294b978_0;
    %pushi/vec4 58, 0, 8; draw_string_vec4
    %cmp/e;
    %jmp/0xz  T_0.106, 4;
    %pushi/vec4 15, 0, 6;
    %assign/vec4 v011638d0_0, 0;
    %jmp T_0.107;
T_0.106 ;
    %pushi/vec4 0, 0, 6;
    %assign/vec4 v011638d0_0, 0;
T_0.107 ;
T_0.105 ;
    %jmp T_0.43;
T_0.17 ;
    %load/vec4 v0294b978_0;
    %pushi/vec4 94, 0, 8; draw_string_vec4
    %cmp/e;
    %jmp/0xz  T_0.108, 4;
    %pushi/vec4 1, 0, 6;
    %assign/vec4 v011638d0_0, 0;
    %jmp T_0.109;
T_0.108 ;
    %load/vec4 v0294b978_0;
    %pushi/vec4 32, 0, 8; draw_string_vec4
    %cmp/e;
    %jmp/0xz  T_0.110, 4;
    %pushi/vec4 15, 0, 6;
    %assign/vec4 v011638d0_0, 0;
    %jmp T_0.111;
T_0.110 ;
    %load/vec4 v0294b978_0;
    %pushi/vec4 36, 0, 8; draw_string_vec4
    %cmp/e;
    %jmp/0xz  T_0.112, 4;
    %pushi/vec4 16, 0, 6;
    %assign/vec4 v011638d0_0, 0;
    %pushi/vec4 0, 0, 1;
    %assign/vec4 v0294ef80_0, 0;
    %jmp T_0.113;
T_0.112 ;
    %load/vec4 v0294b978_0;
    %pushi/vec4 42, 0, 8; draw_string_vec4
    %cmp/e;
    %jmp/0xz  T_0.114, 4;
    %pushi/vec4 33, 0, 6;
    %assign/vec4 v011638d0_0, 0;
    %pushi/vec4 1, 0, 1;
    %assign/vec4 v0294ef80_0, 0;
    %jmp T_0.115;
T_0.114 ;
    %pushi/vec4 0, 0, 6;
    %assign/vec4 v011638d0_0, 0;
T_0.115 ;
T_0.113 ;
T_0.111 ;
T_0.109 ;
    %jmp T_0.43;
T_0.18 ;
    %load/vec4 v0294b978_0;
    %pushi/vec4 94, 0, 8; draw_string_vec4
    %cmp/e;
    %jmp/0xz  T_0.116, 4;
    %pushi/vec4 1, 0, 6;
    %assign/vec4 v011638d0_0, 0;
    %jmp T_0.117;
T_0.116 ;
    %pushi/vec4 48, 0, 8; draw_string_vec4
    %load/vec4 v0294b978_0;
    %cmp/u;
    %flag_get/vec4 4;
    %flag_get/vec4 5;
    %or;
    %load/vec4 v0294b978_0;
    %pushi/vec4 57, 0, 8; draw_string_vec4
    %cmp/u;
    %flag_get/vec4 4;
    %flag_get/vec4 5;
    %or;
    %and;
    %flag_set/vec4 8;
    %jmp/0xz  T_0.118, 8;
    %pushi/vec4 17, 0, 6;
    %assign/vec4 v011638d0_0, 0;
    %jmp T_0.119;
T_0.118 ;
    %pushi/vec4 0, 0, 6;
    %assign/vec4 v011638d0_0, 0;
T_0.119 ;
T_0.117 ;
    %jmp T_0.43;
T_0.19 ;
    %load/vec4 v0294b978_0;
    %pushi/vec4 94, 0, 8; draw_string_vec4
    %cmp/e;
    %jmp/0xz  T_0.120, 4;
    %pushi/vec4 1, 0, 6;
    %assign/vec4 v011638d0_0, 0;
    %jmp T_0.121;
T_0.120 ;
    %pushi/vec4 48, 0, 8; draw_string_vec4
    %load/vec4 v0294b978_0;
    %cmp/u;
    %flag_get/vec4 4;
    %flag_get/vec4 5;
    %or;
    %load/vec4 v0294b978_0;
    %pushi/vec4 57, 0, 8; draw_string_vec4
    %cmp/u;
    %flag_get/vec4 4;
    %flag_get/vec4 5;
    %or;
    %and;
    %flag_set/vec4 8;
    %jmp/0xz  T_0.122, 8;
    %pushi/vec4 18, 0, 6;
    %assign/vec4 v011638d0_0, 0;
    %jmp T_0.123;
T_0.122 ;
    %load/vec4 v0294b978_0;
    %pushi/vec4 32, 0, 8; draw_string_vec4
    %cmp/e;
    %jmp/0xz  T_0.124, 4;
    %pushi/vec4 21, 0, 6;
    %assign/vec4 v011638d0_0, 0;
    %jmp T_0.125;
T_0.124 ;
    %load/vec4 v0294b978_0;
    %pushi/vec4 60, 0, 8; draw_string_vec4
    %cmp/e;
    %jmp/0xz  T_0.126, 4;
    %pushi/vec4 22, 0, 6;
    %assign/vec4 v011638d0_0, 0;
    %jmp T_0.127;
T_0.126 ;
    %pushi/vec4 0, 0, 6;
    %assign/vec4 v011638d0_0, 0;
T_0.127 ;
T_0.125 ;
T_0.123 ;
T_0.121 ;
    %jmp T_0.43;
T_0.20 ;
    %load/vec4 v0294b978_0;
    %pushi/vec4 94, 0, 8; draw_string_vec4
    %cmp/e;
    %jmp/0xz  T_0.128, 4;
    %pushi/vec4 1, 0, 6;
    %assign/vec4 v011638d0_0, 0;
    %jmp T_0.129;
T_0.128 ;
    %pushi/vec4 48, 0, 8; draw_string_vec4
    %load/vec4 v0294b978_0;
    %cmp/u;
    %flag_get/vec4 4;
    %flag_get/vec4 5;
    %or;
    %load/vec4 v0294b978_0;
    %pushi/vec4 57, 0, 8; draw_string_vec4
    %cmp/u;
    %flag_get/vec4 4;
    %flag_get/vec4 5;
    %or;
    %and;
    %flag_set/vec4 8;
    %jmp/0xz  T_0.130, 8;
    %pushi/vec4 19, 0, 6;
    %assign/vec4 v011638d0_0, 0;
    %jmp T_0.131;
T_0.130 ;
    %load/vec4 v0294b978_0;
    %pushi/vec4 32, 0, 8; draw_string_vec4
    %cmp/e;
    %jmp/0xz  T_0.132, 4;
    %pushi/vec4 21, 0, 6;
    %assign/vec4 v011638d0_0, 0;
    %jmp T_0.133;
T_0.132 ;
    %load/vec4 v0294b978_0;
    %pushi/vec4 60, 0, 8; draw_string_vec4
    %cmp/e;
    %jmp/0xz  T_0.134, 4;
    %pushi/vec4 22, 0, 6;
    %assign/vec4 v011638d0_0, 0;
    %jmp T_0.135;
T_0.134 ;
    %pushi/vec4 0, 0, 6;
    %assign/vec4 v011638d0_0, 0;
T_0.135 ;
T_0.133 ;
T_0.131 ;
T_0.129 ;
    %jmp T_0.43;
T_0.21 ;
    %load/vec4 v0294b978_0;
    %pushi/vec4 94, 0, 8; draw_string_vec4
    %cmp/e;
    %jmp/0xz  T_0.136, 4;
    %pushi/vec4 1, 0, 6;
    %assign/vec4 v011638d0_0, 0;
    %jmp T_0.137;
T_0.136 ;
    %pushi/vec4 48, 0, 8; draw_string_vec4
    %load/vec4 v0294b978_0;
    %cmp/u;
    %flag_get/vec4 4;
    %flag_get/vec4 5;
    %or;
    %load/vec4 v0294b978_0;
    %pushi/vec4 57, 0, 8; draw_string_vec4
    %cmp/u;
    %flag_get/vec4 4;
    %flag_get/vec4 5;
    %or;
    %and;
    %flag_set/vec4 8;
    %jmp/0xz  T_0.138, 8;
    %pushi/vec4 20, 0, 6;
    %assign/vec4 v011638d0_0, 0;
    %jmp T_0.139;
T_0.138 ;
    %load/vec4 v0294b978_0;
    %pushi/vec4 32, 0, 8; draw_string_vec4
    %cmp/e;
    %jmp/0xz  T_0.140, 4;
    %pushi/vec4 21, 0, 6;
    %assign/vec4 v011638d0_0, 0;
    %jmp T_0.141;
T_0.140 ;
    %load/vec4 v0294b978_0;
    %pushi/vec4 60, 0, 8; draw_string_vec4
    %cmp/e;
    %jmp/0xz  T_0.142, 4;
    %pushi/vec4 22, 0, 6;
    %assign/vec4 v011638d0_0, 0;
    %jmp T_0.143;
T_0.142 ;
    %pushi/vec4 0, 0, 6;
    %assign/vec4 v011638d0_0, 0;
T_0.143 ;
T_0.141 ;
T_0.139 ;
T_0.137 ;
    %jmp T_0.43;
T_0.22 ;
    %load/vec4 v0294b978_0;
    %pushi/vec4 94, 0, 8; draw_string_vec4
    %cmp/e;
    %jmp/0xz  T_0.144, 4;
    %pushi/vec4 1, 0, 6;
    %assign/vec4 v011638d0_0, 0;
    %jmp T_0.145;
T_0.144 ;
    %load/vec4 v0294b978_0;
    %pushi/vec4 32, 0, 8; draw_string_vec4
    %cmp/e;
    %jmp/0xz  T_0.146, 4;
    %pushi/vec4 21, 0, 6;
    %assign/vec4 v011638d0_0, 0;
    %jmp T_0.147;
T_0.146 ;
    %load/vec4 v0294b978_0;
    %pushi/vec4 60, 0, 8; draw_string_vec4
    %cmp/e;
    %jmp/0xz  T_0.148, 4;
    %pushi/vec4 22, 0, 6;
    %assign/vec4 v011638d0_0, 0;
    %jmp T_0.149;
T_0.148 ;
    %pushi/vec4 0, 0, 6;
    %assign/vec4 v011638d0_0, 0;
T_0.149 ;
T_0.147 ;
T_0.145 ;
    %jmp T_0.43;
T_0.23 ;
    %load/vec4 v0294b978_0;
    %pushi/vec4 94, 0, 8; draw_string_vec4
    %cmp/e;
    %jmp/0xz  T_0.150, 4;
    %pushi/vec4 1, 0, 6;
    %assign/vec4 v011638d0_0, 0;
    %jmp T_0.151;
T_0.150 ;
    %load/vec4 v0294b978_0;
    %pushi/vec4 32, 0, 8; draw_string_vec4
    %cmp/e;
    %jmp/0xz  T_0.152, 4;
    %pushi/vec4 21, 0, 6;
    %assign/vec4 v011638d0_0, 0;
    %jmp T_0.153;
T_0.152 ;
    %load/vec4 v0294b978_0;
    %pushi/vec4 60, 0, 8; draw_string_vec4
    %cmp/e;
    %jmp/0xz  T_0.154, 4;
    %pushi/vec4 22, 0, 6;
    %assign/vec4 v011638d0_0, 0;
    %jmp T_0.155;
T_0.154 ;
    %pushi/vec4 0, 0, 6;
    %assign/vec4 v011638d0_0, 0;
T_0.155 ;
T_0.153 ;
T_0.151 ;
    %jmp T_0.43;
T_0.24 ;
    %load/vec4 v0294b978_0;
    %pushi/vec4 61, 0, 8; draw_string_vec4
    %cmp/e;
    %jmp/0xz  T_0.156, 4;
    %pushi/vec4 23, 0, 6;
    %assign/vec4 v011638d0_0, 0;
    %jmp T_0.157;
T_0.156 ;
    %load/vec4 v0294b978_0;
    %pushi/vec4 94, 0, 8; draw_string_vec4
    %cmp/e;
    %jmp/0xz  T_0.158, 4;
    %pushi/vec4 1, 0, 6;
    %assign/vec4 v011638d0_0, 0;
    %jmp T_0.159;
T_0.158 ;
    %pushi/vec4 0, 0, 6;
    %assign/vec4 v011638d0_0, 0;
T_0.159 ;
T_0.157 ;
    %jmp T_0.43;
T_0.25 ;
    %load/vec4 v0294b978_0;
    %pushi/vec4 94, 0, 8; draw_string_vec4
    %cmp/e;
    %jmp/0xz  T_0.160, 4;
    %pushi/vec4 1, 0, 6;
    %assign/vec4 v011638d0_0, 0;
    %jmp T_0.161;
T_0.160 ;
    %load/vec4 v0294b978_0;
    %pushi/vec4 32, 0, 8; draw_string_vec4
    %cmp/e;
    %jmp/0xz  T_0.162, 4;
    %pushi/vec4 23, 0, 6;
    %assign/vec4 v011638d0_0, 0;
    %jmp T_0.163;
T_0.162 ;
    %pushi/vec4 48, 0, 8; draw_string_vec4
    %load/vec4 v0294b978_0;
    %cmp/u;
    %flag_get/vec4 4;
    %flag_get/vec4 5;
    %or;
    %load/vec4 v0294b978_0;
    %pushi/vec4 57, 0, 8; draw_string_vec4
    %cmp/u;
    %flag_get/vec4 4;
    %flag_get/vec4 5;
    %or;
    %and;
    %flag_set/vec4 8;
    %pushi/vec4 97, 0, 8; draw_string_vec4
    %load/vec4 v0294b978_0;
    %cmp/u;
    %flag_get/vec4 4;
    %flag_get/vec4 5;
    %or;
    %load/vec4 v0294b978_0;
    %pushi/vec4 102, 0, 8; draw_string_vec4
    %cmp/u;
    %flag_get/vec4 4;
    %flag_get/vec4 5;
    %or;
    %and;
    %flag_set/vec4 9;
    %flag_or 9, 8;
    %jmp/0xz  T_0.164, 9;
    %pushi/vec4 24, 0, 6;
    %assign/vec4 v011638d0_0, 0;
    %jmp T_0.165;
T_0.164 ;
    %pushi/vec4 0, 0, 6;
    %assign/vec4 v011638d0_0, 0;
T_0.165 ;
T_0.163 ;
T_0.161 ;
    %jmp T_0.43;
T_0.26 ;
    %load/vec4 v0294b978_0;
    %pushi/vec4 94, 0, 8; draw_string_vec4
    %cmp/e;
    %jmp/0xz  T_0.166, 4;
    %pushi/vec4 1, 0, 6;
    %assign/vec4 v011638d0_0, 0;
    %jmp T_0.167;
T_0.166 ;
    %pushi/vec4 48, 0, 8; draw_string_vec4
    %load/vec4 v0294b978_0;
    %cmp/u;
    %flag_get/vec4 4;
    %flag_get/vec4 5;
    %or;
    %load/vec4 v0294b978_0;
    %pushi/vec4 57, 0, 8; draw_string_vec4
    %cmp/u;
    %flag_get/vec4 4;
    %flag_get/vec4 5;
    %or;
    %and;
    %flag_set/vec4 8;
    %pushi/vec4 97, 0, 8; draw_string_vec4
    %load/vec4 v0294b978_0;
    %cmp/u;
    %flag_get/vec4 4;
    %flag_get/vec4 5;
    %or;
    %load/vec4 v0294b978_0;
    %pushi/vec4 102, 0, 8; draw_string_vec4
    %cmp/u;
    %flag_get/vec4 4;
    %flag_get/vec4 5;
    %or;
    %and;
    %flag_set/vec4 9;
    %flag_or 9, 8;
    %jmp/0xz  T_0.168, 9;
    %pushi/vec4 25, 0, 6;
    %assign/vec4 v011638d0_0, 0;
    %jmp T_0.169;
T_0.168 ;
    %pushi/vec4 0, 0, 6;
    %assign/vec4 v011638d0_0, 0;
T_0.169 ;
T_0.167 ;
    %jmp T_0.43;
T_0.27 ;
    %load/vec4 v0294b978_0;
    %pushi/vec4 94, 0, 8; draw_string_vec4
    %cmp/e;
    %jmp/0xz  T_0.170, 4;
    %pushi/vec4 1, 0, 6;
    %assign/vec4 v011638d0_0, 0;
    %jmp T_0.171;
T_0.170 ;
    %pushi/vec4 48, 0, 8; draw_string_vec4
    %load/vec4 v0294b978_0;
    %cmp/u;
    %flag_get/vec4 4;
    %flag_get/vec4 5;
    %or;
    %load/vec4 v0294b978_0;
    %pushi/vec4 57, 0, 8; draw_string_vec4
    %cmp/u;
    %flag_get/vec4 4;
    %flag_get/vec4 5;
    %or;
    %and;
    %flag_set/vec4 8;
    %pushi/vec4 97, 0, 8; draw_string_vec4
    %load/vec4 v0294b978_0;
    %cmp/u;
    %flag_get/vec4 4;
    %flag_get/vec4 5;
    %or;
    %load/vec4 v0294b978_0;
    %pushi/vec4 102, 0, 8; draw_string_vec4
    %cmp/u;
    %flag_get/vec4 4;
    %flag_get/vec4 5;
    %or;
    %and;
    %flag_set/vec4 9;
    %flag_or 9, 8;
    %jmp/0xz  T_0.172, 9;
    %pushi/vec4 26, 0, 6;
    %assign/vec4 v011638d0_0, 0;
    %jmp T_0.173;
T_0.172 ;
    %pushi/vec4 0, 0, 6;
    %assign/vec4 v011638d0_0, 0;
T_0.173 ;
T_0.171 ;
    %jmp T_0.43;
T_0.28 ;
    %load/vec4 v0294b978_0;
    %pushi/vec4 94, 0, 8; draw_string_vec4
    %cmp/e;
    %jmp/0xz  T_0.174, 4;
    %pushi/vec4 1, 0, 6;
    %assign/vec4 v011638d0_0, 0;
    %jmp T_0.175;
T_0.174 ;
    %pushi/vec4 48, 0, 8; draw_string_vec4
    %load/vec4 v0294b978_0;
    %cmp/u;
    %flag_get/vec4 4;
    %flag_get/vec4 5;
    %or;
    %load/vec4 v0294b978_0;
    %pushi/vec4 57, 0, 8; draw_string_vec4
    %cmp/u;
    %flag_get/vec4 4;
    %flag_get/vec4 5;
    %or;
    %and;
    %flag_set/vec4 8;
    %pushi/vec4 97, 0, 8; draw_string_vec4
    %load/vec4 v0294b978_0;
    %cmp/u;
    %flag_get/vec4 4;
    %flag_get/vec4 5;
    %or;
    %load/vec4 v0294b978_0;
    %pushi/vec4 102, 0, 8; draw_string_vec4
    %cmp/u;
    %flag_get/vec4 4;
    %flag_get/vec4 5;
    %or;
    %and;
    %flag_set/vec4 9;
    %flag_or 9, 8;
    %jmp/0xz  T_0.176, 9;
    %pushi/vec4 27, 0, 6;
    %assign/vec4 v011638d0_0, 0;
    %jmp T_0.177;
T_0.176 ;
    %pushi/vec4 0, 0, 6;
    %assign/vec4 v011638d0_0, 0;
T_0.177 ;
T_0.175 ;
    %jmp T_0.43;
T_0.29 ;
    %load/vec4 v0294b978_0;
    %pushi/vec4 94, 0, 8; draw_string_vec4
    %cmp/e;
    %jmp/0xz  T_0.178, 4;
    %pushi/vec4 1, 0, 6;
    %assign/vec4 v011638d0_0, 0;
    %jmp T_0.179;
T_0.178 ;
    %pushi/vec4 48, 0, 8; draw_string_vec4
    %load/vec4 v0294b978_0;
    %cmp/u;
    %flag_get/vec4 4;
    %flag_get/vec4 5;
    %or;
    %load/vec4 v0294b978_0;
    %pushi/vec4 57, 0, 8; draw_string_vec4
    %cmp/u;
    %flag_get/vec4 4;
    %flag_get/vec4 5;
    %or;
    %and;
    %flag_set/vec4 8;
    %pushi/vec4 97, 0, 8; draw_string_vec4
    %load/vec4 v0294b978_0;
    %cmp/u;
    %flag_get/vec4 4;
    %flag_get/vec4 5;
    %or;
    %load/vec4 v0294b978_0;
    %pushi/vec4 102, 0, 8; draw_string_vec4
    %cmp/u;
    %flag_get/vec4 4;
    %flag_get/vec4 5;
    %or;
    %and;
    %flag_set/vec4 9;
    %flag_or 9, 8;
    %jmp/0xz  T_0.180, 9;
    %pushi/vec4 28, 0, 6;
    %assign/vec4 v011638d0_0, 0;
    %jmp T_0.181;
T_0.180 ;
    %pushi/vec4 0, 0, 6;
    %assign/vec4 v011638d0_0, 0;
T_0.181 ;
T_0.179 ;
    %jmp T_0.43;
T_0.30 ;
    %load/vec4 v0294b978_0;
    %pushi/vec4 94, 0, 8; draw_string_vec4
    %cmp/e;
    %jmp/0xz  T_0.182, 4;
    %pushi/vec4 1, 0, 6;
    %assign/vec4 v011638d0_0, 0;
    %jmp T_0.183;
T_0.182 ;
    %pushi/vec4 48, 0, 8; draw_string_vec4
    %load/vec4 v0294b978_0;
    %cmp/u;
    %flag_get/vec4 4;
    %flag_get/vec4 5;
    %or;
    %load/vec4 v0294b978_0;
    %pushi/vec4 57, 0, 8; draw_string_vec4
    %cmp/u;
    %flag_get/vec4 4;
    %flag_get/vec4 5;
    %or;
    %and;
    %flag_set/vec4 8;
    %pushi/vec4 97, 0, 8; draw_string_vec4
    %load/vec4 v0294b978_0;
    %cmp/u;
    %flag_get/vec4 4;
    %flag_get/vec4 5;
    %or;
    %load/vec4 v0294b978_0;
    %pushi/vec4 102, 0, 8; draw_string_vec4
    %cmp/u;
    %flag_get/vec4 4;
    %flag_get/vec4 5;
    %or;
    %and;
    %flag_set/vec4 9;
    %flag_or 9, 8;
    %jmp/0xz  T_0.184, 9;
    %pushi/vec4 29, 0, 6;
    %assign/vec4 v011638d0_0, 0;
    %jmp T_0.185;
T_0.184 ;
    %pushi/vec4 0, 0, 6;
    %assign/vec4 v011638d0_0, 0;
T_0.185 ;
T_0.183 ;
    %jmp T_0.43;
T_0.31 ;
    %load/vec4 v0294b978_0;
    %pushi/vec4 94, 0, 8; draw_string_vec4
    %cmp/e;
    %jmp/0xz  T_0.186, 4;
    %pushi/vec4 1, 0, 6;
    %assign/vec4 v011638d0_0, 0;
    %jmp T_0.187;
T_0.186 ;
    %pushi/vec4 48, 0, 8; draw_string_vec4
    %load/vec4 v0294b978_0;
    %cmp/u;
    %flag_get/vec4 4;
    %flag_get/vec4 5;
    %or;
    %load/vec4 v0294b978_0;
    %pushi/vec4 57, 0, 8; draw_string_vec4
    %cmp/u;
    %flag_get/vec4 4;
    %flag_get/vec4 5;
    %or;
    %and;
    %flag_set/vec4 8;
    %pushi/vec4 97, 0, 8; draw_string_vec4
    %load/vec4 v0294b978_0;
    %cmp/u;
    %flag_get/vec4 4;
    %flag_get/vec4 5;
    %or;
    %load/vec4 v0294b978_0;
    %pushi/vec4 102, 0, 8; draw_string_vec4
    %cmp/u;
    %flag_get/vec4 4;
    %flag_get/vec4 5;
    %or;
    %and;
    %flag_set/vec4 9;
    %flag_or 9, 8;
    %jmp/0xz  T_0.188, 9;
    %pushi/vec4 30, 0, 6;
    %assign/vec4 v011638d0_0, 0;
    %jmp T_0.189;
T_0.188 ;
    %pushi/vec4 0, 0, 6;
    %assign/vec4 v011638d0_0, 0;
T_0.189 ;
T_0.187 ;
    %jmp T_0.43;
T_0.32 ;
    %load/vec4 v0294b978_0;
    %pushi/vec4 94, 0, 8; draw_string_vec4
    %cmp/e;
    %jmp/0xz  T_0.190, 4;
    %pushi/vec4 1, 0, 6;
    %assign/vec4 v011638d0_0, 0;
    %jmp T_0.191;
T_0.190 ;
    %pushi/vec4 48, 0, 8; draw_string_vec4
    %load/vec4 v0294b978_0;
    %cmp/u;
    %flag_get/vec4 4;
    %flag_get/vec4 5;
    %or;
    %load/vec4 v0294b978_0;
    %pushi/vec4 57, 0, 8; draw_string_vec4
    %cmp/u;
    %flag_get/vec4 4;
    %flag_get/vec4 5;
    %or;
    %and;
    %flag_set/vec4 8;
    %pushi/vec4 97, 0, 8; draw_string_vec4
    %load/vec4 v0294b978_0;
    %cmp/u;
    %flag_get/vec4 4;
    %flag_get/vec4 5;
    %or;
    %load/vec4 v0294b978_0;
    %pushi/vec4 102, 0, 8; draw_string_vec4
    %cmp/u;
    %flag_get/vec4 4;
    %flag_get/vec4 5;
    %or;
    %and;
    %flag_set/vec4 9;
    %flag_or 9, 8;
    %jmp/0xz  T_0.192, 9;
    %pushi/vec4 31, 0, 6;
    %assign/vec4 v011638d0_0, 0;
    %jmp T_0.193;
T_0.192 ;
    %pushi/vec4 0, 0, 6;
    %assign/vec4 v011638d0_0, 0;
T_0.193 ;
T_0.191 ;
    %jmp T_0.43;
T_0.33 ;
    %load/vec4 v0294b978_0;
    %pushi/vec4 94, 0, 8; draw_string_vec4
    %cmp/e;
    %jmp/0xz  T_0.194, 4;
    %pushi/vec4 1, 0, 6;
    %assign/vec4 v011638d0_0, 0;
    %jmp T_0.195;
T_0.194 ;
    %load/vec4 v0294b978_0;
    %pushi/vec4 35, 0, 8; draw_string_vec4
    %cmp/e;
    %jmp/0xz  T_0.196, 4;
    %pushi/vec4 0, 0, 6;
    %assign/vec4 v011638d0_0, 0;
    %load/vec4 v0294ef80_0;
    %cmpi/e 0, 0, 1;
    %jmp/0xz  T_0.198, 4;
    %pushi/vec4 1, 0, 2;
    %assign/vec4 v02950400_0, 0;
    %jmp T_0.199;
T_0.198 ;
    %pushi/vec4 2, 0, 2;
    %assign/vec4 v02950400_0, 0;
T_0.199 ;
    %jmp T_0.197;
T_0.196 ;
    %pushi/vec4 0, 0, 6;
    %assign/vec4 v011638d0_0, 0;
T_0.197 ;
T_0.195 ;
    %jmp T_0.43;
T_0.34 ;
    %load/vec4 v0294b978_0;
    %pushi/vec4 94, 0, 8; draw_string_vec4
    %cmp/e;
    %jmp/0xz  T_0.200, 4;
    %pushi/vec4 1, 0, 6;
    %assign/vec4 v011638d0_0, 0;
    %jmp T_0.201;
T_0.200 ;
    %pushi/vec4 48, 0, 8; draw_string_vec4
    %load/vec4 v0294b978_0;
    %cmp/u;
    %flag_get/vec4 4;
    %flag_get/vec4 5;
    %or;
    %load/vec4 v0294b978_0;
    %pushi/vec4 57, 0, 8; draw_string_vec4
    %cmp/u;
    %flag_get/vec4 4;
    %flag_get/vec4 5;
    %or;
    %and;
    %flag_set/vec4 8;
    %pushi/vec4 97, 0, 8; draw_string_vec4
    %load/vec4 v0294b978_0;
    %cmp/u;
    %flag_get/vec4 4;
    %flag_get/vec4 5;
    %or;
    %load/vec4 v0294b978_0;
    %pushi/vec4 102, 0, 8; draw_string_vec4
    %cmp/u;
    %flag_get/vec4 4;
    %flag_get/vec4 5;
    %or;
    %and;
    %flag_set/vec4 9;
    %flag_or 9, 8;
    %jmp/0xz  T_0.202, 9;
    %pushi/vec4 34, 0, 6;
    %assign/vec4 v011638d0_0, 0;
    %jmp T_0.203;
T_0.202 ;
    %pushi/vec4 0, 0, 6;
    %assign/vec4 v011638d0_0, 0;
T_0.203 ;
T_0.201 ;
    %jmp T_0.43;
T_0.35 ;
    %load/vec4 v0294b978_0;
    %pushi/vec4 94, 0, 8; draw_string_vec4
    %cmp/e;
    %jmp/0xz  T_0.204, 4;
    %pushi/vec4 1, 0, 6;
    %assign/vec4 v011638d0_0, 0;
    %jmp T_0.205;
T_0.204 ;
    %pushi/vec4 48, 0, 8; draw_string_vec4
    %load/vec4 v0294b978_0;
    %cmp/u;
    %flag_get/vec4 4;
    %flag_get/vec4 5;
    %or;
    %load/vec4 v0294b978_0;
    %pushi/vec4 57, 0, 8; draw_string_vec4
    %cmp/u;
    %flag_get/vec4 4;
    %flag_get/vec4 5;
    %or;
    %and;
    %flag_set/vec4 8;
    %pushi/vec4 97, 0, 8; draw_string_vec4
    %load/vec4 v0294b978_0;
    %cmp/u;
    %flag_get/vec4 4;
    %flag_get/vec4 5;
    %or;
    %load/vec4 v0294b978_0;
    %pushi/vec4 102, 0, 8; draw_string_vec4
    %cmp/u;
    %flag_get/vec4 4;
    %flag_get/vec4 5;
    %or;
    %and;
    %flag_set/vec4 9;
    %flag_or 9, 8;
    %jmp/0xz  T_0.206, 9;
    %pushi/vec4 35, 0, 6;
    %assign/vec4 v011638d0_0, 0;
    %jmp T_0.207;
T_0.206 ;
    %pushi/vec4 0, 0, 6;
    %assign/vec4 v011638d0_0, 0;
T_0.207 ;
T_0.205 ;
    %jmp T_0.43;
T_0.36 ;
    %load/vec4 v0294b978_0;
    %pushi/vec4 94, 0, 8; draw_string_vec4
    %cmp/e;
    %jmp/0xz  T_0.208, 4;
    %pushi/vec4 1, 0, 6;
    %assign/vec4 v011638d0_0, 0;
    %jmp T_0.209;
T_0.208 ;
    %pushi/vec4 48, 0, 8; draw_string_vec4
    %load/vec4 v0294b978_0;
    %cmp/u;
    %flag_get/vec4 4;
    %flag_get/vec4 5;
    %or;
    %load/vec4 v0294b978_0;
    %pushi/vec4 57, 0, 8; draw_string_vec4
    %cmp/u;
    %flag_get/vec4 4;
    %flag_get/vec4 5;
    %or;
    %and;
    %flag_set/vec4 8;
    %pushi/vec4 97, 0, 8; draw_string_vec4
    %load/vec4 v0294b978_0;
    %cmp/u;
    %flag_get/vec4 4;
    %flag_get/vec4 5;
    %or;
    %load/vec4 v0294b978_0;
    %pushi/vec4 102, 0, 8; draw_string_vec4
    %cmp/u;
    %flag_get/vec4 4;
    %flag_get/vec4 5;
    %or;
    %and;
    %flag_set/vec4 9;
    %flag_or 9, 8;
    %jmp/0xz  T_0.210, 9;
    %pushi/vec4 36, 0, 6;
    %assign/vec4 v011638d0_0, 0;
    %jmp T_0.211;
T_0.210 ;
    %pushi/vec4 0, 0, 6;
    %assign/vec4 v011638d0_0, 0;
T_0.211 ;
T_0.209 ;
    %jmp T_0.43;
T_0.37 ;
    %load/vec4 v0294b978_0;
    %pushi/vec4 94, 0, 8; draw_string_vec4
    %cmp/e;
    %jmp/0xz  T_0.212, 4;
    %pushi/vec4 1, 0, 6;
    %assign/vec4 v011638d0_0, 0;
    %jmp T_0.213;
T_0.212 ;
    %pushi/vec4 48, 0, 8; draw_string_vec4
    %load/vec4 v0294b978_0;
    %cmp/u;
    %flag_get/vec4 4;
    %flag_get/vec4 5;
    %or;
    %load/vec4 v0294b978_0;
    %pushi/vec4 57, 0, 8; draw_string_vec4
    %cmp/u;
    %flag_get/vec4 4;
    %flag_get/vec4 5;
    %or;
    %and;
    %flag_set/vec4 8;
    %pushi/vec4 97, 0, 8; draw_string_vec4
    %load/vec4 v0294b978_0;
    %cmp/u;
    %flag_get/vec4 4;
    %flag_get/vec4 5;
    %or;
    %load/vec4 v0294b978_0;
    %pushi/vec4 102, 0, 8; draw_string_vec4
    %cmp/u;
    %flag_get/vec4 4;
    %flag_get/vec4 5;
    %or;
    %and;
    %flag_set/vec4 9;
    %flag_or 9, 8;
    %jmp/0xz  T_0.214, 9;
    %pushi/vec4 37, 0, 6;
    %assign/vec4 v011638d0_0, 0;
    %jmp T_0.215;
T_0.214 ;
    %pushi/vec4 0, 0, 6;
    %assign/vec4 v011638d0_0, 0;
T_0.215 ;
T_0.213 ;
    %jmp T_0.43;
T_0.38 ;
    %load/vec4 v0294b978_0;
    %pushi/vec4 94, 0, 8; draw_string_vec4
    %cmp/e;
    %jmp/0xz  T_0.216, 4;
    %pushi/vec4 1, 0, 6;
    %assign/vec4 v011638d0_0, 0;
    %jmp T_0.217;
T_0.216 ;
    %pushi/vec4 48, 0, 8; draw_string_vec4
    %load/vec4 v0294b978_0;
    %cmp/u;
    %flag_get/vec4 4;
    %flag_get/vec4 5;
    %or;
    %load/vec4 v0294b978_0;
    %pushi/vec4 57, 0, 8; draw_string_vec4
    %cmp/u;
    %flag_get/vec4 4;
    %flag_get/vec4 5;
    %or;
    %and;
    %flag_set/vec4 8;
    %pushi/vec4 97, 0, 8; draw_string_vec4
    %load/vec4 v0294b978_0;
    %cmp/u;
    %flag_get/vec4 4;
    %flag_get/vec4 5;
    %or;
    %load/vec4 v0294b978_0;
    %pushi/vec4 102, 0, 8; draw_string_vec4
    %cmp/u;
    %flag_get/vec4 4;
    %flag_get/vec4 5;
    %or;
    %and;
    %flag_set/vec4 9;
    %flag_or 9, 8;
    %jmp/0xz  T_0.218, 9;
    %pushi/vec4 38, 0, 6;
    %assign/vec4 v011638d0_0, 0;
    %jmp T_0.219;
T_0.218 ;
    %pushi/vec4 0, 0, 6;
    %assign/vec4 v011638d0_0, 0;
T_0.219 ;
T_0.217 ;
    %jmp T_0.43;
T_0.39 ;
    %load/vec4 v0294b978_0;
    %pushi/vec4 94, 0, 8; draw_string_vec4
    %cmp/e;
    %jmp/0xz  T_0.220, 4;
    %pushi/vec4 1, 0, 6;
    %assign/vec4 v011638d0_0, 0;
    %jmp T_0.221;
T_0.220 ;
    %pushi/vec4 48, 0, 8; draw_string_vec4
    %load/vec4 v0294b978_0;
    %cmp/u;
    %flag_get/vec4 4;
    %flag_get/vec4 5;
    %or;
    %load/vec4 v0294b978_0;
    %pushi/vec4 57, 0, 8; draw_string_vec4
    %cmp/u;
    %flag_get/vec4 4;
    %flag_get/vec4 5;
    %or;
    %and;
    %flag_set/vec4 8;
    %pushi/vec4 97, 0, 8; draw_string_vec4
    %load/vec4 v0294b978_0;
    %cmp/u;
    %flag_get/vec4 4;
    %flag_get/vec4 5;
    %or;
    %load/vec4 v0294b978_0;
    %pushi/vec4 102, 0, 8; draw_string_vec4
    %cmp/u;
    %flag_get/vec4 4;
    %flag_get/vec4 5;
    %or;
    %and;
    %flag_set/vec4 9;
    %flag_or 9, 8;
    %jmp/0xz  T_0.222, 9;
    %pushi/vec4 39, 0, 6;
    %assign/vec4 v011638d0_0, 0;
    %jmp T_0.223;
T_0.222 ;
    %pushi/vec4 0, 0, 6;
    %assign/vec4 v011638d0_0, 0;
T_0.223 ;
T_0.221 ;
    %jmp T_0.43;
T_0.40 ;
    %load/vec4 v0294b978_0;
    %pushi/vec4 94, 0, 8; draw_string_vec4
    %cmp/e;
    %jmp/0xz  T_0.224, 4;
    %pushi/vec4 1, 0, 6;
    %assign/vec4 v011638d0_0, 0;
    %jmp T_0.225;
T_0.224 ;
    %pushi/vec4 48, 0, 8; draw_string_vec4
    %load/vec4 v0294b978_0;
    %cmp/u;
    %flag_get/vec4 4;
    %flag_get/vec4 5;
    %or;
    %load/vec4 v0294b978_0;
    %pushi/vec4 57, 0, 8; draw_string_vec4
    %cmp/u;
    %flag_get/vec4 4;
    %flag_get/vec4 5;
    %or;
    %and;
    %flag_set/vec4 8;
    %pushi/vec4 97, 0, 8; draw_string_vec4
    %load/vec4 v0294b978_0;
    %cmp/u;
    %flag_get/vec4 4;
    %flag_get/vec4 5;
    %or;
    %load/vec4 v0294b978_0;
    %pushi/vec4 102, 0, 8; draw_string_vec4
    %cmp/u;
    %flag_get/vec4 4;
    %flag_get/vec4 5;
    %or;
    %and;
    %flag_set/vec4 9;
    %flag_or 9, 8;
    %jmp/0xz  T_0.226, 9;
    %pushi/vec4 40, 0, 6;
    %assign/vec4 v011638d0_0, 0;
    %jmp T_0.227;
T_0.226 ;
    %pushi/vec4 0, 0, 6;
    %assign/vec4 v011638d0_0, 0;
T_0.227 ;
T_0.225 ;
    %jmp T_0.43;
T_0.41 ;
    %load/vec4 v0294b978_0;
    %pushi/vec4 94, 0, 8; draw_string_vec4
    %cmp/e;
    %jmp/0xz  T_0.228, 4;
    %pushi/vec4 1, 0, 6;
    %assign/vec4 v011638d0_0, 0;
    %jmp T_0.229;
T_0.228 ;
    %pushi/vec4 48, 0, 8; draw_string_vec4
    %load/vec4 v0294b978_0;
    %cmp/u;
    %flag_get/vec4 4;
    %flag_get/vec4 5;
    %or;
    %load/vec4 v0294b978_0;
    %pushi/vec4 57, 0, 8; draw_string_vec4
    %cmp/u;
    %flag_get/vec4 4;
    %flag_get/vec4 5;
    %or;
    %and;
    %flag_set/vec4 8;
    %pushi/vec4 97, 0, 8; draw_string_vec4
    %load/vec4 v0294b978_0;
    %cmp/u;
    %flag_get/vec4 4;
    %flag_get/vec4 5;
    %or;
    %load/vec4 v0294b978_0;
    %pushi/vec4 102, 0, 8; draw_string_vec4
    %cmp/u;
    %flag_get/vec4 4;
    %flag_get/vec4 5;
    %or;
    %and;
    %flag_set/vec4 9;
    %flag_or 9, 8;
    %jmp/0xz  T_0.230, 9;
    %pushi/vec4 41, 0, 6;
    %assign/vec4 v011638d0_0, 0;
    %jmp T_0.231;
T_0.230 ;
    %pushi/vec4 0, 0, 6;
    %assign/vec4 v011638d0_0, 0;
T_0.231 ;
T_0.229 ;
    %jmp T_0.43;
T_0.42 ;
    %load/vec4 v0294b978_0;
    %pushi/vec4 94, 0, 8; draw_string_vec4
    %cmp/e;
    %jmp/0xz  T_0.232, 4;
    %pushi/vec4 1, 0, 6;
    %assign/vec4 v011638d0_0, 0;
    %jmp T_0.233;
T_0.232 ;
    %load/vec4 v0294b978_0;
    %pushi/vec4 32, 0, 8; draw_string_vec4
    %cmp/e;
    %jmp/0xz  T_0.234, 4;
    %pushi/vec4 21, 0, 6;
    %assign/vec4 v011638d0_0, 0;
    %jmp T_0.235;
T_0.234 ;
    %load/vec4 v0294b978_0;
    %pushi/vec4 60, 0, 8; draw_string_vec4
    %cmp/e;
    %jmp/0xz  T_0.236, 4;
    %pushi/vec4 22, 0, 6;
    %assign/vec4 v011638d0_0, 0;
T_0.236 ;
T_0.235 ;
T_0.233 ;
    %jmp T_0.43;
T_0.43 ;
    %pop/vec4 1;
T_0.1 ;
    %jmp T_0;
    .thread T_0;
# The file index is used to find the file name in the following table.
:file_names 3;
    "N/A";
    "<interactive>";
    "cpu_checker.v";
