#! c:/iverilog-x86/bin/vvp
:ivl_version "10.0 (stable)" "(v10_0)";
:ivl_delay_selection "TYPICAL";
:vpi_time_precision + 0;
:vpi_module "system";
:vpi_module "vhdl_sys";
:vpi_module "v2005_math";
:vpi_module "va_math";
S_011f3888 .scope module, "Controller" "Controller" 2 5;
 .timescale 0 0;
    .port_info 0 /INPUT 6 "OpCode"
    .port_info 1 /INPUT 6 "Func"
    .port_info 2 /OUTPUT 1 "RegDst"
    .port_info 3 /OUTPUT 1 "ALUSrc"
    .port_info 4 /OUTPUT 1 "MemtoReg"
    .port_info 5 /OUTPUT 1 "RegWrite"
    .port_info 6 /OUTPUT 1 "MemWrite"
    .port_info 7 /OUTPUT 1 "Branch"
    .port_info 8 /OUTPUT 1 "JEn"
    .port_info 9 /OUTPUT 1 "SllEn"
    .port_info 10 /OUTPUT 1 "ExtOp"
    .port_info 11 /OUTPUT 4 "ALUCtr"
    .port_info 12 /OUTPUT 1 "Jal"
    .port_info 13 /OUTPUT 1 "Jr"
    .port_info 14 /OUTPUT 1 "Byte"
L_02da7f10 .functor NOT 1, L_02da45f0, C4<0>, C4<0>, C4<0>;
v02d6a788_0 .net "ALUCtr", 3 0, L_02da51a0;  1 drivers
v02d6a890_0 .net "ALUSrc", 0 0, L_02da76a0;  1 drivers
v02d6a2b8_0 .net "Branch", 0 0, L_02da76e8;  1 drivers
v02d6a310_0 .net "Byte", 0 0, L_02da7ad8;  1 drivers
v02d6a368_0 .net "En", 0 0, L_02da45f0;  1 drivers
v02d6b1d8_0 .net "ExtOp", 0 0, L_02da7808;  1 drivers
o02d31fc4 .functor BUFZ 6, C4<zzzzzz>; HiZ drive
v02d6b440_0 .net "Func", 5 0, o02d31fc4;  0 drivers
v02d6b288_0 .net "JEn", 0 0, L_02da7928;  1 drivers
v02d6af70_0 .net "Jal", 0 0, L_02da7730;  1 drivers
v02d6ad60_0 .net "Jr", 0 0, L_02da77c0;  1 drivers
v02d6b498_0 .net "MemWrite", 0 0, L_02da7ec8;  1 drivers
v02d6b078_0 .net "MemtoReg", 0 0, L_02da7c88;  1 drivers
o02d316f4 .functor BUFZ 6, C4<zzzzzz>; HiZ drive
v02d6b128_0 .net "OpCode", 5 0, o02d316f4;  0 drivers
v02d6adb8_0 .net "RegDst", 0 0, L_02da7778;  1 drivers
v02d6b338_0 .net "RegWrite", 0 0, L_02da7e80;  1 drivers
v02d6ae10_0 .net "SllEn", 0 0, L_02da7cd0;  1 drivers
L_02d6c348 .functor BUFT 1, C4<000000>, C4<0>, C4<0>, C4<0>;
v02d6ad08_0 .net/2u *"_s0", 5 0, L_02d6c348;  1 drivers
v02d6b2e0_0 .net *"_s2", 0 0, L_02d6acb0;  1 drivers
L_02d6c370 .functor BUFT 1, C4<1>, C4<0>, C4<0>, C4<0>;
v02d6b230_0 .net/2u *"_s4", 0 0, L_02d6c370;  1 drivers
L_02d6c398 .functor BUFT 1, C4<0>, C4<0>, C4<0>, C4<0>;
v02d6aec0_0 .net/2u *"_s6", 0 0, L_02d6c398;  1 drivers
v02d6ae68_0 .net "add", 0 0, L_02da43e0;  1 drivers
v02d6af18_0 .net "addi", 0 0, L_02da4f90;  1 drivers
v02d6b5a0_0 .net "beq", 0 0, L_02da4d80;  1 drivers
v02d6b6a8_0 .net "j", 0 0, L_02da54b8;  1 drivers
v02d6ac58_0 .net "jal", 0 0, L_02da4ee0;  1 drivers
v02d6afc8_0 .net "jr", 0 0, L_02da4960;  1 drivers
v02d6b020_0 .net "lb", 0 0, L_02da57d0;  1 drivers
v02d6b4f0_0 .net "lui", 0 0, L_02da5300;  1 drivers
v02d6b700_0 .net "lw", 0 0, L_02da44e8;  1 drivers
v02d6b0d0_0 .net "ori", 0 0, L_02da4490;  1 drivers
v02d6b3e8_0 .net "sb", 0 0, L_02da55c0;  1 drivers
v02d6b180_0 .net "sll", 0 0, L_02da4a10;  1 drivers
v02d6b5f8_0 .net "sllv", 0 0, L_02da4b18;  1 drivers
v02d6b390_0 .net "slt", 0 0, L_02da4a68;  1 drivers
v02d6b650_0 .net "sub", 0 0, L_02da4dd8;  1 drivers
v02d6b548_0 .net "sw", 0 0, L_02da48b0;  1 drivers
L_02d6acb0 .cmp/eq 6, o02d316f4, L_02d6c348;
L_02da45f0 .functor MUXZ 1, L_02d6c398, L_02d6c370, L_02d6acb0, C4<>;
S_011fee50 .scope module, "OR" "OrLogic" 2 28, 3 1 0, S_011f3888;
 .timescale 0 0;
    .port_info 0 /INPUT 1 "add"
    .port_info 1 /INPUT 1 "sub"
    .port_info 2 /INPUT 1 "beq"
    .port_info 3 /INPUT 1 "ori"
    .port_info 4 /INPUT 1 "lui"
    .port_info 5 /INPUT 1 "lw"
    .port_info 6 /INPUT 1 "sw"
    .port_info 7 /INPUT 1 "addi"
    .port_info 8 /INPUT 1 "sll"
    .port_info 9 /INPUT 1 "sllv"
    .port_info 10 /INPUT 1 "slt"
    .port_info 11 /INPUT 1 "j"
    .port_info 12 /INPUT 1 "jal"
    .port_info 13 /INPUT 1 "jr"
    .port_info 14 /INPUT 1 "sb"
    .port_info 15 /INPUT 1 "lb"
    .port_info 16 /OUTPUT 1 "RegDst"
    .port_info 17 /OUTPUT 1 "ALUSrc"
    .port_info 18 /OUTPUT 1 "MemtoReg"
    .port_info 19 /OUTPUT 1 "RegWrite"
    .port_info 20 /OUTPUT 1 "MemWrite"
    .port_info 21 /OUTPUT 1 "Branch"
    .port_info 22 /OUTPUT 1 "JEn"
    .port_info 23 /OUTPUT 1 "SllEn"
    .port_info 24 /OUTPUT 1 "ExtOp"
    .port_info 25 /OUTPUT 4 "ALUCtr"
    .port_info 26 /OUTPUT 1 "Jal"
    .port_info 27 /OUTPUT 1 "Jr"
    .port_info 28 /OUTPUT 1 "Byte"
L_02da7778/0/0 .functor OR 1, L_02da43e0, L_02da4dd8, L_02da4a10, L_02da4b18;
L_02da7778/0/4 .functor OR 1, L_02da4a68, C4<0>, C4<0>, C4<0>;
L_02da7778 .functor OR 1, L_02da7778/0/0, L_02da7778/0/4, C4<0>, C4<0>;
L_02da76a0/0/0 .functor OR 1, L_02da57d0, L_02da4490, L_02da5300, L_02da44e8;
L_02da76a0/0/4 .functor OR 1, L_02da48b0, L_02da4f90, L_02da55c0, C4<0>;
L_02da76a0 .functor OR 1, L_02da76a0/0/0, L_02da76a0/0/4, C4<0>, C4<0>;
L_02da7c88 .functor OR 1, L_02da44e8, L_02da57d0, C4<0>, C4<0>;
L_02da7e80/0/0 .functor OR 1, L_02da57d0, L_02da4f90, L_02da4b18, L_02da43e0;
L_02da7e80/0/4 .functor OR 1, L_02da4dd8, L_02da4a10, L_02da4490, L_02da5300;
L_02da7e80/0/8 .functor OR 1, L_02da44e8, L_02da4a68, L_02da4ee0, C4<0>;
L_02da7e80 .functor OR 1, L_02da7e80/0/0, L_02da7e80/0/4, L_02da7e80/0/8, C4<0>;
L_02da7ec8 .functor OR 1, L_02da48b0, L_02da55c0, C4<0>, C4<0>;
L_02da76e8 .functor OR 1, L_02da4d80, C4<0>, C4<0>, C4<0>;
L_02da7928 .functor OR 1, L_02da54b8, L_02da4ee0, C4<0>, C4<0>;
L_02da7cd0 .functor OR 1, L_02da4a10, C4<0>, C4<0>, C4<0>;
L_02da7808/0/0 .functor OR 1, L_02da44e8, L_02da48b0, L_02da4f90, L_02da55c0;
L_02da7808/0/4 .functor OR 1, L_02da57d0, L_02da4d80, C4<0>, C4<0>;
L_02da7808 .functor OR 1, L_02da7808/0/0, L_02da7808/0/4, C4<0>, C4<0>;
L_02da7730 .functor OR 1, L_02da4ee0, C4<0>, C4<0>, C4<0>;
L_02da77c0 .functor OR 1, L_02da4960, C4<0>, C4<0>, C4<0>;
L_02da7ad8 .functor OR 1, L_02da55c0, L_02da57d0, C4<0>, C4<0>;
L_02d6d040 .functor BUFT 1, C4<1>, C4<0>, C4<0>, C4<0>;
L_02da7d60 .functor XNOR 1, L_02da43e0, L_02d6d040, C4<0>, C4<0>;
L_02d6d090 .functor BUFT 1, C4<1>, C4<0>, C4<0>, C4<0>;
L_02da7d18 .functor XNOR 1, L_02da4dd8, L_02d6d090, C4<0>, C4<0>;
L_02d6d0e0 .functor BUFT 1, C4<1>, C4<0>, C4<0>, C4<0>;
L_02da7850 .functor XNOR 1, L_02da4d80, L_02d6d0e0, C4<0>, C4<0>;
L_02d6d130 .functor BUFT 1, C4<1>, C4<0>, C4<0>, C4<0>;
L_02da7da8 .functor XNOR 1, L_02da4490, L_02d6d130, C4<0>, C4<0>;
L_02d6d180 .functor BUFT 1, C4<1>, C4<0>, C4<0>, C4<0>;
L_02da7898 .functor XNOR 1, L_02da5300, L_02d6d180, C4<0>, C4<0>;
L_02d6d1d0 .functor BUFT 1, C4<1>, C4<0>, C4<0>, C4<0>;
L_02da79b8 .functor XNOR 1, L_02da44e8, L_02d6d1d0, C4<0>, C4<0>;
L_02d6d220 .functor BUFT 1, C4<1>, C4<0>, C4<0>, C4<0>;
L_02da78e0 .functor XNOR 1, L_02da48b0, L_02d6d220, C4<0>, C4<0>;
L_02d6d270 .functor BUFT 1, C4<1>, C4<0>, C4<0>, C4<0>;
L_02da7bf8 .functor XNOR 1, L_02da4f90, L_02d6d270, C4<0>, C4<0>;
L_02d6d2c0 .functor BUFT 1, C4<1>, C4<0>, C4<0>, C4<0>;
L_02da7970 .functor XNOR 1, L_02da4a10, L_02d6d2c0, C4<0>, C4<0>;
L_02d6d310 .functor BUFT 1, C4<1>, C4<0>, C4<0>, C4<0>;
L_02da7a00 .functor XNOR 1, L_02da4b18, L_02d6d310, C4<0>, C4<0>;
L_02d6d360 .functor BUFT 1, C4<1>, C4<0>, C4<0>, C4<0>;
L_02da7a48 .functor XNOR 1, L_02da4a68, L_02d6d360, C4<0>, C4<0>;
L_02d6d3b0 .functor BUFT 1, C4<1>, C4<0>, C4<0>, C4<0>;
L_02da7fe8 .functor XNOR 1, L_02da55c0, L_02d6d3b0, C4<0>, C4<0>;
L_02d6d400 .functor BUFT 1, C4<1>, C4<0>, C4<0>, C4<0>;
L_02da8030 .functor XNOR 1, L_02da57d0, L_02d6d400, C4<0>, C4<0>;
v02d305f8_0 .net "ALUCtr", 3 0, L_02da51a0;  alias, 1 drivers
v02d30650_0 .net "ALUSrc", 0 0, L_02da76a0;  alias, 1 drivers
v02d2fd08_0 .net "Branch", 0 0, L_02da76e8;  alias, 1 drivers
v02d2ffc8_0 .net "Byte", 0 0, L_02da7ad8;  alias, 1 drivers
v02d306a8_0 .net "ExtOp", 0 0, L_02da7808;  alias, 1 drivers
v02d30700_0 .net "JEn", 0 0, L_02da7928;  alias, 1 drivers
v02d30128_0 .net "Jal", 0 0, L_02da7730;  alias, 1 drivers
v02d30180_0 .net "Jr", 0 0, L_02da77c0;  alias, 1 drivers
v02d30338_0 .net "MemWrite", 0 0, L_02da7ec8;  alias, 1 drivers
v02d30390_0 .net "MemtoReg", 0 0, L_02da7c88;  alias, 1 drivers
v02d2fe10_0 .net "RegDst", 0 0, L_02da7778;  alias, 1 drivers
v02d2fd60_0 .net "RegWrite", 0 0, L_02da7e80;  alias, 1 drivers
v02d303e8_0 .net "SllEn", 0 0, L_02da7cd0;  alias, 1 drivers
v02d30440_0 .net/2u *"_s0", 0 0, L_02d6d040;  1 drivers
L_02d6d0b8 .functor BUFT 1, C4<0110>, C4<0>, C4<0>, C4<0>;
v02d30230_0 .net/2u *"_s10", 3 0, L_02d6d0b8;  1 drivers
v02d30758_0 .net *"_s100", 3 0, L_02da5040;  1 drivers
v02d2fec0_0 .net *"_s102", 3 0, L_02da5098;  1 drivers
v02d2fcb0_0 .net/2u *"_s12", 0 0, L_02d6d0e0;  1 drivers
v02d2fdb8_0 .net *"_s14", 0 0, L_02da7850;  1 drivers
L_02d6d108 .functor BUFT 1, C4<0111>, C4<0>, C4<0>, C4<0>;
v02d2ff70_0 .net/2u *"_s16", 3 0, L_02d6d108;  1 drivers
v02d2ff18_0 .net/2u *"_s18", 0 0, L_02d6d130;  1 drivers
v02d30078_0 .net *"_s2", 0 0, L_02da7d60;  1 drivers
v02d30910_0 .net *"_s20", 0 0, L_02da7da8;  1 drivers
L_02d6d158 .functor BUFT 1, C4<0001>, C4<0>, C4<0>, C4<0>;
v02d30ac8_0 .net/2u *"_s22", 3 0, L_02d6d158;  1 drivers
v02d30860_0 .net/2u *"_s24", 0 0, L_02d6d180;  1 drivers
v02d30a70_0 .net *"_s26", 0 0, L_02da7898;  1 drivers
L_02d6d1a8 .functor BUFT 1, C4<0101>, C4<0>, C4<0>, C4<0>;
v02d308b8_0 .net/2u *"_s28", 3 0, L_02d6d1a8;  1 drivers
v02d30b20_0 .net/2u *"_s30", 0 0, L_02d6d1d0;  1 drivers
v02d30968_0 .net *"_s32", 0 0, L_02da79b8;  1 drivers
L_02d6d1f8 .functor BUFT 1, C4<0010>, C4<0>, C4<0>, C4<0>;
v02d309c0_0 .net/2u *"_s34", 3 0, L_02d6d1f8;  1 drivers
v02d30b78_0 .net/2u *"_s36", 0 0, L_02d6d220;  1 drivers
v02d30bd0_0 .net *"_s38", 0 0, L_02da78e0;  1 drivers
L_02d6d068 .functor BUFT 1, C4<0010>, C4<0>, C4<0>, C4<0>;
v02d30a18_0 .net/2u *"_s4", 3 0, L_02d6d068;  1 drivers
L_02d6d248 .functor BUFT 1, C4<0010>, C4<0>, C4<0>, C4<0>;
v02d30c28_0 .net/2u *"_s40", 3 0, L_02d6d248;  1 drivers
v02d307b0_0 .net/2u *"_s42", 0 0, L_02d6d270;  1 drivers
v02d30808_0 .net *"_s44", 0 0, L_02da7bf8;  1 drivers
L_02d6d298 .functor BUFT 1, C4<0010>, C4<0>, C4<0>, C4<0>;
v02d61d78_0 .net/2u *"_s46", 3 0, L_02d6d298;  1 drivers
v02d62668_0 .net/2u *"_s48", 0 0, L_02d6d2c0;  1 drivers
v02d622a0_0 .net *"_s50", 0 0, L_02da7970;  1 drivers
L_02d6d2e8 .functor BUFT 1, C4<1011>, C4<0>, C4<0>, C4<0>;
v02d62458_0 .net/2u *"_s52", 3 0, L_02d6d2e8;  1 drivers
v02d62508_0 .net/2u *"_s54", 0 0, L_02d6d310;  1 drivers
v02d62718_0 .net *"_s56", 0 0, L_02da7a00;  1 drivers
L_02d6d338 .functor BUFT 1, C4<1011>, C4<0>, C4<0>, C4<0>;
v02d622f8_0 .net/2u *"_s58", 3 0, L_02d6d338;  1 drivers
v02d626c0_0 .net/2u *"_s6", 0 0, L_02d6d090;  1 drivers
v02d624b0_0 .net/2u *"_s60", 0 0, L_02d6d360;  1 drivers
v02d62560_0 .net *"_s62", 0 0, L_02da7a48;  1 drivers
L_02d6d388 .functor BUFT 1, C4<1001>, C4<0>, C4<0>, C4<0>;
v02d61f30_0 .net/2u *"_s64", 3 0, L_02d6d388;  1 drivers
v02d62038_0 .net/2u *"_s66", 0 0, L_02d6d3b0;  1 drivers
v02d625b8_0 .net *"_s68", 0 0, L_02da7fe8;  1 drivers
L_02d6d3d8 .functor BUFT 1, C4<0010>, C4<0>, C4<0>, C4<0>;
v02d62610_0 .net/2u *"_s70", 3 0, L_02d6d3d8;  1 drivers
v02d62770_0 .net/2u *"_s72", 0 0, L_02d6d400;  1 drivers
v02d62350_0 .net *"_s74", 0 0, L_02da8030;  1 drivers
L_02d6d428 .functor BUFT 1, C4<0010>, C4<0>, C4<0>, C4<0>;
v02d627c8_0 .net/2u *"_s76", 3 0, L_02d6d428;  1 drivers
L_02d6d450 .functor BUFT 1, C4<xxxx>, C4<0>, C4<0>, C4<0>;
v02d61d20_0 .net *"_s78", 3 0, L_02d6d450;  1 drivers
v02d623a8_0 .net *"_s8", 0 0, L_02da7d18;  1 drivers
v02d62400_0 .net *"_s80", 3 0, L_02da5618;  1 drivers
v02d61dd0_0 .net *"_s82", 3 0, L_02da5670;  1 drivers
v02d61e28_0 .net *"_s84", 3 0, L_02da5778;  1 drivers
v02d62090_0 .net *"_s86", 3 0, L_02da5828;  1 drivers
v02d61e80_0 .net *"_s88", 3 0, L_02da5880;  1 drivers
v02d61fe0_0 .net *"_s90", 3 0, L_02da58d8;  1 drivers
v02d61ed8_0 .net *"_s92", 3 0, L_02da4fe8;  1 drivers
v02d61f88_0 .net *"_s94", 3 0, L_02da53b0;  1 drivers
v02d620e8_0 .net *"_s96", 3 0, L_02da4e88;  1 drivers
v02d62140_0 .net *"_s98", 3 0, L_02da4f38;  1 drivers
v02d62198_0 .net "add", 0 0, L_02da43e0;  alias, 1 drivers
v02d621f0_0 .net "addi", 0 0, L_02da4f90;  alias, 1 drivers
v02d62248_0 .net "beq", 0 0, L_02da4d80;  alias, 1 drivers
v02d62ae0_0 .net "j", 0 0, L_02da54b8;  alias, 1 drivers
v02d62928_0 .net "jal", 0 0, L_02da4ee0;  alias, 1 drivers
v02d62b90_0 .net "jr", 0 0, L_02da4960;  alias, 1 drivers
v02d62b38_0 .net "lb", 0 0, L_02da57d0;  alias, 1 drivers
v02d62c98_0 .net "lui", 0 0, L_02da5300;  alias, 1 drivers
v02d62980_0 .net "lw", 0 0, L_02da44e8;  alias, 1 drivers
v02d62a30_0 .net "ori", 0 0, L_02da4490;  alias, 1 drivers
v02d62878_0 .net "sb", 0 0, L_02da55c0;  alias, 1 drivers
v02d62be8_0 .net "sll", 0 0, L_02da4a10;  alias, 1 drivers
v02d628d0_0 .net "sllv", 0 0, L_02da4b18;  alias, 1 drivers
v02d629d8_0 .net "slt", 0 0, L_02da4a68;  alias, 1 drivers
v02d62a88_0 .net "sub", 0 0, L_02da4dd8;  alias, 1 drivers
v02d62c40_0 .net "sw", 0 0, L_02da48b0;  alias, 1 drivers
L_02da5618 .functor MUXZ 4, L_02d6d450, L_02d6d428, L_02da8030, C4<>;
L_02da5670 .functor MUXZ 4, L_02da5618, L_02d6d3d8, L_02da7fe8, C4<>;
L_02da5778 .functor MUXZ 4, L_02da5670, L_02d6d388, L_02da7a48, C4<>;
L_02da5828 .functor MUXZ 4, L_02da5778, L_02d6d338, L_02da7a00, C4<>;
L_02da5880 .functor MUXZ 4, L_02da5828, L_02d6d2e8, L_02da7970, C4<>;
L_02da58d8 .functor MUXZ 4, L_02da5880, L_02d6d298, L_02da7bf8, C4<>;
L_02da4fe8 .functor MUXZ 4, L_02da58d8, L_02d6d248, L_02da78e0, C4<>;
L_02da53b0 .functor MUXZ 4, L_02da4fe8, L_02d6d1f8, L_02da79b8, C4<>;
L_02da4e88 .functor MUXZ 4, L_02da53b0, L_02d6d1a8, L_02da7898, C4<>;
L_02da4f38 .functor MUXZ 4, L_02da4e88, L_02d6d158, L_02da7da8, C4<>;
L_02da5040 .functor MUXZ 4, L_02da4f38, L_02d6d108, L_02da7850, C4<>;
L_02da5098 .functor MUXZ 4, L_02da5040, L_02d6d0b8, L_02da7d18, C4<>;
L_02da51a0 .functor MUXZ 4, L_02da5098, L_02d6d068, L_02da7d60, C4<>;
S_02d19d20 .scope module, "ijdecode" "IJDecode" 2 27, 4 1 0, S_011f3888;
 .timescale 0 0;
    .port_info 0 /INPUT 6 "OpCode"
    .port_info 1 /INPUT 1 "En"
    .port_info 2 /OUTPUT 1 "ori"
    .port_info 3 /OUTPUT 1 "lw"
    .port_info 4 /OUTPUT 1 "sw"
    .port_info 5 /OUTPUT 1 "beq"
    .port_info 6 /OUTPUT 1 "lui"
    .port_info 7 /OUTPUT 1 "addi"
    .port_info 8 /OUTPUT 1 "j"
    .port_info 9 /OUTPUT 1 "jal"
    .port_info 10 /OUTPUT 1 "sb"
    .port_info 11 /OUTPUT 1 "lb"
L_02d6c870 .functor BUFT 1, C4<1>, C4<0>, C4<0>, C4<0>;
L_02d26918 .functor XNOR 1, L_02da7f10, L_02d6c870, C4<0>, C4<0>;
L_02d6c938 .functor BUFT 1, C4<1>, C4<0>, C4<0>, C4<0>;
L_02d26258 .functor XNOR 1, L_02da7f10, L_02d6c938, C4<0>, C4<0>;
L_02d6ca00 .functor BUFT 1, C4<1>, C4<0>, C4<0>, C4<0>;
L_02da7c40 .functor XNOR 1, L_02da7f10, L_02d6ca00, C4<0>, C4<0>;
L_02d6cac8 .functor BUFT 1, C4<1>, C4<0>, C4<0>, C4<0>;
L_02da7df0 .functor XNOR 1, L_02da7f10, L_02d6cac8, C4<0>, C4<0>;
L_02d6cb90 .functor BUFT 1, C4<1>, C4<0>, C4<0>, C4<0>;
L_02da7e38 .functor XNOR 1, L_02da7f10, L_02d6cb90, C4<0>, C4<0>;
L_02d6cc58 .functor BUFT 1, C4<1>, C4<0>, C4<0>, C4<0>;
L_02da7b20 .functor XNOR 1, L_02da7f10, L_02d6cc58, C4<0>, C4<0>;
L_02d6cd20 .functor BUFT 1, C4<1>, C4<0>, C4<0>, C4<0>;
L_02da7a90 .functor XNOR 1, L_02da7f10, L_02d6cd20, C4<0>, C4<0>;
L_02d6cde8 .functor BUFT 1, C4<1>, C4<0>, C4<0>, C4<0>;
L_02da7bb0 .functor XNOR 1, L_02da7f10, L_02d6cde8, C4<0>, C4<0>;
L_02d6ceb0 .functor BUFT 1, C4<1>, C4<0>, C4<0>, C4<0>;
L_02da7b68 .functor XNOR 1, L_02da7f10, L_02d6ceb0, C4<0>, C4<0>;
L_02d6cf78 .functor BUFT 1, C4<1>, C4<0>, C4<0>, C4<0>;
L_02da7658 .functor XNOR 1, L_02da7f10, L_02d6cf78, C4<0>, C4<0>;
v02d62820_0 .net "En", 0 0, L_02da7f10;  1 drivers
v02d63980_0 .net "OpCode", 5 0, o02d316f4;  alias, 0 drivers
v02d632a0_0 .net/2u *"_s0", 0 0, L_02d6c870;  1 drivers
L_02d6c8e8 .functor BUFT 1, C4<0>, C4<0>, C4<0>, C4<0>;
v02d63718_0 .net/2u *"_s10", 0 0, L_02d6c8e8;  1 drivers
L_02d6ccd0 .functor BUFT 1, C4<0>, C4<0>, C4<0>, C4<0>;
v02d637c8_0 .net/2u *"_s100", 0 0, L_02d6ccd0;  1 drivers
v02d639d8_0 .net *"_s102", 0 0, L_02da5930;  1 drivers
L_02d6ccf8 .functor BUFT 1, C4<0>, C4<0>, C4<0>, C4<0>;
v02d633a8_0 .net/2u *"_s104", 0 0, L_02d6ccf8;  1 drivers
v02d63458_0 .net/2u *"_s108", 0 0, L_02d6cd20;  1 drivers
v02d63878_0 .net *"_s110", 0 0, L_02da7a90;  1 drivers
L_02d6cd48 .functor BUFT 1, C4<000010>, C4<0>, C4<0>, C4<0>;
v02d63820_0 .net/2u *"_s112", 5 0, L_02d6cd48;  1 drivers
v02d638d0_0 .net *"_s114", 0 0, L_02da56c8;  1 drivers
L_02d6cd70 .functor BUFT 1, C4<1>, C4<0>, C4<0>, C4<0>;
v02d63140_0 .net/2u *"_s116", 0 0, L_02d6cd70;  1 drivers
L_02d6cd98 .functor BUFT 1, C4<0>, C4<0>, C4<0>, C4<0>;
v02d63928_0 .net/2u *"_s118", 0 0, L_02d6cd98;  1 drivers
v02d62f30_0 .net *"_s12", 0 0, L_02da4c20;  1 drivers
v02d634b0_0 .net *"_s120", 0 0, L_02da5510;  1 drivers
L_02d6cdc0 .functor BUFT 1, C4<0>, C4<0>, C4<0>, C4<0>;
v02d62f88_0 .net/2u *"_s122", 0 0, L_02d6cdc0;  1 drivers
v02d636c0_0 .net/2u *"_s126", 0 0, L_02d6cde8;  1 drivers
v02d63770_0 .net *"_s128", 0 0, L_02da7bb0;  1 drivers
L_02d6ce10 .functor BUFT 1, C4<000011>, C4<0>, C4<0>, C4<0>;
v02d63198_0 .net/2u *"_s130", 5 0, L_02d6ce10;  1 drivers
v02d63248_0 .net *"_s132", 0 0, L_02da5460;  1 drivers
L_02d6ce38 .functor BUFT 1, C4<1>, C4<0>, C4<0>, C4<0>;
v02d632f8_0 .net/2u *"_s134", 0 0, L_02d6ce38;  1 drivers
L_02d6ce60 .functor BUFT 1, C4<0>, C4<0>, C4<0>, C4<0>;
v02d62fe0_0 .net/2u *"_s136", 0 0, L_02d6ce60;  1 drivers
v02d63038_0 .net *"_s138", 0 0, L_02da5408;  1 drivers
L_02d6c910 .functor BUFT 1, C4<0>, C4<0>, C4<0>, C4<0>;
v02d63560_0 .net/2u *"_s14", 0 0, L_02d6c910;  1 drivers
L_02d6ce88 .functor BUFT 1, C4<0>, C4<0>, C4<0>, C4<0>;
v02d63350_0 .net/2u *"_s140", 0 0, L_02d6ce88;  1 drivers
v02d635b8_0 .net/2u *"_s144", 0 0, L_02d6ceb0;  1 drivers
v02d63090_0 .net *"_s146", 0 0, L_02da7b68;  1 drivers
L_02d6ced8 .functor BUFT 1, C4<101000>, C4<0>, C4<0>, C4<0>;
v02d630e8_0 .net/2u *"_s148", 5 0, L_02d6ced8;  1 drivers
v02d63668_0 .net *"_s150", 0 0, L_02da5358;  1 drivers
L_02d6cf00 .functor BUFT 1, C4<1>, C4<0>, C4<0>, C4<0>;
v02d63508_0 .net/2u *"_s152", 0 0, L_02d6cf00;  1 drivers
L_02d6cf28 .functor BUFT 1, C4<0>, C4<0>, C4<0>, C4<0>;
v02d63400_0 .net/2u *"_s154", 0 0, L_02d6cf28;  1 drivers
v02d631f0_0 .net *"_s156", 0 0, L_02da5568;  1 drivers
L_02d6cf50 .functor BUFT 1, C4<0>, C4<0>, C4<0>, C4<0>;
v02d63610_0 .net/2u *"_s158", 0 0, L_02d6cf50;  1 drivers
v02d63d48_0 .net/2u *"_s162", 0 0, L_02d6cf78;  1 drivers
v02d63da0_0 .net *"_s164", 0 0, L_02da7658;  1 drivers
L_02d6cfa0 .functor BUFT 1, C4<100000>, C4<0>, C4<0>, C4<0>;
v02d63a30_0 .net/2u *"_s166", 5 0, L_02d6cfa0;  1 drivers
v02d63c98_0 .net *"_s168", 0 0, L_02da5148;  1 drivers
L_02d6cfc8 .functor BUFT 1, C4<1>, C4<0>, C4<0>, C4<0>;
v02d63ae0_0 .net/2u *"_s170", 0 0, L_02d6cfc8;  1 drivers
L_02d6cff0 .functor BUFT 1, C4<0>, C4<0>, C4<0>, C4<0>;
v02d63df8_0 .net/2u *"_s172", 0 0, L_02d6cff0;  1 drivers
v02d63e50_0 .net *"_s174", 0 0, L_02da52a8;  1 drivers
L_02d6d018 .functor BUFT 1, C4<0>, C4<0>, C4<0>, C4<0>;
v02d63be8_0 .net/2u *"_s176", 0 0, L_02d6d018;  1 drivers
v02d63ea8_0 .net/2u *"_s18", 0 0, L_02d6c938;  1 drivers
v02d63a88_0 .net *"_s2", 0 0, L_02d26918;  1 drivers
v02d63b38_0 .net *"_s20", 0 0, L_02d26258;  1 drivers
L_02d6c960 .functor BUFT 1, C4<100011>, C4<0>, C4<0>, C4<0>;
v02d63b90_0 .net/2u *"_s22", 5 0, L_02d6c960;  1 drivers
v02d63c40_0 .net *"_s24", 0 0, L_02da4cd0;  1 drivers
L_02d6c988 .functor BUFT 1, C4<1>, C4<0>, C4<0>, C4<0>;
v02d63cf0_0 .net/2u *"_s26", 0 0, L_02d6c988;  1 drivers
L_02d6c9b0 .functor BUFT 1, C4<0>, C4<0>, C4<0>, C4<0>;
v02d64da8_0 .net/2u *"_s28", 0 0, L_02d6c9b0;  1 drivers
v02d64ca0_0 .net *"_s30", 0 0, L_02da46a0;  1 drivers
L_02d6c9d8 .functor BUFT 1, C4<0>, C4<0>, C4<0>, C4<0>;
v02d64cf8_0 .net/2u *"_s32", 0 0, L_02d6c9d8;  1 drivers
v02d64eb0_0 .net/2u *"_s36", 0 0, L_02d6ca00;  1 drivers
v02d64c48_0 .net *"_s38", 0 0, L_02da7c40;  1 drivers
L_02d6c898 .functor BUFT 1, C4<001101>, C4<0>, C4<0>, C4<0>;
v02d64d50_0 .net/2u *"_s4", 5 0, L_02d6c898;  1 drivers
L_02d6ca28 .functor BUFT 1, C4<101011>, C4<0>, C4<0>, C4<0>;
v02d64b40_0 .net/2u *"_s40", 5 0, L_02d6ca28;  1 drivers
v02d64e58_0 .net *"_s42", 0 0, L_02da4d28;  1 drivers
L_02d6ca50 .functor BUFT 1, C4<1>, C4<0>, C4<0>, C4<0>;
v02d64e00_0 .net/2u *"_s44", 0 0, L_02d6ca50;  1 drivers
L_02d6ca78 .functor BUFT 1, C4<0>, C4<0>, C4<0>, C4<0>;
v02d64a38_0 .net/2u *"_s46", 0 0, L_02d6ca78;  1 drivers
v02d64a90_0 .net *"_s48", 0 0, L_02da4540;  1 drivers
L_02d6caa0 .functor BUFT 1, C4<0>, C4<0>, C4<0>, C4<0>;
v02d64ae8_0 .net/2u *"_s50", 0 0, L_02d6caa0;  1 drivers
v02d64b98_0 .net/2u *"_s54", 0 0, L_02d6cac8;  1 drivers
v02d64bf0_0 .net *"_s56", 0 0, L_02da7df0;  1 drivers
L_02d6caf0 .functor BUFT 1, C4<000100>, C4<0>, C4<0>, C4<0>;
v02d64460_0 .net/2u *"_s58", 5 0, L_02d6caf0;  1 drivers
v02d647d0_0 .net *"_s6", 0 0, L_02da4c78;  1 drivers
v02d64720_0 .net *"_s60", 0 0, L_02da46f8;  1 drivers
L_02d6cb18 .functor BUFT 1, C4<1>, C4<0>, C4<0>, C4<0>;
v02d64568_0 .net/2u *"_s62", 0 0, L_02d6cb18;  1 drivers
L_02d6cb40 .functor BUFT 1, C4<0>, C4<0>, C4<0>, C4<0>;
v02d643b0_0 .net/2u *"_s64", 0 0, L_02d6cb40;  1 drivers
v02d641a0_0 .net *"_s66", 0 0, L_02da4e30;  1 drivers
L_02d6cb68 .functor BUFT 1, C4<0>, C4<0>, C4<0>, C4<0>;
v02d642a8_0 .net/2u *"_s68", 0 0, L_02d6cb68;  1 drivers
v02d64778_0 .net/2u *"_s72", 0 0, L_02d6cb90;  1 drivers
v02d64828_0 .net *"_s74", 0 0, L_02da7e38;  1 drivers
L_02d6cbb8 .functor BUFT 1, C4<001111>, C4<0>, C4<0>, C4<0>;
v02d64148_0 .net/2u *"_s76", 5 0, L_02d6cbb8;  1 drivers
v02d648d8_0 .net *"_s78", 0 0, L_02da4750;  1 drivers
L_02d6c8c0 .functor BUFT 1, C4<1>, C4<0>, C4<0>, C4<0>;
v02d64408_0 .net/2u *"_s8", 0 0, L_02d6c8c0;  1 drivers
L_02d6cbe0 .functor BUFT 1, C4<1>, C4<0>, C4<0>, C4<0>;
v02d63f38_0 .net/2u *"_s80", 0 0, L_02d6cbe0;  1 drivers
L_02d6cc08 .functor BUFT 1, C4<0>, C4<0>, C4<0>, C4<0>;
v02d64880_0 .net/2u *"_s82", 0 0, L_02d6cc08;  1 drivers
v02d64930_0 .net *"_s84", 0 0, L_02da5720;  1 drivers
L_02d6cc30 .functor BUFT 1, C4<0>, C4<0>, C4<0>, C4<0>;
v02d644b8_0 .net/2u *"_s86", 0 0, L_02d6cc30;  1 drivers
v02d64988_0 .net/2u *"_s90", 0 0, L_02d6cc58;  1 drivers
v02d63f90_0 .net *"_s92", 0 0, L_02da7b20;  1 drivers
L_02d6cc80 .functor BUFT 1, C4<001000>, C4<0>, C4<0>, C4<0>;
v02d649e0_0 .net/2u *"_s94", 5 0, L_02d6cc80;  1 drivers
v02d63fe8_0 .net *"_s96", 0 0, L_02da50f0;  1 drivers
L_02d6cca8 .functor BUFT 1, C4<1>, C4<0>, C4<0>, C4<0>;
v02d64040_0 .net/2u *"_s98", 0 0, L_02d6cca8;  1 drivers
v02d646c8_0 .net "addi", 0 0, L_02da4f90;  alias, 1 drivers
v02d64098_0 .net "beq", 0 0, L_02da4d80;  alias, 1 drivers
v02d645c0_0 .net "j", 0 0, L_02da54b8;  alias, 1 drivers
v02d64358_0 .net "jal", 0 0, L_02da4ee0;  alias, 1 drivers
v02d64250_0 .net "lb", 0 0, L_02da57d0;  alias, 1 drivers
v02d64300_0 .net "lui", 0 0, L_02da5300;  alias, 1 drivers
v02d64618_0 .net "lw", 0 0, L_02da44e8;  alias, 1 drivers
v02d640f0_0 .net "ori", 0 0, L_02da4490;  alias, 1 drivers
v02d641f8_0 .net "sb", 0 0, L_02da55c0;  alias, 1 drivers
v02d64510_0 .net "sw", 0 0, L_02da48b0;  alias, 1 drivers
L_02da4c78 .cmp/eq 6, o02d316f4, L_02d6c898;
L_02da4c20 .functor MUXZ 1, L_02d6c8e8, L_02d6c8c0, L_02da4c78, C4<>;
L_02da4490 .functor MUXZ 1, L_02d6c910, L_02da4c20, L_02d26918, C4<>;
L_02da4cd0 .cmp/eq 6, o02d316f4, L_02d6c960;
L_02da46a0 .functor MUXZ 1, L_02d6c9b0, L_02d6c988, L_02da4cd0, C4<>;
L_02da44e8 .functor MUXZ 1, L_02d6c9d8, L_02da46a0, L_02d26258, C4<>;
L_02da4d28 .cmp/eq 6, o02d316f4, L_02d6ca28;
L_02da4540 .functor MUXZ 1, L_02d6ca78, L_02d6ca50, L_02da4d28, C4<>;
L_02da48b0 .functor MUXZ 1, L_02d6caa0, L_02da4540, L_02da7c40, C4<>;
L_02da46f8 .cmp/eq 6, o02d316f4, L_02d6caf0;
L_02da4e30 .functor MUXZ 1, L_02d6cb40, L_02d6cb18, L_02da46f8, C4<>;
L_02da4d80 .functor MUXZ 1, L_02d6cb68, L_02da4e30, L_02da7df0, C4<>;
L_02da4750 .cmp/eq 6, o02d316f4, L_02d6cbb8;
L_02da5720 .functor MUXZ 1, L_02d6cc08, L_02d6cbe0, L_02da4750, C4<>;
L_02da5300 .functor MUXZ 1, L_02d6cc30, L_02da5720, L_02da7e38, C4<>;
L_02da50f0 .cmp/eq 6, o02d316f4, L_02d6cc80;
L_02da5930 .functor MUXZ 1, L_02d6ccd0, L_02d6cca8, L_02da50f0, C4<>;
L_02da4f90 .functor MUXZ 1, L_02d6ccf8, L_02da5930, L_02da7b20, C4<>;
L_02da56c8 .cmp/eq 6, o02d316f4, L_02d6cd48;
L_02da5510 .functor MUXZ 1, L_02d6cd98, L_02d6cd70, L_02da56c8, C4<>;
L_02da54b8 .functor MUXZ 1, L_02d6cdc0, L_02da5510, L_02da7a90, C4<>;
L_02da5460 .cmp/eq 6, o02d316f4, L_02d6ce10;
L_02da5408 .functor MUXZ 1, L_02d6ce60, L_02d6ce38, L_02da5460, C4<>;
L_02da4ee0 .functor MUXZ 1, L_02d6ce88, L_02da5408, L_02da7bb0, C4<>;
L_02da5358 .cmp/eq 6, o02d316f4, L_02d6ced8;
L_02da5568 .functor MUXZ 1, L_02d6cf28, L_02d6cf00, L_02da5358, C4<>;
L_02da55c0 .functor MUXZ 1, L_02d6cf50, L_02da5568, L_02da7b68, C4<>;
L_02da5148 .cmp/eq 6, o02d316f4, L_02d6cfa0;
L_02da52a8 .functor MUXZ 1, L_02d6cff0, L_02d6cfc8, L_02da5148, C4<>;
L_02da57d0 .functor MUXZ 1, L_02d6d018, L_02da52a8, L_02da7658, C4<>;
S_02d19df0 .scope module, "rdwcode" "RDecode" 2 26, 5 1 0, S_011f3888;
 .timescale 0 0;
    .port_info 0 /INPUT 6 "Func"
    .port_info 1 /INPUT 1 "En"
    .port_info 2 /OUTPUT 1 "add"
    .port_info 3 /OUTPUT 1 "sub"
    .port_info 4 /OUTPUT 1 "sll"
    .port_info 5 /OUTPUT 1 "sllv"
    .port_info 6 /OUTPUT 1 "slt"
    .port_info 7 /OUTPUT 1 "jr"
L_02d6c3c0 .functor BUFT 1, C4<1>, C4<0>, C4<0>, C4<0>;
L_02d26600 .functor XNOR 1, L_02da45f0, L_02d6c3c0, C4<0>, C4<0>;
L_02d6c488 .functor BUFT 1, C4<1>, C4<0>, C4<0>, C4<0>;
L_02d26648 .functor XNOR 1, L_02da45f0, L_02d6c488, C4<0>, C4<0>;
L_02d6c550 .functor BUFT 1, C4<1>, C4<0>, C4<0>, C4<0>;
L_02d266d8 .functor XNOR 1, L_02da45f0, L_02d6c550, C4<0>, C4<0>;
L_02d6c618 .functor BUFT 1, C4<1>, C4<0>, C4<0>, C4<0>;
L_02d26690 .functor XNOR 1, L_02da45f0, L_02d6c618, C4<0>, C4<0>;
L_02d6c6e0 .functor BUFT 1, C4<1>, C4<0>, C4<0>, C4<0>;
L_02d26768 .functor XNOR 1, L_02da45f0, L_02d6c6e0, C4<0>, C4<0>;
L_02d6c7a8 .functor BUFT 1, C4<1>, C4<0>, C4<0>, C4<0>;
L_02d26840 .functor XNOR 1, L_02da45f0, L_02d6c7a8, C4<0>, C4<0>;
v02d64670_0 .net "En", 0 0, L_02da45f0;  alias, 1 drivers
v02d6bd30_0 .net "Func", 5 0, o02d31fc4;  alias, 0 drivers
v02d6b860_0 .net/2u *"_s0", 0 0, L_02d6c3c0;  1 drivers
L_02d6c438 .functor BUFT 1, C4<0>, C4<0>, C4<0>, C4<0>;
v02d6b758_0 .net/2u *"_s10", 0 0, L_02d6c438;  1 drivers
L_02d6c820 .functor BUFT 1, C4<0>, C4<0>, C4<0>, C4<0>;
v02d6b8b8_0 .net/2u *"_s100", 0 0, L_02d6c820;  1 drivers
v02d6bbd0_0 .net *"_s102", 0 0, L_02da4b70;  1 drivers
L_02d6c848 .functor BUFT 1, C4<0>, C4<0>, C4<0>, C4<0>;
v02d6bf98_0 .net/2u *"_s104", 0 0, L_02d6c848;  1 drivers
v02d6b808_0 .net *"_s12", 0 0, L_02da47a8;  1 drivers
L_02d6c460 .functor BUFT 1, C4<0>, C4<0>, C4<0>, C4<0>;
v02d6b7b0_0 .net/2u *"_s14", 0 0, L_02d6c460;  1 drivers
v02d6b9c0_0 .net/2u *"_s18", 0 0, L_02d6c488;  1 drivers
v02d6b910_0 .net *"_s2", 0 0, L_02d26600;  1 drivers
v02d6b968_0 .net *"_s20", 0 0, L_02d26648;  1 drivers
L_02d6c4b0 .functor BUFT 1, C4<100010>, C4<0>, C4<0>, C4<0>;
v02d6ba18_0 .net/2u *"_s22", 5 0, L_02d6c4b0;  1 drivers
v02d6ba70_0 .net *"_s24", 0 0, L_02da4388;  1 drivers
L_02d6c4d8 .functor BUFT 1, C4<1>, C4<0>, C4<0>, C4<0>;
v02d6bac8_0 .net/2u *"_s26", 0 0, L_02d6c4d8;  1 drivers
L_02d6c500 .functor BUFT 1, C4<0>, C4<0>, C4<0>, C4<0>;
v02d6bb20_0 .net/2u *"_s28", 0 0, L_02d6c500;  1 drivers
v02d6bb78_0 .net *"_s30", 0 0, L_02da4ac0;  1 drivers
L_02d6c528 .functor BUFT 1, C4<0>, C4<0>, C4<0>, C4<0>;
v02d6bc28_0 .net/2u *"_s32", 0 0, L_02d6c528;  1 drivers
v02d6bc80_0 .net/2u *"_s36", 0 0, L_02d6c550;  1 drivers
v02d6bcd8_0 .net *"_s38", 0 0, L_02d266d8;  1 drivers
L_02d6c3e8 .functor BUFT 1, C4<100000>, C4<0>, C4<0>, C4<0>;
v02d6bd88_0 .net/2u *"_s4", 5 0, L_02d6c3e8;  1 drivers
L_02d6c578 .functor BUFT 1, C4<000000>, C4<0>, C4<0>, C4<0>;
v02d6bde0_0 .net/2u *"_s40", 5 0, L_02d6c578;  1 drivers
v02d6be38_0 .net *"_s42", 0 0, L_02da4858;  1 drivers
L_02d6c5a0 .functor BUFT 1, C4<1>, C4<0>, C4<0>, C4<0>;
v02d6be90_0 .net/2u *"_s44", 0 0, L_02d6c5a0;  1 drivers
L_02d6c5c8 .functor BUFT 1, C4<0>, C4<0>, C4<0>, C4<0>;
v02d6bff0_0 .net/2u *"_s46", 0 0, L_02d6c5c8;  1 drivers
v02d6bee8_0 .net *"_s48", 0 0, L_02da4438;  1 drivers
L_02d6c5f0 .functor BUFT 1, C4<0>, C4<0>, C4<0>, C4<0>;
v02d6bf40_0 .net/2u *"_s50", 0 0, L_02d6c5f0;  1 drivers
v02d6c048_0 .net/2u *"_s54", 0 0, L_02d6c618;  1 drivers
v02d6c0a0_0 .net *"_s56", 0 0, L_02d26690;  1 drivers
L_02d6c640 .functor BUFT 1, C4<000100>, C4<0>, C4<0>, C4<0>;
v02d6a680_0 .net/2u *"_s58", 5 0, L_02d6c640;  1 drivers
v02d6ac00_0 .net *"_s6", 0 0, L_02da4bc8;  1 drivers
v02d6a9f0_0 .net *"_s60", 0 0, L_02da4598;  1 drivers
L_02d6c668 .functor BUFT 1, C4<1>, C4<0>, C4<0>, C4<0>;
v02d6a940_0 .net/2u *"_s62", 0 0, L_02d6c668;  1 drivers
L_02d6c690 .functor BUFT 1, C4<0>, C4<0>, C4<0>, C4<0>;
v02d6aa48_0 .net/2u *"_s64", 0 0, L_02d6c690;  1 drivers
v02d6a260_0 .net *"_s66", 0 0, L_02da4908;  1 drivers
L_02d6c6b8 .functor BUFT 1, C4<0>, C4<0>, C4<0>, C4<0>;
v02d6a418_0 .net/2u *"_s68", 0 0, L_02d6c6b8;  1 drivers
v02d6a5d0_0 .net/2u *"_s72", 0 0, L_02d6c6e0;  1 drivers
v02d6a998_0 .net *"_s74", 0 0, L_02d26768;  1 drivers
L_02d6c708 .functor BUFT 1, C4<101010>, C4<0>, C4<0>, C4<0>;
v02d6a1b0_0 .net/2u *"_s76", 5 0, L_02d6c708;  1 drivers
v02d6a470_0 .net *"_s78", 0 0, L_02da4648;  1 drivers
L_02d6c410 .functor BUFT 1, C4<1>, C4<0>, C4<0>, C4<0>;
v02d6aaa0_0 .net/2u *"_s8", 0 0, L_02d6c410;  1 drivers
L_02d6c730 .functor BUFT 1, C4<1>, C4<0>, C4<0>, C4<0>;
v02d6aaf8_0 .net/2u *"_s80", 0 0, L_02d6c730;  1 drivers
L_02d6c758 .functor BUFT 1, C4<0>, C4<0>, C4<0>, C4<0>;
v02d6a4c8_0 .net/2u *"_s82", 0 0, L_02d6c758;  1 drivers
v02d6a7e0_0 .net *"_s84", 0 0, L_02da49b8;  1 drivers
L_02d6c780 .functor BUFT 1, C4<0>, C4<0>, C4<0>, C4<0>;
v02d6a838_0 .net/2u *"_s86", 0 0, L_02d6c780;  1 drivers
v02d6a208_0 .net/2u *"_s90", 0 0, L_02d6c7a8;  1 drivers
v02d6a730_0 .net *"_s92", 0 0, L_02d26840;  1 drivers
L_02d6c7d0 .functor BUFT 1, C4<001000>, C4<0>, C4<0>, C4<0>;
v02d6a8e8_0 .net/2u *"_s94", 5 0, L_02d6c7d0;  1 drivers
v02d6a6d8_0 .net *"_s96", 0 0, L_02da4800;  1 drivers
L_02d6c7f8 .functor BUFT 1, C4<1>, C4<0>, C4<0>, C4<0>;
v02d6ab50_0 .net/2u *"_s98", 0 0, L_02d6c7f8;  1 drivers
v02d6aba8_0 .net "add", 0 0, L_02da43e0;  alias, 1 drivers
v02d6a3c0_0 .net "jr", 0 0, L_02da4960;  alias, 1 drivers
v02d6a628_0 .net "sll", 0 0, L_02da4a10;  alias, 1 drivers
v02d6a520_0 .net "sllv", 0 0, L_02da4b18;  alias, 1 drivers
v02d6a158_0 .net "slt", 0 0, L_02da4a68;  alias, 1 drivers
v02d6a578_0 .net "sub", 0 0, L_02da4dd8;  alias, 1 drivers
L_02da4bc8 .cmp/eq 6, o02d31fc4, L_02d6c3e8;
L_02da47a8 .functor MUXZ 1, L_02d6c438, L_02d6c410, L_02da4bc8, C4<>;
L_02da43e0 .functor MUXZ 1, L_02d6c460, L_02da47a8, L_02d26600, C4<>;
L_02da4388 .cmp/eq 6, o02d31fc4, L_02d6c4b0;
L_02da4ac0 .functor MUXZ 1, L_02d6c500, L_02d6c4d8, L_02da4388, C4<>;
L_02da4dd8 .functor MUXZ 1, L_02d6c528, L_02da4ac0, L_02d26648, C4<>;
L_02da4858 .cmp/eq 6, o02d31fc4, L_02d6c578;
L_02da4438 .functor MUXZ 1, L_02d6c5c8, L_02d6c5a0, L_02da4858, C4<>;
L_02da4a10 .functor MUXZ 1, L_02d6c5f0, L_02da4438, L_02d266d8, C4<>;
L_02da4598 .cmp/eq 6, o02d31fc4, L_02d6c640;
L_02da4908 .functor MUXZ 1, L_02d6c690, L_02d6c668, L_02da4598, C4<>;
L_02da4b18 .functor MUXZ 1, L_02d6c6b8, L_02da4908, L_02d26690, C4<>;
L_02da4648 .cmp/eq 6, o02d31fc4, L_02d6c708;
L_02da49b8 .functor MUXZ 1, L_02d6c758, L_02d6c730, L_02da4648, C4<>;
L_02da4a68 .functor MUXZ 1, L_02d6c780, L_02da49b8, L_02d26768, C4<>;
L_02da4800 .cmp/eq 6, o02d31fc4, L_02d6c7d0;
L_02da4b70 .functor MUXZ 1, L_02d6c820, L_02d6c7f8, L_02da4800, C4<>;
L_02da4960 .functor MUXZ 1, L_02d6c848, L_02da4b70, L_02d26840, C4<>;
# The file index is used to find the file name in the following table.
:file_names 6;
    "N/A";
    "<interactive>";
    "Controller.v";
    "./OrLogic.v";
    "./IJDecode.v";
    "./RDecode.v";
