#! c:/iverilog-x86/bin/vvp
:ivl_version "10.0 (stable)" "(v10_0)";
:ivl_delay_selection "TYPICAL";
:vpi_time_precision + 0;
:vpi_module "system";
:vpi_module "vhdl_sys";
:vpi_module "v2005_math";
:vpi_module "va_math";
S_00af9828 .scope module, "code" "code" 2 1;
 .timescale 0 0;
    .port_info 0 /INPUT 1 "Clk"
    .port_info 1 /INPUT 1 "Reset"
    .port_info 2 /INPUT 1 "Slt"
    .port_info 3 /INPUT 1 "En"
    .port_info 4 /OUTPUT 64 "Output0"
    .port_info 5 /OUTPUT 64 "Output1"
o00a23fec .functor BUFZ 1, C4<z>; HiZ drive
v00af3800_0 .net "Clk", 0 0, o00a23fec;  0 drivers
o00a24004 .functor BUFZ 1, C4<z>; HiZ drive
v00af3858_0 .net "En", 0 0, o00a24004;  0 drivers
v00af38b0_0 .var "Output0", 63 0;
v00af3908_0 .var "Output1", 63 0;
o00a2404c .functor BUFZ 1, C4<z>; HiZ drive
v00af3960_0 .net "Reset", 0 0, o00a2404c;  0 drivers
o00a24064 .functor BUFZ 1, C4<z>; HiZ drive
v00afd778_0 .net "Slt", 0 0, o00a24064;  0 drivers
v00afd7d0_0 .var "cnt", 1 0;
E_00af8950 .event posedge, v00af3800_0;
    .scope S_00af9828;
T_0 ;
    %wait E_00af8950;
    %load/vec4 v00af3960_0;
    %pad/u 32;
    %cmpi/e 1, 0, 32;
    %jmp/0xz  T_0.0, 4;
    %pushi/vec4 0, 0, 64;
    %assign/vec4 v00af38b0_0, 0;
    %pushi/vec4 0, 0, 64;
    %assign/vec4 v00af3908_0, 0;
    %pushi/vec4 0, 0, 2;
    %assign/vec4 v00afd7d0_0, 0;
    %jmp T_0.1;
T_0.0 ;
    %load/vec4 v00af3858_0;
    %pad/u 32;
    %cmpi/e 1, 0, 32;
    %jmp/0xz  T_0.2, 4;
    %load/vec4 v00afd778_0;
    %pad/u 32;
    %cmpi/e 0, 0, 32;
    %jmp/0xz  T_0.4, 4;
    %load/vec4 v00afd7d0_0;
    %assign/vec4 v00afd7d0_0, 0;
    %load/vec4 v00af38b0_0;
    %addi 1, 0, 64;
    %assign/vec4 v00af38b0_0, 0;
    %jmp T_0.5;
T_0.4 ;
    %load/vec4 v00afd7d0_0;
    %addi 1, 0, 2;
    %assign/vec4 v00afd7d0_0, 0;
    %load/vec4 v00afd7d0_0;
    %cmpi/e 3, 0, 2;
    %jmp/0xz  T_0.6, 4;
    %load/vec4 v00af3908_0;
    %addi 1, 0, 64;
    %assign/vec4 v00af3908_0, 0;
    %jmp T_0.7;
T_0.6 ;
    %load/vec4 v00af3908_0;
    %assign/vec4 v00af3908_0, 0;
T_0.7 ;
T_0.5 ;
    %jmp T_0.3;
T_0.2 ;
    %load/vec4 v00af38b0_0;
    %assign/vec4 v00af38b0_0, 0;
    %load/vec4 v00af3908_0;
    %assign/vec4 v00af3908_0, 0;
    %load/vec4 v00afd7d0_0;
    %assign/vec4 v00afd7d0_0, 0;
T_0.3 ;
T_0.1 ;
    %jmp T_0;
    .thread T_0;
# The file index is used to find the file name in the following table.
:file_names 3;
    "N/A";
    "<interactive>";
    "counter.v";
