#! c:/iverilog-x86/bin/vvp
:ivl_version "10.0 (stable)" "(v10_0)";
:ivl_delay_selection "TYPICAL";
:vpi_time_precision - 12;
:vpi_module "system";
:vpi_module "vhdl_sys";
:vpi_module "v2005_math";
:vpi_module "va_math";
S_01433800 .scope module, "tb_code" "tb_code" 2 3;
 .timescale -9 -12;
P_014392a0 .param/l "PERIOD" 0 2 6, +C4<00000000000000000000000000001010>;
v0143a060_0 .var "Clk", 0 0;
v0143a0b8_0 .var "En", 0 0;
v00a22bc8_0 .net "Output0", 63 0, v0143bef8_0;  1 drivers
v00a22c20_0 .net "Output1", 63 0, v0143bf50_0;  1 drivers
v00a22c78_0 .var "Reset", 0 0;
v00a22cd0_0 .var "Slt", 0 0;
S_014338d0 .scope module, "u_code" "code" 2 21, 3 1 0, S_01433800;
 .timescale -9 -12;
    .port_info 0 /INPUT 1 "Clk"
    .port_info 1 /INPUT 1 "Reset"
    .port_info 2 /INPUT 1 "Slt"
    .port_info 3 /INPUT 1 "En"
    .port_info 4 /OUTPUT 64 "Output0"
    .port_info 5 /OUTPUT 64 "Output1"
v01439f00_0 .net "Clk", 0 0, v0143a060_0;  1 drivers
v0143bea0_0 .net "En", 0 0, v0143a0b8_0;  1 drivers
v0143bef8_0 .var "Output0", 63 0;
v0143bf50_0 .var "Output1", 63 0;
v01439f58_0 .net "Reset", 0 0, v00a22c78_0;  1 drivers
v01439fb0_0 .net "Slt", 0 0, v00a22cd0_0;  1 drivers
v0143a008_0 .var "cnt", 1 0;
E_014391d8 .event posedge, v01439f00_0;
    .scope S_014338d0;
T_0 ;
    %wait E_014391d8;
    %load/vec4 v01439f58_0;
    %pad/u 32;
    %cmpi/e 1, 0, 32;
    %jmp/0xz  T_0.0, 4;
    %pushi/vec4 0, 0, 64;
    %assign/vec4 v0143bef8_0, 0;
    %pushi/vec4 0, 0, 64;
    %assign/vec4 v0143bf50_0, 0;
    %pushi/vec4 0, 0, 2;
    %assign/vec4 v0143a008_0, 0;
    %jmp T_0.1;
T_0.0 ;
    %load/vec4 v0143bea0_0;
    %pad/u 32;
    %cmpi/e 1, 0, 32;
    %jmp/0xz  T_0.2, 4;
    %load/vec4 v01439fb0_0;
    %pad/u 32;
    %cmpi/e 0, 0, 32;
    %jmp/0xz  T_0.4, 4;
    %load/vec4 v0143a008_0;
    %assign/vec4 v0143a008_0, 0;
    %load/vec4 v0143bef8_0;
    %addi 1, 0, 64;
    %assign/vec4 v0143bef8_0, 0;
    %jmp T_0.5;
T_0.4 ;
    %load/vec4 v0143a008_0;
    %addi 1, 0, 2;
    %assign/vec4 v0143a008_0, 0;
    %load/vec4 v0143a008_0;
    %cmpi/e 3, 0, 2;
    %jmp/0xz  T_0.6, 4;
    %load/vec4 v0143bf50_0;
    %addi 1, 0, 64;
    %assign/vec4 v0143bf50_0, 0;
    %jmp T_0.7;
T_0.6 ;
    %load/vec4 v0143bf50_0;
    %assign/vec4 v0143bf50_0, 0;
T_0.7 ;
T_0.5 ;
    %jmp T_0.3;
T_0.2 ;
    %load/vec4 v0143bef8_0;
    %assign/vec4 v0143bef8_0, 0;
    %load/vec4 v0143bf50_0;
    %assign/vec4 v0143bf50_0, 0;
    %load/vec4 v0143a008_0;
    %assign/vec4 v0143a008_0, 0;
T_0.3 ;
T_0.1 ;
    %jmp T_0;
    .thread T_0;
    .scope S_01433800;
T_1 ;
    %pushi/vec4 0, 0, 1;
    %store/vec4 v0143a060_0, 0, 1;
    %end;
    .thread T_1;
    .scope S_01433800;
T_2 ;
    %pushi/vec4 0, 0, 1;
    %store/vec4 v00a22c78_0, 0, 1;
    %end;
    .thread T_2;
    .scope S_01433800;
T_3 ;
    %pushi/vec4 0, 0, 1;
    %store/vec4 v00a22cd0_0, 0, 1;
    %end;
    .thread T_3;
    .scope S_01433800;
T_4 ;
    %pushi/vec4 0, 0, 1;
    %store/vec4 v0143a0b8_0, 0, 1;
    %end;
    .thread T_4;
    .scope S_01433800;
T_5 ;
    %delay 5000, 0;
    %load/vec4 v0143a060_0;
    %inv;
    %store/vec4 v0143a060_0, 0, 1;
    %jmp T_5;
    .thread T_5;
    .scope S_01433800;
T_6 ;
    %vpi_call 2 33 "$dumpfile", "counter.vcd" {0 0 0};
    %vpi_call 2 34 "$dumpvars" {0 0 0};
    %pushi/vec4 1, 0, 1;
    %store/vec4 v00a22c78_0, 0, 1;
    %delay 10000, 0;
    %pushi/vec4 0, 0, 1;
    %store/vec4 v00a22c78_0, 0, 1;
    %pushi/vec4 1, 0, 1;
    %store/vec4 v0143a0b8_0, 0, 1;
    %delay 10000, 0;
    %pushi/vec4 0, 0, 1;
    %store/vec4 v00a22cd0_0, 0, 1;
    %delay 10000, 0;
    %pushi/vec4 1, 0, 1;
    %store/vec4 v00a22cd0_0, 0, 1;
    %delay 10000, 0;
    %pushi/vec4 1, 0, 1;
    %store/vec4 v00a22cd0_0, 0, 1;
    %delay 10000, 0;
    %pushi/vec4 0, 0, 1;
    %store/vec4 v00a22cd0_0, 0, 1;
    %delay 10000, 0;
    %pushi/vec4 1, 0, 1;
    %store/vec4 v00a22cd0_0, 0, 1;
    %delay 10000, 0;
    %pushi/vec4 0, 0, 1;
    %store/vec4 v00a22cd0_0, 0, 1;
    %delay 10000, 0;
    %pushi/vec4 1, 0, 1;
    %store/vec4 v00a22cd0_0, 0, 1;
    %delay 10000, 0;
    %pushi/vec4 1, 0, 1;
    %store/vec4 v00a22cd0_0, 0, 1;
    %delay 10000, 0;
    %pushi/vec4 0, 0, 1;
    %store/vec4 v00a22cd0_0, 0, 1;
    %delay 10000, 0;
    %pushi/vec4 1, 0, 1;
    %store/vec4 v00a22cd0_0, 0, 1;
    %delay 10000, 0;
    %pushi/vec4 1, 0, 1;
    %store/vec4 v00a22c78_0, 0, 1;
    %delay 10000, 0;
    %vpi_call 2 62 "$finish" {0 0 0};
    %end;
    .thread T_6;
# The file index is used to find the file name in the following table.
:file_names 4;
    "N/A";
    "<interactive>";
    "counter_tb.v";
    "./counter.v";
