#! c:/iverilog-x86/bin/vvp
:ivl_version "10.0 (stable)" "(v10_0)";
:ivl_delay_selection "TYPICAL";
:vpi_time_precision + 0;
:vpi_module "system";
:vpi_module "vhdl_sys";
:vpi_module "v2005_math";
:vpi_module "va_math";
S_01363888 .scope module, "id_fsm" "id_fsm" 2 1;
 .timescale 0 0;
    .port_info 0 /INPUT 8 "char"
    .port_info 1 /INPUT 1 "clk"
    .port_info 2 /OUTPUT 1 "out"
o029b3fac .functor BUFZ 8, C4<zzzzzzzz>; HiZ drive
v01363958_0 .net "char", 7 0, o029b3fac;  0 drivers
o029b3fc4 .functor BUFZ 1, C4<z>; HiZ drive
v0136d8a8_0 .net "clk", 0 0, o029b3fc4;  0 drivers
v0136d900_0 .var/i "i", 31 0;
v0136d958 .array "id", 0 1023, 7 0;
v0136d9b0_0 .var/i "j", 31 0;
v0136da08_0 .var "out", 0 0;
E_013692e0 .event posedge, v0136d8a8_0;
    .scope S_01363888;
T_0 ;
    %pushi/vec4 0, 0, 32;
    %store/vec4 v0136d900_0, 0, 32;
    %end;
    .thread T_0;
    .scope S_01363888;
T_1 ;
    %wait E_013692e0;
    %load/vec4 v01363958_0;
    %ix/getv/s 3, v0136d900_0;
    %ix/load 4, 0, 0; Constant delay
    %assign/vec4/a/d v0136d958, 0, 4;
    %load/vec4 v0136da08_0;
    %cmpi/e 1, 0, 1;
    %jmp/0xz  T_1.0, 4;
    %pushi/vec4 48, 0, 8; draw_string_vec4
    %load/vec4 v01363958_0;
    %cmp/u;
    %flag_get/vec4 4;
    %flag_get/vec4 5;
    %or;
    %load/vec4 v01363958_0;
    %pushi/vec4 57, 0, 8; draw_string_vec4
    %cmp/u;
    %flag_get/vec4 4;
    %flag_get/vec4 5;
    %or;
    %and;
    %flag_set/vec4 8;
    %jmp/0xz  T_1.2, 8;
    %pushi/vec4 1, 0, 1;
    %assign/vec4 v0136da08_0, 0;
    %jmp T_1.3;
T_1.2 ;
    %pushi/vec4 0, 0, 1;
    %assign/vec4 v0136da08_0, 0;
T_1.3 ;
    %jmp T_1.1;
T_1.0 ;
    %pushi/vec4 48, 0, 8; draw_string_vec4
    %load/vec4 v01363958_0;
    %cmp/u;
    %flag_get/vec4 4;
    %flag_get/vec4 5;
    %or;
    %load/vec4 v01363958_0;
    %pushi/vec4 57, 0, 8; draw_string_vec4
    %cmp/u;
    %flag_get/vec4 4;
    %flag_get/vec4 5;
    %or;
    %and;
    %flag_set/vec4 8;
    %jmp/0xz  T_1.4, 8;
    %load/vec4 v0136d900_0;
    %subi 1, 0, 32;
    %store/vec4 v0136d9b0_0, 0, 32;
T_1.6 ;
    %load/vec4 v0136d9b0_0;
    %pushi/vec4 4294967295, 0, 32;
    %cmp/e;
    %flag_get/vec4 4;
    %inv;
    %pushi/vec4 48, 0, 8; draw_string_vec4
    %ix/getv/s 4, v0136d9b0_0;
    %load/vec4a v0136d958, 4;
    %cmp/u;
    %flag_get/vec4 4;
    %flag_get/vec4 5;
    %or;
    %and;
    %ix/getv/s 4, v0136d9b0_0;
    %load/vec4a v0136d958, 4;
    %pushi/vec4 57, 0, 8; draw_string_vec4
    %cmp/u;
    %flag_get/vec4 4;
    %flag_get/vec4 5;
    %or;
    %and;
    %flag_set/vec4 8;
    %jmp/0xz T_1.7, 8;
    %load/vec4 v0136d9b0_0;
    %subi 1, 0, 32;
    %store/vec4 v0136d9b0_0, 0, 32;
    %jmp T_1.6;
T_1.7 ;
    %load/vec4 v0136d9b0_0;
    %cmpi/e 4294967295, 0, 32;
    %jmp/0xz  T_1.8, 4;
    %pushi/vec4 0, 0, 1;
    %assign/vec4 v0136da08_0, 0;
    %jmp T_1.9;
T_1.8 ;
    %pushi/vec4 97, 0, 8; draw_string_vec4
    %ix/getv/s 4, v0136d9b0_0;
    %load/vec4a v0136d958, 4;
    %cmp/u;
    %flag_get/vec4 4;
    %flag_get/vec4 5;
    %or;
    %ix/getv/s 4, v0136d9b0_0;
    %load/vec4a v0136d958, 4;
    %pushi/vec4 122, 0, 8; draw_string_vec4
    %cmp/u;
    %flag_get/vec4 4;
    %flag_get/vec4 5;
    %or;
    %and;
    %flag_set/vec4 8;
    %pushi/vec4 65, 0, 8; draw_string_vec4
    %ix/getv/s 4, v0136d9b0_0;
    %load/vec4a v0136d958, 4;
    %cmp/u;
    %flag_get/vec4 4;
    %flag_get/vec4 5;
    %or;
    %ix/getv/s 4, v0136d9b0_0;
    %load/vec4a v0136d958, 4;
    %pushi/vec4 90, 0, 8; draw_string_vec4
    %cmp/u;
    %flag_get/vec4 4;
    %flag_get/vec4 5;
    %or;
    %and;
    %flag_set/vec4 9;
    %flag_or 9, 8;
    %jmp/0xz  T_1.10, 9;
    %pushi/vec4 1, 0, 1;
    %assign/vec4 v0136da08_0, 0;
    %jmp T_1.11;
T_1.10 ;
    %pushi/vec4 0, 0, 1;
    %assign/vec4 v0136da08_0, 0;
T_1.11 ;
T_1.9 ;
    %jmp T_1.5;
T_1.4 ;
    %pushi/vec4 0, 0, 1;
    %assign/vec4 v0136da08_0, 0;
T_1.5 ;
T_1.1 ;
    %load/vec4 v0136d900_0;
    %addi 1, 0, 32;
    %store/vec4 v0136d900_0, 0, 32;
    %jmp T_1;
    .thread T_1;
# The file index is used to find the file name in the following table.
:file_names 3;
    "N/A";
    "<interactive>";
    "id_fsm.v";
