#! c:/iverilog-x86/bin/vvp
:ivl_version "10.0 (stable)" "(v10_0)";
:ivl_delay_selection "TYPICAL";
:vpi_time_precision - 12;
:vpi_module "system";
:vpi_module "vhdl_sys";
:vpi_module "v2005_math";
:vpi_module "va_math";
S_012aaba8 .scope module, "tb_id_fsm" "tb_id_fsm" 2 3;
 .timescale -9 -12;
P_012ab4e8 .param/l "PERIOD" 0 2 6, +C4<00000000000000000000000000001010>;
v012a3908_0 .var "char", 7 0;
v012a3960_0 .var "clk", 0 0;
v02a83a48_0 .net "out", 0 0, v012a38b0_0;  1 drivers
S_012aa918 .scope module, "u_id_fsm" "id_fsm" 2 17, 3 1 0, S_012aaba8;
 .timescale -9 -12;
    .port_info 0 /INPUT 8 "char"
    .port_info 1 /INPUT 1 "clk"
    .port_info 2 /OUTPUT 1 "out"
v012aa9e8_0 .net "char", 7 0, v012a3908_0;  1 drivers
v012a9888_0 .net "clk", 0 0, v012a3960_0;  1 drivers
v012aef40_0 .var/i "i", 31 0;
v012a3800 .array "id", 0 1023, 7 0;
v012a3858_0 .var/i "j", 31 0;
v012a38b0_0 .var "out", 0 0;
E_012ab510 .event posedge, v012a9888_0;
    .scope S_012aa918;
T_0 ;
    %pushi/vec4 0, 0, 32;
    %store/vec4 v012aef40_0, 0, 32;
    %end;
    .thread T_0;
    .scope S_012aa918;
T_1 ;
    %wait E_012ab510;
    %load/vec4 v012aa9e8_0;
    %ix/getv/s 3, v012aef40_0;
    %ix/load 4, 0, 0; Constant delay
    %assign/vec4/a/d v012a3800, 0, 4;
    %load/vec4 v012a38b0_0;
    %cmpi/e 1, 0, 1;
    %jmp/0xz  T_1.0, 4;
    %pushi/vec4 48, 0, 8; draw_string_vec4
    %load/vec4 v012aa9e8_0;
    %cmp/u;
    %flag_get/vec4 4;
    %flag_get/vec4 5;
    %or;
    %load/vec4 v012aa9e8_0;
    %pushi/vec4 57, 0, 8; draw_string_vec4
    %cmp/u;
    %flag_get/vec4 4;
    %flag_get/vec4 5;
    %or;
    %and;
    %flag_set/vec4 8;
    %jmp/0xz  T_1.2, 8;
    %pushi/vec4 1, 0, 1;
    %assign/vec4 v012a38b0_0, 0;
    %jmp T_1.3;
T_1.2 ;
    %pushi/vec4 0, 0, 1;
    %assign/vec4 v012a38b0_0, 0;
T_1.3 ;
    %jmp T_1.1;
T_1.0 ;
    %pushi/vec4 48, 0, 8; draw_string_vec4
    %load/vec4 v012aa9e8_0;
    %cmp/u;
    %flag_get/vec4 4;
    %flag_get/vec4 5;
    %or;
    %load/vec4 v012aa9e8_0;
    %pushi/vec4 57, 0, 8; draw_string_vec4
    %cmp/u;
    %flag_get/vec4 4;
    %flag_get/vec4 5;
    %or;
    %and;
    %flag_set/vec4 8;
    %jmp/0xz  T_1.4, 8;
    %load/vec4 v012aef40_0;
    %subi 1, 0, 32;
    %store/vec4 v012a3858_0, 0, 32;
T_1.6 ;
    %load/vec4 v012a3858_0;
    %pushi/vec4 4294967295, 0, 32;
    %cmp/e;
    %flag_get/vec4 4;
    %inv;
    %pushi/vec4 48, 0, 8; draw_string_vec4
    %ix/getv/s 4, v012a3858_0;
    %load/vec4a v012a3800, 4;
    %cmp/u;
    %flag_get/vec4 4;
    %flag_get/vec4 5;
    %or;
    %and;
    %ix/getv/s 4, v012a3858_0;
    %load/vec4a v012a3800, 4;
    %pushi/vec4 57, 0, 8; draw_string_vec4
    %cmp/u;
    %flag_get/vec4 4;
    %flag_get/vec4 5;
    %or;
    %and;
    %flag_set/vec4 8;
    %jmp/0xz T_1.7, 8;
    %load/vec4 v012a3858_0;
    %subi 1, 0, 32;
    %store/vec4 v012a3858_0, 0, 32;
    %jmp T_1.6;
T_1.7 ;
    %load/vec4 v012a3858_0;
    %cmpi/e 4294967295, 0, 32;
    %jmp/0xz  T_1.8, 4;
    %pushi/vec4 0, 0, 1;
    %assign/vec4 v012a38b0_0, 0;
    %jmp T_1.9;
T_1.8 ;
    %pushi/vec4 97, 0, 8; draw_string_vec4
    %ix/getv/s 4, v012a3858_0;
    %load/vec4a v012a3800, 4;
    %cmp/u;
    %flag_get/vec4 4;
    %flag_get/vec4 5;
    %or;
    %ix/getv/s 4, v012a3858_0;
    %load/vec4a v012a3800, 4;
    %pushi/vec4 122, 0, 8; draw_string_vec4
    %cmp/u;
    %flag_get/vec4 4;
    %flag_get/vec4 5;
    %or;
    %and;
    %flag_set/vec4 8;
    %pushi/vec4 65, 0, 8; draw_string_vec4
    %ix/getv/s 4, v012a3858_0;
    %load/vec4a v012a3800, 4;
    %cmp/u;
    %flag_get/vec4 4;
    %flag_get/vec4 5;
    %or;
    %ix/getv/s 4, v012a3858_0;
    %load/vec4a v012a3800, 4;
    %pushi/vec4 90, 0, 8; draw_string_vec4
    %cmp/u;
    %flag_get/vec4 4;
    %flag_get/vec4 5;
    %or;
    %and;
    %flag_set/vec4 9;
    %flag_or 9, 8;
    %jmp/0xz  T_1.10, 9;
    %pushi/vec4 1, 0, 1;
    %assign/vec4 v012a38b0_0, 0;
    %jmp T_1.11;
T_1.10 ;
    %pushi/vec4 0, 0, 1;
    %assign/vec4 v012a38b0_0, 0;
T_1.11 ;
T_1.9 ;
    %jmp T_1.5;
T_1.4 ;
    %pushi/vec4 0, 0, 1;
    %assign/vec4 v012a38b0_0, 0;
T_1.5 ;
T_1.1 ;
    %load/vec4 v012aef40_0;
    %addi 1, 0, 32;
    %store/vec4 v012aef40_0, 0, 32;
    %jmp T_1;
    .thread T_1;
    .scope S_012aaba8;
T_2 ;
    %pushi/vec4 0, 0, 8;
    %store/vec4 v012a3908_0, 0, 8;
    %end;
    .thread T_2;
    .scope S_012aaba8;
T_3 ;
    %pushi/vec4 0, 0, 1;
    %store/vec4 v012a3960_0, 0, 1;
    %end;
    .thread T_3;
    .scope S_012aaba8;
T_4 ;
    %delay 5000, 0;
    %load/vec4 v012a3960_0;
    %inv;
    %store/vec4 v012a3960_0, 0, 1;
    %jmp T_4;
    .thread T_4;
    .scope S_012aaba8;
T_5 ;
    %vpi_call 2 26 "$dumpfile", "id_fsm.vcd" {0 0 0};
    %vpi_call 2 27 "$dumpvars" {0 0 0};
    %delay 10000, 0;
    %pushi/vec4 49, 0, 8; draw_string_vec4
    %store/vec4 v012a3908_0, 0, 8;
    %delay 10000, 0;
    %pushi/vec4 50, 0, 8; draw_string_vec4
    %store/vec4 v012a3908_0, 0, 8;
    %delay 10000, 0;
    %pushi/vec4 99, 0, 8;
    %store/vec4 v012a3908_0, 0, 8;
    %delay 10000, 0;
    %pushi/vec4 100, 0, 8;
    %store/vec4 v012a3908_0, 0, 8;
    %delay 10000, 0;
    %pushi/vec4 49, 0, 8;
    %store/vec4 v012a3908_0, 0, 8;
    %delay 10000, 0;
    %pushi/vec4 50, 0, 8;
    %store/vec4 v012a3908_0, 0, 8;
    %delay 10000, 0;
    %pushi/vec4 51, 0, 8;
    %store/vec4 v012a3908_0, 0, 8;
    %delay 10000, 0;
    %pushi/vec4 58, 0, 8;
    %store/vec4 v012a3908_0, 0, 8;
    %delay 10000, 0;
    %vpi_call 2 45 "$finish" {0 0 0};
    %end;
    .thread T_5;
# The file index is used to find the file name in the following table.
:file_names 4;
    "N/A";
    "<interactive>";
    "id_fsm_tb.v";
    "./id_fsm.v";
